Calling target program-options parser
[15:53:54.420] [bmv2] [D] [thread 608852] Set default default entry for table 'MyIngress.ipv4_lpm': MyIngress.drop - 
Adding interface s1-eth1 as port 1
[15:53:54.422] [bmv2] [D] [thread 608852] Adding interface s1-eth1 as port 1
Adding interface s1-eth2 as port 2
[15:53:54.467] [bmv2] [D] [thread 608852] Adding interface s1-eth2 as port 2
Adding interface s1-eth3 as port 3
[15:53:54.494] [bmv2] [D] [thread 608852] Adding interface s1-eth3 as port 3
Server listening on 0.0.0.0:50051
[15:53:54.529] [bmv2] [I] [thread 608852] Starting Thrift server on port 9090
[15:53:54.530] [bmv2] [I] [thread 608852] Thrift server was started
[15:53:54.789] [bmv2] [D] [thread 608862] [0.0] [cxt 0] Processing packet received on port 3
[15:53:54.790] [bmv2] [D] [thread 608862] [0.0] [cxt 0] Parser 'parser': start
[15:53:54.790] [bmv2] [D] [thread 608862] [0.0] [cxt 0] Parser 'parser' entering state 'start'
[15:53:54.790] [bmv2] [D] [thread 608862] [0.0] [cxt 0] Extracting header 'ethernet'
[15:53:54.790] [bmv2] [D] [thread 608862] [0.0] [cxt 0] Parser state 'start': key is 86dd
[15:53:54.790] [bmv2] [T] [thread 608862] [0.0] [cxt 0] Bytes parsed: 14
[15:53:54.790] [bmv2] [D] [thread 608862] [0.0] [cxt 0] Parser 'parser': end
[15:53:54.790] [bmv2] [D] [thread 608862] [0.0] [cxt 0] Pipeline 'ingress': start
[15:53:54.790] [bmv2] [T] [thread 608862] [0.0] [cxt 0] basic_tunnel.p4(134) Condition "hdr.ipv4.isValid()" (node_2) is false
[15:53:54.790] [bmv2] [D] [thread 608862] [0.0] [cxt 0] Pipeline 'ingress': end
[15:53:54.790] [bmv2] [D] [thread 608862] [0.0] [cxt 0] Egress port is 0
[15:53:54.790] [bmv2] [D] [thread 608862] [1.0] [cxt 0] Processing packet received on port 1
[15:53:54.790] [bmv2] [D] [thread 608862] [1.0] [cxt 0] Parser 'parser': start
[15:53:54.790] [bmv2] [D] [thread 608862] [1.0] [cxt 0] Parser 'parser' entering state 'start'
[15:53:54.790] [bmv2] [D] [thread 608862] [1.0] [cxt 0] Extracting header 'ethernet'
[15:53:54.790] [bmv2] [D] [thread 608863] [0.0] [cxt 0] Pipeline 'egress': start
[15:53:54.790] [bmv2] [D] [thread 608862] [1.0] [cxt 0] Parser state 'start': key is 86dd
[15:53:54.790] [bmv2] [D] [thread 608863] [0.0] [cxt 0] Pipeline 'egress': end
[15:53:54.790] [bmv2] [T] [thread 608862] [1.0] [cxt 0] Bytes parsed: 14
[15:53:54.791] [bmv2] [D] [thread 608863] [0.0] [cxt 0] Deparser 'deparser': start
[15:53:54.791] [bmv2] [D] [thread 608862] [1.0] [cxt 0] Parser 'parser': end
[15:53:54.791] [bmv2] [T] [thread 608863] [0.0] [cxt 0] Skipping checksum 'cksum' update because condition not met
[15:53:54.791] [bmv2] [D] [thread 608862] [1.0] [cxt 0] Pipeline 'ingress': start
[15:53:54.791] [bmv2] [D] [thread 608863] [0.0] [cxt 0] Deparsing header 'ethernet'
[15:53:54.791] [bmv2] [T] [thread 608862] [1.0] [cxt 0] basic_tunnel.p4(134) Condition "hdr.ipv4.isValid()" (node_2) is false
[15:53:54.791] [bmv2] [D] [thread 608863] [0.0] [cxt 0] Deparser 'deparser': end
[15:53:54.791] [bmv2] [D] [thread 608862] [1.0] [cxt 0] Pipeline 'ingress': end
[15:53:54.791] [bmv2] [D] [thread 608862] [1.0] [cxt 0] Egress port is 0
[15:53:54.791] [bmv2] [D] [thread 608862] [2.0] [cxt 0] Processing packet received on port 2
[15:53:54.791] [bmv2] [D] [thread 608862] [2.0] [cxt 0] Parser 'parser': start
[15:53:54.791] [bmv2] [D] [thread 608863] [1.0] [cxt 0] Pipeline 'egress': start
[15:53:54.791] [bmv2] [D] [thread 608867] [0.0] [cxt 0] Transmitting packet of size 86 out of port 0
[15:53:54.791] [bmv2] [D] [thread 608863] [1.0] [cxt 0] Pipeline 'egress': end
[15:53:54.791] [bmv2] [D] [thread 608862] [2.0] [cxt 0] Parser 'parser' entering state 'start'
[15:53:54.791] [bmv2] [D] [thread 608863] [1.0] [cxt 0] Deparser 'deparser': start
[15:53:54.791] [bmv2] [D] [thread 608862] [2.0] [cxt 0] Extracting header 'ethernet'
[15:53:54.791] [bmv2] [T] [thread 608863] [1.0] [cxt 0] Skipping checksum 'cksum' update because condition not met
[15:53:54.791] [bmv2] [D] [thread 608863] [1.0] [cxt 0] Deparsing header 'ethernet'
[15:53:54.791] [bmv2] [D] [thread 608862] [2.0] [cxt 0] Parser state 'start': key is 86dd
[15:53:54.791] [bmv2] [D] [thread 608863] [1.0] [cxt 0] Deparser 'deparser': end
[15:53:54.791] [bmv2] [T] [thread 608862] [2.0] [cxt 0] Bytes parsed: 14
[15:53:54.791] [bmv2] [D] [thread 608862] [2.0] [cxt 0] Parser 'parser': end
[15:53:54.791] [bmv2] [D] [thread 608862] [2.0] [cxt 0] Pipeline 'ingress': start
[15:53:54.791] [bmv2] [D] [thread 608867] [1.0] [cxt 0] Transmitting packet of size 90 out of port 0
[15:53:54.792] [bmv2] [T] [thread 608862] [2.0] [cxt 0] basic_tunnel.p4(134) Condition "hdr.ipv4.isValid()" (node_2) is false
[15:53:54.792] [bmv2] [D] [thread 608862] [2.0] [cxt 0] Pipeline 'ingress': end
[15:53:54.792] [bmv2] [D] [thread 608862] [2.0] [cxt 0] Egress port is 0
[15:53:54.792] [bmv2] [D] [thread 608862] [3.0] [cxt 0] Processing packet received on port 3
[15:53:54.792] [bmv2] [D] [thread 608862] [3.0] [cxt 0] Parser 'parser': start
[15:53:54.792] [bmv2] [D] [thread 608863] [2.0] [cxt 0] Pipeline 'egress': start
[15:53:54.792] [bmv2] [D] [thread 608862] [3.0] [cxt 0] Parser 'parser' entering state 'start'
[15:53:54.792] [bmv2] [D] [thread 608863] [2.0] [cxt 0] Pipeline 'egress': end
[15:53:54.792] [bmv2] [D] [thread 608862] [3.0] [cxt 0] Extracting header 'ethernet'
[15:53:54.792] [bmv2] [D] [thread 608863] [2.0] [cxt 0] Deparser 'deparser': start
[15:53:54.792] [bmv2] [D] [thread 608862] [3.0] [cxt 0] Parser state 'start': key is 86dd
[15:53:54.792] [bmv2] [T] [thread 608863] [2.0] [cxt 0] Skipping checksum 'cksum' update because condition not met
[15:53:54.792] [bmv2] [T] [thread 608862] [3.0] [cxt 0] Bytes parsed: 14
[15:53:54.792] [bmv2] [D] [thread 608863] [2.0] [cxt 0] Deparsing header 'ethernet'
[15:53:54.792] [bmv2] [D] [thread 608862] [3.0] [cxt 0] Parser 'parser': end
[15:53:54.792] [bmv2] [D] [thread 608863] [2.0] [cxt 0] Deparser 'deparser': end
[15:53:54.792] [bmv2] [D] [thread 608862] [3.0] [cxt 0] Pipeline 'ingress': start
[15:53:54.792] [bmv2] [T] [thread 608862] [3.0] [cxt 0] basic_tunnel.p4(134) Condition "hdr.ipv4.isValid()" (node_2) is false
[15:53:54.792] [bmv2] [D] [thread 608862] [3.0] [cxt 0] Pipeline 'ingress': end
[15:53:54.792] [bmv2] [D] [thread 608867] [2.0] [cxt 0] Transmitting packet of size 86 out of port 0
[15:53:54.792] [bmv2] [D] [thread 608862] [3.0] [cxt 0] Egress port is 0
[15:53:54.793] [bmv2] [D] [thread 608863] [3.0] [cxt 0] Pipeline 'egress': start
[15:53:54.793] [bmv2] [D] [thread 608863] [3.0] [cxt 0] Pipeline 'egress': end
[15:53:54.793] [bmv2] [D] [thread 608863] [3.0] [cxt 0] Deparser 'deparser': start
[15:53:54.793] [bmv2] [T] [thread 608863] [3.0] [cxt 0] Skipping checksum 'cksum' update because condition not met
[15:53:54.793] [bmv2] [D] [thread 608863] [3.0] [cxt 0] Deparsing header 'ethernet'
[15:53:54.793] [bmv2] [D] [thread 608863] [3.0] [cxt 0] Deparser 'deparser': end
[15:53:54.793] [bmv2] [D] [thread 608867] [3.0] [cxt 0] Transmitting packet of size 90 out of port 0
[15:53:54.966] [bmv2] [D] [thread 608862] [4.0] [cxt 0] Processing packet received on port 2
[15:53:54.966] [bmv2] [D] [thread 608862] [4.0] [cxt 0] Parser 'parser': start
[15:53:54.966] [bmv2] [D] [thread 608862] [4.0] [cxt 0] Parser 'parser' entering state 'start'
[15:53:54.966] [bmv2] [D] [thread 608862] [4.0] [cxt 0] Extracting header 'ethernet'
[15:53:54.966] [bmv2] [D] [thread 608862] [4.0] [cxt 0] Parser state 'start': key is 86dd
[15:53:54.966] [bmv2] [T] [thread 608862] [4.0] [cxt 0] Bytes parsed: 14
[15:53:54.966] [bmv2] [D] [thread 608862] [4.0] [cxt 0] Parser 'parser': end
[15:53:54.966] [bmv2] [D] [thread 608862] [4.0] [cxt 0] Pipeline 'ingress': start
[15:53:54.966] [bmv2] [T] [thread 608862] [4.0] [cxt 0] basic_tunnel.p4(134) Condition "hdr.ipv4.isValid()" (node_2) is false
[15:53:54.966] [bmv2] [D] [thread 608862] [4.0] [cxt 0] Pipeline 'ingress': end
[15:53:54.966] [bmv2] [D] [thread 608862] [4.0] [cxt 0] Egress port is 0
[15:53:54.966] [bmv2] [D] [thread 608863] [4.0] [cxt 0] Pipeline 'egress': start
[15:53:54.966] [bmv2] [D] [thread 608863] [4.0] [cxt 0] Pipeline 'egress': end
[15:53:54.966] [bmv2] [D] [thread 608863] [4.0] [cxt 0] Deparser 'deparser': start
[15:53:54.966] [bmv2] [T] [thread 608863] [4.0] [cxt 0] Skipping checksum 'cksum' update because condition not met
[15:53:54.966] [bmv2] [D] [thread 608863] [4.0] [cxt 0] Deparsing header 'ethernet'
[15:53:54.966] [bmv2] [D] [thread 608863] [4.0] [cxt 0] Deparser 'deparser': end
[15:53:54.966] [bmv2] [D] [thread 608867] [4.0] [cxt 0] Transmitting packet of size 86 out of port 0
[15:53:55.448] [bmv2] [D] [thread 608862] [5.0] [cxt 0] Processing packet received on port 3
[15:53:55.448] [bmv2] [D] [thread 608862] [5.0] [cxt 0] Parser 'parser': start
[15:53:55.448] [bmv2] [D] [thread 608862] [5.0] [cxt 0] Parser 'parser' entering state 'start'
[15:53:55.448] [bmv2] [D] [thread 608862] [5.0] [cxt 0] Extracting header 'ethernet'
[15:53:55.448] [bmv2] [D] [thread 608862] [5.0] [cxt 0] Parser state 'start': key is 86dd
[15:53:55.448] [bmv2] [T] [thread 608862] [5.0] [cxt 0] Bytes parsed: 14
[15:53:55.448] [bmv2] [D] [thread 608862] [5.0] [cxt 0] Parser 'parser': end
[15:53:55.448] [bmv2] [D] [thread 608862] [5.0] [cxt 0] Pipeline 'ingress': start
[15:53:55.449] [bmv2] [T] [thread 608862] [5.0] [cxt 0] basic_tunnel.p4(134) Condition "hdr.ipv4.isValid()" (node_2) is false
[15:53:55.449] [bmv2] [D] [thread 608862] [5.0] [cxt 0] Pipeline 'ingress': end
[15:53:55.449] [bmv2] [D] [thread 608862] [5.0] [cxt 0] Egress port is 0
[15:53:55.449] [bmv2] [D] [thread 608862] [6.0] [cxt 0] Processing packet received on port 3
[15:53:55.449] [bmv2] [D] [thread 608862] [6.0] [cxt 0] Parser 'parser': start
[15:53:55.449] [bmv2] [D] [thread 608862] [6.0] [cxt 0] Parser 'parser' entering state 'start'
[15:53:55.449] [bmv2] [D] [thread 608862] [6.0] [cxt 0] Extracting header 'ethernet'
[15:53:55.449] [bmv2] [D] [thread 608862] [6.0] [cxt 0] Parser state 'start': key is 86dd
[15:53:55.449] [bmv2] [T] [thread 608862] [6.0] [cxt 0] Bytes parsed: 14
[15:53:55.449] [bmv2] [D] [thread 608862] [6.0] [cxt 0] Parser 'parser': end
[15:53:55.449] [bmv2] [D] [thread 608862] [6.0] [cxt 0] Pipeline 'ingress': start
[15:53:55.449] [bmv2] [T] [thread 608862] [6.0] [cxt 0] basic_tunnel.p4(134) Condition "hdr.ipv4.isValid()" (node_2) is false
[15:53:55.449] [bmv2] [D] [thread 608862] [6.0] [cxt 0] Pipeline 'ingress': end
[15:53:55.450] [bmv2] [D] [thread 608862] [6.0] [cxt 0] Egress port is 0
[15:53:55.450] [bmv2] [D] [thread 608863] [5.0] [cxt 0] Pipeline 'egress': start
[15:53:55.450] [bmv2] [D] [thread 608863] [5.0] [cxt 0] Pipeline 'egress': end
[15:53:55.450] [bmv2] [D] [thread 608863] [5.0] [cxt 0] Deparser 'deparser': start
[15:53:55.450] [bmv2] [T] [thread 608863] [5.0] [cxt 0] Skipping checksum 'cksum' update because condition not met
[15:53:55.450] [bmv2] [D] [thread 608863] [5.0] [cxt 0] Deparsing header 'ethernet'
[15:53:55.450] [bmv2] [D] [thread 608863] [5.0] [cxt 0] Deparser 'deparser': end
[15:53:55.450] [bmv2] [D] [thread 608867] [5.0] [cxt 0] Transmitting packet of size 90 out of port 0
[15:53:55.450] [bmv2] [D] [thread 608863] [6.0] [cxt 0] Pipeline 'egress': start
[15:53:55.450] [bmv2] [D] [thread 608863] [6.0] [cxt 0] Pipeline 'egress': end
[15:53:55.451] [bmv2] [D] [thread 608863] [6.0] [cxt 0] Deparser 'deparser': start
[15:53:55.451] [bmv2] [T] [thread 608863] [6.0] [cxt 0] Skipping checksum 'cksum' update because condition not met
[15:53:55.451] [bmv2] [D] [thread 608863] [6.0] [cxt 0] Deparsing header 'ethernet'
[15:53:55.451] [bmv2] [D] [thread 608863] [6.0] [cxt 0] Deparser 'deparser': end
[15:53:55.451] [bmv2] [D] [thread 608867] [6.0] [cxt 0] Transmitting packet of size 70 out of port 0
[15:53:55.458] [bmv2] [D] [thread 608862] [7.0] [cxt 0] Processing packet received on port 3
[15:53:55.458] [bmv2] [D] [thread 608862] [7.0] [cxt 0] Parser 'parser': start
[15:53:55.458] [bmv2] [D] [thread 608862] [7.0] [cxt 0] Parser 'parser' entering state 'start'
[15:53:55.458] [bmv2] [D] [thread 608862] [7.0] [cxt 0] Extracting header 'ethernet'
[15:53:55.458] [bmv2] [D] [thread 608862] [7.0] [cxt 0] Parser state 'start': key is 86dd
[15:53:55.458] [bmv2] [T] [thread 608862] [7.0] [cxt 0] Bytes parsed: 14
[15:53:55.458] [bmv2] [D] [thread 608862] [7.0] [cxt 0] Parser 'parser': end
[15:53:55.458] [bmv2] [D] [thread 608862] [7.0] [cxt 0] Pipeline 'ingress': start
[15:53:55.458] [bmv2] [T] [thread 608862] [7.0] [cxt 0] basic_tunnel.p4(134) Condition "hdr.ipv4.isValid()" (node_2) is false
[15:53:55.458] [bmv2] [D] [thread 608862] [7.0] [cxt 0] Pipeline 'ingress': end
[15:53:55.458] [bmv2] [D] [thread 608862] [7.0] [cxt 0] Egress port is 0
[15:53:55.458] [bmv2] [D] [thread 608863] [7.0] [cxt 0] Pipeline 'egress': start
[15:53:55.458] [bmv2] [D] [thread 608863] [7.0] [cxt 0] Pipeline 'egress': end
[15:53:55.458] [bmv2] [D] [thread 608863] [7.0] [cxt 0] Deparser 'deparser': start
[15:53:55.458] [bmv2] [T] [thread 608863] [7.0] [cxt 0] Skipping checksum 'cksum' update because condition not met
[15:53:55.458] [bmv2] [D] [thread 608863] [7.0] [cxt 0] Deparsing header 'ethernet'
[15:53:55.458] [bmv2] [D] [thread 608863] [7.0] [cxt 0] Deparser 'deparser': end
[15:53:55.458] [bmv2] [D] [thread 608867] [7.0] [cxt 0] Transmitting packet of size 90 out of port 0
[15:53:55.478] [bmv2] [D] [thread 608862] [8.0] [cxt 0] Processing packet received on port 1
[15:53:55.478] [bmv2] [D] [thread 608862] [8.0] [cxt 0] Parser 'parser': start
[15:53:55.478] [bmv2] [D] [thread 608862] [8.0] [cxt 0] Parser 'parser' entering state 'start'
[15:53:55.478] [bmv2] [D] [thread 608862] [8.0] [cxt 0] Extracting header 'ethernet'
[15:53:55.478] [bmv2] [D] [thread 608862] [8.0] [cxt 0] Parser state 'start': key is 86dd
[15:53:55.478] [bmv2] [T] [thread 608862] [8.0] [cxt 0] Bytes parsed: 14
[15:53:55.478] [bmv2] [D] [thread 608862] [8.0] [cxt 0] Parser 'parser': end
[15:53:55.478] [bmv2] [D] [thread 608862] [8.0] [cxt 0] Pipeline 'ingress': start
[15:53:55.478] [bmv2] [T] [thread 608862] [8.0] [cxt 0] basic_tunnel.p4(134) Condition "hdr.ipv4.isValid()" (node_2) is false
[15:53:55.478] [bmv2] [D] [thread 608862] [8.0] [cxt 0] Pipeline 'ingress': end
[15:53:55.478] [bmv2] [D] [thread 608862] [8.0] [cxt 0] Egress port is 0
[15:53:55.478] [bmv2] [D] [thread 608862] [9.0] [cxt 0] Processing packet received on port 1
[15:53:55.478] [bmv2] [D] [thread 608862] [9.0] [cxt 0] Parser 'parser': start
[15:53:55.478] [bmv2] [D] [thread 608862] [9.0] [cxt 0] Parser 'parser' entering state 'start'
[15:53:55.479] [bmv2] [D] [thread 608862] [9.0] [cxt 0] Extracting header 'ethernet'
[15:53:55.479] [bmv2] [D] [thread 608862] [9.0] [cxt 0] Parser state 'start': key is 86dd
[15:53:55.479] [bmv2] [T] [thread 608862] [9.0] [cxt 0] Bytes parsed: 14
[15:53:55.479] [bmv2] [D] [thread 608862] [9.0] [cxt 0] Parser 'parser': end
[15:53:55.479] [bmv2] [D] [thread 608862] [9.0] [cxt 0] Pipeline 'ingress': start
[15:53:55.479] [bmv2] [T] [thread 608862] [9.0] [cxt 0] basic_tunnel.p4(134) Condition "hdr.ipv4.isValid()" (node_2) is false
[15:53:55.479] [bmv2] [D] [thread 608863] [8.0] [cxt 0] Pipeline 'egress': start
[15:53:55.479] [bmv2] [D] [thread 608863] [8.0] [cxt 0] Pipeline 'egress': end
[15:53:55.479] [bmv2] [D] [thread 608863] [8.0] [cxt 0] Deparser 'deparser': start
[15:53:55.479] [bmv2] [T] [thread 608863] [8.0] [cxt 0] Skipping checksum 'cksum' update because condition not met
[15:53:55.479] [bmv2] [D] [thread 608863] [8.0] [cxt 0] Deparsing header 'ethernet'
[15:53:55.479] [bmv2] [D] [thread 608863] [8.0] [cxt 0] Deparser 'deparser': end
[15:53:55.479] [bmv2] [D] [thread 608862] [9.0] [cxt 0] Pipeline 'ingress': end
[15:53:55.479] [bmv2] [D] [thread 608862] [9.0] [cxt 0] Egress port is 0
[15:53:55.479] [bmv2] [D] [thread 608863] [9.0] [cxt 0] Pipeline 'egress': start
[15:53:55.479] [bmv2] [D] [thread 608863] [9.0] [cxt 0] Pipeline 'egress': end
[15:53:55.479] [bmv2] [D] [thread 608863] [9.0] [cxt 0] Deparser 'deparser': start
[15:53:55.479] [bmv2] [T] [thread 608863] [9.0] [cxt 0] Skipping checksum 'cksum' update because condition not met
[15:53:55.479] [bmv2] [D] [thread 608863] [9.0] [cxt 0] Deparsing header 'ethernet'
[15:53:55.479] [bmv2] [D] [thread 608863] [9.0] [cxt 0] Deparser 'deparser': end
[15:53:55.479] [bmv2] [D] [thread 608867] [8.0] [cxt 0] Transmitting packet of size 90 out of port 0
[15:53:55.479] [bmv2] [D] [thread 608867] [9.0] [cxt 0] Transmitting packet of size 70 out of port 0
[15:53:55.490] [bmv2] [D] [thread 608862] [10.0] [cxt 0] Processing packet received on port 1
[15:53:55.490] [bmv2] [D] [thread 608862] [10.0] [cxt 0] Parser 'parser': start
[15:53:55.490] [bmv2] [D] [thread 608862] [10.0] [cxt 0] Parser 'parser' entering state 'start'
[15:53:55.490] [bmv2] [D] [thread 608862] [10.0] [cxt 0] Extracting header 'ethernet'
[15:53:55.490] [bmv2] [D] [thread 608862] [10.0] [cxt 0] Parser state 'start': key is 86dd
[15:53:55.490] [bmv2] [T] [thread 608862] [10.0] [cxt 0] Bytes parsed: 14
[15:53:55.490] [bmv2] [D] [thread 608862] [10.0] [cxt 0] Parser 'parser': end
[15:53:55.490] [bmv2] [D] [thread 608862] [10.0] [cxt 0] Pipeline 'ingress': start
[15:53:55.490] [bmv2] [T] [thread 608862] [10.0] [cxt 0] basic_tunnel.p4(134) Condition "hdr.ipv4.isValid()" (node_2) is false
[15:53:55.490] [bmv2] [D] [thread 608862] [10.0] [cxt 0] Pipeline 'ingress': end
[15:53:55.490] [bmv2] [D] [thread 608862] [10.0] [cxt 0] Egress port is 0
[15:53:55.490] [bmv2] [D] [thread 608863] [10.0] [cxt 0] Pipeline 'egress': start
[15:53:55.490] [bmv2] [D] [thread 608863] [10.0] [cxt 0] Pipeline 'egress': end
[15:53:55.490] [bmv2] [D] [thread 608863] [10.0] [cxt 0] Deparser 'deparser': start
[15:53:55.490] [bmv2] [T] [thread 608863] [10.0] [cxt 0] Skipping checksum 'cksum' update because condition not met
[15:53:55.490] [bmv2] [D] [thread 608863] [10.0] [cxt 0] Deparsing header 'ethernet'
[15:53:55.490] [bmv2] [D] [thread 608863] [10.0] [cxt 0] Deparser 'deparser': end
[15:53:55.490] [bmv2] [D] [thread 608867] [10.0] [cxt 0] Transmitting packet of size 90 out of port 0
[15:53:55.548] [bmv2] [D] [thread 608862] [11.0] [cxt 0] Processing packet received on port 3
[15:53:55.548] [bmv2] [D] [thread 608862] [11.0] [cxt 0] Parser 'parser': start
[15:53:55.548] [bmv2] [D] [thread 608862] [11.0] [cxt 0] Parser 'parser' entering state 'start'
[15:53:55.548] [bmv2] [D] [thread 608862] [11.0] [cxt 0] Extracting header 'ethernet'
[15:53:55.548] [bmv2] [D] [thread 608862] [11.0] [cxt 0] Parser state 'start': key is 86dd
[15:53:55.548] [bmv2] [T] [thread 608862] [11.0] [cxt 0] Bytes parsed: 14
[15:53:55.548] [bmv2] [D] [thread 608862] [11.0] [cxt 0] Parser 'parser': end
[15:53:55.548] [bmv2] [D] [thread 608862] [11.0] [cxt 0] Pipeline 'ingress': start
[15:53:55.548] [bmv2] [T] [thread 608862] [11.0] [cxt 0] basic_tunnel.p4(134) Condition "hdr.ipv4.isValid()" (node_2) is false
[15:53:55.548] [bmv2] [D] [thread 608862] [11.0] [cxt 0] Pipeline 'ingress': end
[15:53:55.548] [bmv2] [D] [thread 608862] [11.0] [cxt 0] Egress port is 0
[15:53:55.548] [bmv2] [D] [thread 608863] [11.0] [cxt 0] Pipeline 'egress': start
[15:53:55.548] [bmv2] [D] [thread 608863] [11.0] [cxt 0] Pipeline 'egress': end
[15:53:55.548] [bmv2] [D] [thread 608863] [11.0] [cxt 0] Deparser 'deparser': start
[15:53:55.548] [bmv2] [T] [thread 608863] [11.0] [cxt 0] Skipping checksum 'cksum' update because condition not met
[15:53:55.548] [bmv2] [D] [thread 608863] [11.0] [cxt 0] Deparsing header 'ethernet'
[15:53:55.548] [bmv2] [D] [thread 608863] [11.0] [cxt 0] Deparser 'deparser': end
[15:53:55.548] [bmv2] [D] [thread 608867] [11.0] [cxt 0] Transmitting packet of size 221 out of port 0
[15:53:55.568] [bmv2] [D] [thread 608862] [12.0] [cxt 0] Processing packet received on port 3
[15:53:55.568] [bmv2] [D] [thread 608862] [12.0] [cxt 0] Parser 'parser': start
[15:53:55.568] [bmv2] [D] [thread 608862] [12.0] [cxt 0] Parser 'parser' entering state 'start'
[15:53:55.568] [bmv2] [D] [thread 608862] [12.0] [cxt 0] Extracting header 'ethernet'
[15:53:55.568] [bmv2] [D] [thread 608862] [12.0] [cxt 0] Parser state 'start': key is 86dd
[15:53:55.568] [bmv2] [T] [thread 608862] [12.0] [cxt 0] Bytes parsed: 14
[15:53:55.568] [bmv2] [D] [thread 608862] [12.0] [cxt 0] Parser 'parser': end
[15:53:55.568] [bmv2] [D] [thread 608862] [12.0] [cxt 0] Pipeline 'ingress': start
[15:53:55.568] [bmv2] [T] [thread 608862] [12.0] [cxt 0] basic_tunnel.p4(134) Condition "hdr.ipv4.isValid()" (node_2) is false
[15:53:55.568] [bmv2] [D] [thread 608862] [12.0] [cxt 0] Pipeline 'ingress': end
[15:53:55.568] [bmv2] [D] [thread 608862] [12.0] [cxt 0] Egress port is 0
[15:53:55.568] [bmv2] [D] [thread 608863] [12.0] [cxt 0] Pipeline 'egress': start
[15:53:55.568] [bmv2] [D] [thread 608863] [12.0] [cxt 0] Pipeline 'egress': end
[15:53:55.568] [bmv2] [D] [thread 608863] [12.0] [cxt 0] Deparser 'deparser': start
[15:53:55.568] [bmv2] [T] [thread 608863] [12.0] [cxt 0] Skipping checksum 'cksum' update because condition not met
[15:53:55.569] [bmv2] [D] [thread 608863] [12.0] [cxt 0] Deparsing header 'ethernet'
[15:53:55.569] [bmv2] [D] [thread 608863] [12.0] [cxt 0] Deparser 'deparser': end
[15:53:55.569] [bmv2] [D] [thread 608867] [12.0] [cxt 0] Transmitting packet of size 214 out of port 0
[15:53:55.578] [bmv2] [D] [thread 608862] [13.0] [cxt 0] Processing packet received on port 1
[15:53:55.579] [bmv2] [D] [thread 608862] [13.0] [cxt 0] Parser 'parser': start
[15:53:55.579] [bmv2] [D] [thread 608862] [13.0] [cxt 0] Parser 'parser' entering state 'start'
[15:53:55.579] [bmv2] [D] [thread 608862] [13.0] [cxt 0] Extracting header 'ethernet'
[15:53:55.579] [bmv2] [D] [thread 608862] [13.0] [cxt 0] Parser state 'start': key is 86dd
[15:53:55.579] [bmv2] [T] [thread 608862] [13.0] [cxt 0] Bytes parsed: 14
[15:53:55.579] [bmv2] [D] [thread 608862] [13.0] [cxt 0] Parser 'parser': end
[15:53:55.579] [bmv2] [D] [thread 608862] [13.0] [cxt 0] Pipeline 'ingress': start
[15:53:55.579] [bmv2] [T] [thread 608862] [13.0] [cxt 0] basic_tunnel.p4(134) Condition "hdr.ipv4.isValid()" (node_2) is false
[15:53:55.579] [bmv2] [D] [thread 608862] [13.0] [cxt 0] Pipeline 'ingress': end
[15:53:55.579] [bmv2] [D] [thread 608862] [13.0] [cxt 0] Egress port is 0
[15:53:55.579] [bmv2] [D] [thread 608863] [13.0] [cxt 0] Pipeline 'egress': start
[15:53:55.579] [bmv2] [D] [thread 608863] [13.0] [cxt 0] Pipeline 'egress': end
[15:53:55.579] [bmv2] [D] [thread 608863] [13.0] [cxt 0] Deparser 'deparser': start
[15:53:55.579] [bmv2] [T] [thread 608863] [13.0] [cxt 0] Skipping checksum 'cksum' update because condition not met
[15:53:55.579] [bmv2] [D] [thread 608863] [13.0] [cxt 0] Deparsing header 'ethernet'
[15:53:55.579] [bmv2] [D] [thread 608863] [13.0] [cxt 0] Deparser 'deparser': end
[15:53:55.579] [bmv2] [D] [thread 608867] [13.0] [cxt 0] Transmitting packet of size 221 out of port 0
[15:53:55.600] [bmv2] [D] [thread 608862] [14.0] [cxt 0] Processing packet received on port 1
[15:53:55.600] [bmv2] [D] [thread 608862] [14.0] [cxt 0] Parser 'parser': start
[15:53:55.600] [bmv2] [D] [thread 608862] [14.0] [cxt 0] Parser 'parser' entering state 'start'
[15:53:55.600] [bmv2] [D] [thread 608862] [14.0] [cxt 0] Extracting header 'ethernet'
[15:53:55.600] [bmv2] [D] [thread 608862] [14.0] [cxt 0] Parser state 'start': key is 86dd
[15:53:55.600] [bmv2] [T] [thread 608862] [14.0] [cxt 0] Bytes parsed: 14
[15:53:55.600] [bmv2] [D] [thread 608862] [14.0] [cxt 0] Parser 'parser': end
[15:53:55.600] [bmv2] [D] [thread 608862] [14.0] [cxt 0] Pipeline 'ingress': start
[15:53:55.600] [bmv2] [T] [thread 608862] [14.0] [cxt 0] basic_tunnel.p4(134) Condition "hdr.ipv4.isValid()" (node_2) is false
[15:53:55.600] [bmv2] [D] [thread 608862] [14.0] [cxt 0] Pipeline 'ingress': end
[15:53:55.600] [bmv2] [D] [thread 608862] [14.0] [cxt 0] Egress port is 0
[15:53:55.600] [bmv2] [D] [thread 608863] [14.0] [cxt 0] Pipeline 'egress': start
[15:53:55.600] [bmv2] [D] [thread 608863] [14.0] [cxt 0] Pipeline 'egress': end
[15:53:55.600] [bmv2] [D] [thread 608863] [14.0] [cxt 0] Deparser 'deparser': start
[15:53:55.600] [bmv2] [T] [thread 608863] [14.0] [cxt 0] Skipping checksum 'cksum' update because condition not met
[15:53:55.600] [bmv2] [D] [thread 608863] [14.0] [cxt 0] Deparsing header 'ethernet'
[15:53:55.600] [bmv2] [D] [thread 608863] [14.0] [cxt 0] Deparser 'deparser': end
[15:53:55.600] [bmv2] [D] [thread 608867] [14.0] [cxt 0] Transmitting packet of size 214 out of port 0
[15:53:55.671] [bmv2] [D] [thread 608862] [15.0] [cxt 0] Processing packet received on port 3
[15:53:55.671] [bmv2] [D] [thread 608862] [15.0] [cxt 0] Parser 'parser': start
[15:53:55.671] [bmv2] [D] [thread 608862] [15.0] [cxt 0] Parser 'parser' entering state 'start'
[15:53:55.671] [bmv2] [D] [thread 608862] [15.0] [cxt 0] Extracting header 'ethernet'
[15:53:55.671] [bmv2] [D] [thread 608862] [15.0] [cxt 0] Parser state 'start': key is 86dd
[15:53:55.671] [bmv2] [T] [thread 608862] [15.0] [cxt 0] Bytes parsed: 14
[15:53:55.671] [bmv2] [D] [thread 608862] [15.0] [cxt 0] Parser 'parser': end
[15:53:55.671] [bmv2] [D] [thread 608862] [15.0] [cxt 0] Pipeline 'ingress': start
[15:53:55.671] [bmv2] [T] [thread 608862] [15.0] [cxt 0] basic_tunnel.p4(134) Condition "hdr.ipv4.isValid()" (node_2) is false
[15:53:55.671] [bmv2] [D] [thread 608862] [15.0] [cxt 0] Pipeline 'ingress': end
[15:53:55.672] [bmv2] [D] [thread 608862] [15.0] [cxt 0] Egress port is 0
[15:53:55.672] [bmv2] [D] [thread 608862] [16.0] [cxt 0] Processing packet received on port 3
[15:53:55.672] [bmv2] [D] [thread 608862] [16.0] [cxt 0] Parser 'parser': start
[15:53:55.672] [bmv2] [D] [thread 608862] [16.0] [cxt 0] Parser 'parser' entering state 'start'
[15:53:55.672] [bmv2] [D] [thread 608862] [16.0] [cxt 0] Extracting header 'ethernet'
[15:53:55.672] [bmv2] [D] [thread 608862] [16.0] [cxt 0] Parser state 'start': key is 86dd
[15:53:55.672] [bmv2] [T] [thread 608862] [16.0] [cxt 0] Bytes parsed: 14
[15:53:55.672] [bmv2] [D] [thread 608862] [16.0] [cxt 0] Parser 'parser': end
[15:53:55.672] [bmv2] [D] [thread 608862] [16.0] [cxt 0] Pipeline 'ingress': start
[15:53:55.672] [bmv2] [T] [thread 608862] [16.0] [cxt 0] basic_tunnel.p4(134) Condition "hdr.ipv4.isValid()" (node_2) is false
[15:53:55.672] [bmv2] [D] [thread 608862] [16.0] [cxt 0] Pipeline 'ingress': end
[15:53:55.672] [bmv2] [D] [thread 608862] [16.0] [cxt 0] Egress port is 0
[15:53:55.672] [bmv2] [D] [thread 608863] [15.0] [cxt 0] Pipeline 'egress': start
[15:53:55.672] [bmv2] [D] [thread 608863] [15.0] [cxt 0] Pipeline 'egress': end
[15:53:55.672] [bmv2] [D] [thread 608863] [15.0] [cxt 0] Deparser 'deparser': start
[15:53:55.672] [bmv2] [T] [thread 608863] [15.0] [cxt 0] Skipping checksum 'cksum' update because condition not met
[15:53:55.672] [bmv2] [D] [thread 608863] [15.0] [cxt 0] Deparsing header 'ethernet'
[15:53:55.672] [bmv2] [D] [thread 608863] [15.0] [cxt 0] Deparser 'deparser': end
[15:53:55.672] [bmv2] [D] [thread 608863] [16.0] [cxt 0] Pipeline 'egress': start
[15:53:55.672] [bmv2] [D] [thread 608867] [15.0] [cxt 0] Transmitting packet of size 90 out of port 0
[15:53:55.672] [bmv2] [D] [thread 608863] [16.0] [cxt 0] Pipeline 'egress': end
[15:53:55.673] [bmv2] [D] [thread 608863] [16.0] [cxt 0] Deparser 'deparser': start
[15:53:55.673] [bmv2] [T] [thread 608863] [16.0] [cxt 0] Skipping checksum 'cksum' update because condition not met
[15:53:55.673] [bmv2] [D] [thread 608863] [16.0] [cxt 0] Deparsing header 'ethernet'
[15:53:55.673] [bmv2] [D] [thread 608863] [16.0] [cxt 0] Deparser 'deparser': end
[15:53:55.673] [bmv2] [D] [thread 608867] [16.0] [cxt 0] Transmitting packet of size 70 out of port 0
[15:53:55.682] [bmv2] [D] [thread 608862] [17.0] [cxt 0] Processing packet received on port 3
[15:53:55.682] [bmv2] [D] [thread 608862] [17.0] [cxt 0] Parser 'parser': start
[15:53:55.682] [bmv2] [D] [thread 608862] [17.0] [cxt 0] Parser 'parser' entering state 'start'
[15:53:55.682] [bmv2] [D] [thread 608862] [17.0] [cxt 0] Extracting header 'ethernet'
[15:53:55.682] [bmv2] [D] [thread 608862] [17.0] [cxt 0] Parser state 'start': key is 86dd
[15:53:55.682] [bmv2] [T] [thread 608862] [17.0] [cxt 0] Bytes parsed: 14
[15:53:55.682] [bmv2] [D] [thread 608862] [17.0] [cxt 0] Parser 'parser': end
[15:53:55.682] [bmv2] [D] [thread 608862] [17.0] [cxt 0] Pipeline 'ingress': start
[15:53:55.682] [bmv2] [T] [thread 608862] [17.0] [cxt 0] basic_tunnel.p4(134) Condition "hdr.ipv4.isValid()" (node_2) is false
[15:53:55.682] [bmv2] [D] [thread 608862] [17.0] [cxt 0] Pipeline 'ingress': end
[15:53:55.682] [bmv2] [D] [thread 608862] [17.0] [cxt 0] Egress port is 0
[15:53:55.683] [bmv2] [D] [thread 608863] [17.0] [cxt 0] Pipeline 'egress': start
[15:53:55.683] [bmv2] [D] [thread 608863] [17.0] [cxt 0] Pipeline 'egress': end
[15:53:55.683] [bmv2] [D] [thread 608863] [17.0] [cxt 0] Deparser 'deparser': start
[15:53:55.683] [bmv2] [T] [thread 608863] [17.0] [cxt 0] Skipping checksum 'cksum' update because condition not met
[15:53:55.683] [bmv2] [D] [thread 608863] [17.0] [cxt 0] Deparsing header 'ethernet'
[15:53:55.683] [bmv2] [D] [thread 608863] [17.0] [cxt 0] Deparser 'deparser': end
[15:53:55.683] [bmv2] [D] [thread 608867] [17.0] [cxt 0] Transmitting packet of size 90 out of port 0
[15:53:55.766] [bmv2] [D] [thread 608862] [18.0] [cxt 0] Processing packet received on port 1
[15:53:55.766] [bmv2] [D] [thread 608862] [18.0] [cxt 0] Parser 'parser': start
[15:53:55.766] [bmv2] [D] [thread 608862] [18.0] [cxt 0] Parser 'parser' entering state 'start'
[15:53:55.766] [bmv2] [D] [thread 608862] [18.0] [cxt 0] Extracting header 'ethernet'
[15:53:55.766] [bmv2] [D] [thread 608862] [18.0] [cxt 0] Parser state 'start': key is 86dd
[15:53:55.766] [bmv2] [T] [thread 608862] [18.0] [cxt 0] Bytes parsed: 14
[15:53:55.766] [bmv2] [D] [thread 608862] [18.0] [cxt 0] Parser 'parser': end
[15:53:55.766] [bmv2] [D] [thread 608862] [18.0] [cxt 0] Pipeline 'ingress': start
[15:53:55.766] [bmv2] [T] [thread 608862] [18.0] [cxt 0] basic_tunnel.p4(134) Condition "hdr.ipv4.isValid()" (node_2) is false
[15:53:55.766] [bmv2] [D] [thread 608862] [18.0] [cxt 0] Pipeline 'ingress': end
[15:53:55.766] [bmv2] [D] [thread 608862] [18.0] [cxt 0] Egress port is 0
[15:53:55.767] [bmv2] [D] [thread 608863] [18.0] [cxt 0] Pipeline 'egress': start
[15:53:55.767] [bmv2] [D] [thread 608863] [18.0] [cxt 0] Pipeline 'egress': end
[15:53:55.767] [bmv2] [D] [thread 608863] [18.0] [cxt 0] Deparser 'deparser': start
[15:53:55.767] [bmv2] [T] [thread 608863] [18.0] [cxt 0] Skipping checksum 'cksum' update because condition not met
[15:53:55.767] [bmv2] [D] [thread 608863] [18.0] [cxt 0] Deparsing header 'ethernet'
[15:53:55.767] [bmv2] [D] [thread 608863] [18.0] [cxt 0] Deparser 'deparser': end
[15:53:55.767] [bmv2] [D] [thread 608867] [18.0] [cxt 0] Transmitting packet of size 110 out of port 0
[15:53:55.771] [bmv2] [D] [thread 608862] [19.0] [cxt 0] Processing packet received on port 3
[15:53:55.771] [bmv2] [D] [thread 608862] [19.0] [cxt 0] Parser 'parser': start
[15:53:55.771] [bmv2] [D] [thread 608862] [19.0] [cxt 0] Parser 'parser' entering state 'start'
[15:53:55.771] [bmv2] [D] [thread 608862] [19.0] [cxt 0] Extracting header 'ethernet'
[15:53:55.771] [bmv2] [D] [thread 608862] [19.0] [cxt 0] Parser state 'start': key is 86dd
[15:53:55.771] [bmv2] [T] [thread 608862] [19.0] [cxt 0] Bytes parsed: 14
[15:53:55.771] [bmv2] [D] [thread 608862] [19.0] [cxt 0] Parser 'parser': end
[15:53:55.771] [bmv2] [D] [thread 608862] [19.0] [cxt 0] Pipeline 'ingress': start
[15:53:55.771] [bmv2] [T] [thread 608862] [19.0] [cxt 0] basic_tunnel.p4(134) Condition "hdr.ipv4.isValid()" (node_2) is false
[15:53:55.771] [bmv2] [D] [thread 608862] [19.0] [cxt 0] Pipeline 'ingress': end
[15:53:55.771] [bmv2] [D] [thread 608862] [19.0] [cxt 0] Egress port is 0
[15:53:55.771] [bmv2] [D] [thread 608863] [19.0] [cxt 0] Pipeline 'egress': start
[15:53:55.771] [bmv2] [D] [thread 608863] [19.0] [cxt 0] Pipeline 'egress': end
[15:53:55.771] [bmv2] [D] [thread 608863] [19.0] [cxt 0] Deparser 'deparser': start
[15:53:55.772] [bmv2] [T] [thread 608863] [19.0] [cxt 0] Skipping checksum 'cksum' update because condition not met
[15:53:55.772] [bmv2] [D] [thread 608863] [19.0] [cxt 0] Deparsing header 'ethernet'
[15:53:55.772] [bmv2] [D] [thread 608863] [19.0] [cxt 0] Deparser 'deparser': end
[15:53:55.772] [bmv2] [D] [thread 608867] [19.0] [cxt 0] Transmitting packet of size 221 out of port 0
[15:53:55.792] [bmv2] [D] [thread 608862] [20.0] [cxt 0] Processing packet received on port 3
[15:53:55.792] [bmv2] [D] [thread 608862] [20.0] [cxt 0] Parser 'parser': start
[15:53:55.792] [bmv2] [D] [thread 608862] [20.0] [cxt 0] Parser 'parser' entering state 'start'
[15:53:55.792] [bmv2] [D] [thread 608862] [20.0] [cxt 0] Extracting header 'ethernet'
[15:53:55.792] [bmv2] [D] [thread 608862] [20.0] [cxt 0] Parser state 'start': key is 86dd
[15:53:55.792] [bmv2] [T] [thread 608862] [20.0] [cxt 0] Bytes parsed: 14
[15:53:55.792] [bmv2] [D] [thread 608862] [20.0] [cxt 0] Parser 'parser': end
[15:53:55.792] [bmv2] [D] [thread 608862] [20.0] [cxt 0] Pipeline 'ingress': start
[15:53:55.792] [bmv2] [T] [thread 608862] [20.0] [cxt 0] basic_tunnel.p4(134) Condition "hdr.ipv4.isValid()" (node_2) is false
[15:53:55.792] [bmv2] [D] [thread 608862] [20.0] [cxt 0] Pipeline 'ingress': end
[15:53:55.792] [bmv2] [D] [thread 608862] [20.0] [cxt 0] Egress port is 0
[15:53:55.792] [bmv2] [D] [thread 608863] [20.0] [cxt 0] Pipeline 'egress': start
[15:53:55.792] [bmv2] [D] [thread 608863] [20.0] [cxt 0] Pipeline 'egress': end
[15:53:55.792] [bmv2] [D] [thread 608863] [20.0] [cxt 0] Deparser 'deparser': start
[15:53:55.792] [bmv2] [T] [thread 608863] [20.0] [cxt 0] Skipping checksum 'cksum' update because condition not met
[15:53:55.792] [bmv2] [D] [thread 608863] [20.0] [cxt 0] Deparsing header 'ethernet'
[15:53:55.792] [bmv2] [D] [thread 608863] [20.0] [cxt 0] Deparser 'deparser': end
[15:53:55.793] [bmv2] [D] [thread 608867] [20.0] [cxt 0] Transmitting packet of size 214 out of port 0
[15:53:55.800] [bmv2] [D] [thread 608862] [21.0] [cxt 0] Processing packet received on port 2
[15:53:55.800] [bmv2] [D] [thread 608862] [21.0] [cxt 0] Parser 'parser': start
[15:53:55.800] [bmv2] [D] [thread 608862] [21.0] [cxt 0] Parser 'parser' entering state 'start'
[15:53:55.800] [bmv2] [D] [thread 608862] [21.0] [cxt 0] Extracting header 'ethernet'
[15:53:55.800] [bmv2] [D] [thread 608862] [21.0] [cxt 0] Parser state 'start': key is 86dd
[15:53:55.800] [bmv2] [T] [thread 608862] [21.0] [cxt 0] Bytes parsed: 14
[15:53:55.800] [bmv2] [D] [thread 608862] [21.0] [cxt 0] Parser 'parser': end
[15:53:55.800] [bmv2] [D] [thread 608862] [21.0] [cxt 0] Pipeline 'ingress': start
[15:53:55.800] [bmv2] [T] [thread 608862] [21.0] [cxt 0] basic_tunnel.p4(134) Condition "hdr.ipv4.isValid()" (node_2) is false
[15:53:55.800] [bmv2] [D] [thread 608862] [21.0] [cxt 0] Pipeline 'ingress': end
[15:53:55.800] [bmv2] [D] [thread 608862] [21.0] [cxt 0] Egress port is 0
[15:53:55.800] [bmv2] [D] [thread 608862] [22.0] [cxt 0] Processing packet received on port 2
[15:53:55.801] [bmv2] [D] [thread 608862] [22.0] [cxt 0] Parser 'parser': start
[15:53:55.801] [bmv2] [D] [thread 608862] [22.0] [cxt 0] Parser 'parser' entering state 'start'
[15:53:55.801] [bmv2] [D] [thread 608862] [22.0] [cxt 0] Extracting header 'ethernet'
[15:53:55.801] [bmv2] [D] [thread 608863] [21.0] [cxt 0] Pipeline 'egress': start
[15:53:55.801] [bmv2] [D] [thread 608862] [22.0] [cxt 0] Parser state 'start': key is 86dd
[15:53:55.801] [bmv2] [D] [thread 608863] [21.0] [cxt 0] Pipeline 'egress': end
[15:53:55.801] [bmv2] [T] [thread 608862] [22.0] [cxt 0] Bytes parsed: 14
[15:53:55.801] [bmv2] [D] [thread 608863] [21.0] [cxt 0] Deparser 'deparser': start
[15:53:55.801] [bmv2] [D] [thread 608862] [22.0] [cxt 0] Parser 'parser': end
[15:53:55.801] [bmv2] [D] [thread 608862] [22.0] [cxt 0] Pipeline 'ingress': start
[15:53:55.801] [bmv2] [T] [thread 608862] [22.0] [cxt 0] basic_tunnel.p4(134) Condition "hdr.ipv4.isValid()" (node_2) is false
[15:53:55.801] [bmv2] [D] [thread 608862] [22.0] [cxt 0] Pipeline 'ingress': end
[15:53:55.801] [bmv2] [D] [thread 608862] [22.0] [cxt 0] Egress port is 0
[15:53:55.802] [bmv2] [T] [thread 608863] [21.0] [cxt 0] Skipping checksum 'cksum' update because condition not met
[15:53:55.802] [bmv2] [D] [thread 608863] [21.0] [cxt 0] Deparsing header 'ethernet'
[15:53:55.802] [bmv2] [D] [thread 608863] [21.0] [cxt 0] Deparser 'deparser': end
[15:53:55.802] [bmv2] [D] [thread 608863] [22.0] [cxt 0] Pipeline 'egress': start
[15:53:55.802] [bmv2] [D] [thread 608863] [22.0] [cxt 0] Pipeline 'egress': end
[15:53:55.802] [bmv2] [D] [thread 608863] [22.0] [cxt 0] Deparser 'deparser': start
[15:53:55.802] [bmv2] [T] [thread 608863] [22.0] [cxt 0] Skipping checksum 'cksum' update because condition not met
[15:53:55.802] [bmv2] [D] [thread 608863] [22.0] [cxt 0] Deparsing header 'ethernet'
[15:53:55.802] [bmv2] [D] [thread 608863] [22.0] [cxt 0] Deparser 'deparser': end
[15:53:55.802] [bmv2] [D] [thread 608867] [21.0] [cxt 0] Transmitting packet of size 90 out of port 0
[15:53:55.803] [bmv2] [D] [thread 608867] [22.0] [cxt 0] Transmitting packet of size 70 out of port 0
[15:53:55.810] [bmv2] [D] [thread 608862] [23.0] [cxt 0] Processing packet received on port 2
[15:53:55.810] [bmv2] [D] [thread 608862] [23.0] [cxt 0] Parser 'parser': start
[15:53:55.810] [bmv2] [D] [thread 608862] [23.0] [cxt 0] Parser 'parser' entering state 'start'
[15:53:55.810] [bmv2] [D] [thread 608862] [23.0] [cxt 0] Extracting header 'ethernet'
[15:53:55.810] [bmv2] [D] [thread 608862] [23.0] [cxt 0] Parser state 'start': key is 86dd
[15:53:55.810] [bmv2] [T] [thread 608862] [23.0] [cxt 0] Bytes parsed: 14
[15:53:55.810] [bmv2] [D] [thread 608862] [23.0] [cxt 0] Parser 'parser': end
[15:53:55.810] [bmv2] [D] [thread 608862] [23.0] [cxt 0] Pipeline 'ingress': start
[15:53:55.810] [bmv2] [T] [thread 608862] [23.0] [cxt 0] basic_tunnel.p4(134) Condition "hdr.ipv4.isValid()" (node_2) is false
[15:53:55.810] [bmv2] [D] [thread 608862] [23.0] [cxt 0] Pipeline 'ingress': end
[15:53:55.811] [bmv2] [D] [thread 608862] [23.0] [cxt 0] Egress port is 0
[15:53:55.811] [bmv2] [D] [thread 608863] [23.0] [cxt 0] Pipeline 'egress': start
[15:53:55.811] [bmv2] [D] [thread 608863] [23.0] [cxt 0] Pipeline 'egress': end
[15:53:55.811] [bmv2] [D] [thread 608863] [23.0] [cxt 0] Deparser 'deparser': start
[15:53:55.811] [bmv2] [T] [thread 608863] [23.0] [cxt 0] Skipping checksum 'cksum' update because condition not met
[15:53:55.811] [bmv2] [D] [thread 608863] [23.0] [cxt 0] Deparsing header 'ethernet'
[15:53:55.811] [bmv2] [D] [thread 608863] [23.0] [cxt 0] Deparser 'deparser': end
[15:53:55.811] [bmv2] [D] [thread 608867] [23.0] [cxt 0] Transmitting packet of size 90 out of port 0
[15:53:55.820] [bmv2] [D] [thread 608862] [24.0] [cxt 0] Processing packet received on port 3
[15:53:55.820] [bmv2] [D] [thread 608862] [24.0] [cxt 0] Parser 'parser': start
[15:53:55.820] [bmv2] [D] [thread 608862] [24.0] [cxt 0] Parser 'parser' entering state 'start'
[15:53:55.820] [bmv2] [D] [thread 608862] [24.0] [cxt 0] Extracting header 'ethernet'
[15:53:55.820] [bmv2] [D] [thread 608862] [24.0] [cxt 0] Parser state 'start': key is 86dd
[15:53:55.820] [bmv2] [T] [thread 608862] [24.0] [cxt 0] Bytes parsed: 14
[15:53:55.820] [bmv2] [D] [thread 608862] [24.0] [cxt 0] Parser 'parser': end
[15:53:55.820] [bmv2] [D] [thread 608862] [24.0] [cxt 0] Pipeline 'ingress': start
[15:53:55.820] [bmv2] [T] [thread 608862] [24.0] [cxt 0] basic_tunnel.p4(134) Condition "hdr.ipv4.isValid()" (node_2) is false
[15:53:55.820] [bmv2] [D] [thread 608862] [24.0] [cxt 0] Pipeline 'ingress': end
[15:53:55.820] [bmv2] [D] [thread 608862] [24.0] [cxt 0] Egress port is 0
[15:53:55.820] [bmv2] [D] [thread 608863] [24.0] [cxt 0] Pipeline 'egress': start
[15:53:55.821] [bmv2] [D] [thread 608863] [24.0] [cxt 0] Pipeline 'egress': end
[15:53:55.821] [bmv2] [D] [thread 608863] [24.0] [cxt 0] Deparser 'deparser': start
[15:53:55.821] [bmv2] [T] [thread 608863] [24.0] [cxt 0] Skipping checksum 'cksum' update because condition not met
[15:53:55.821] [bmv2] [D] [thread 608863] [24.0] [cxt 0] Deparsing header 'ethernet'
[15:53:55.821] [bmv2] [D] [thread 608863] [24.0] [cxt 0] Deparser 'deparser': end
[15:53:55.821] [bmv2] [D] [thread 608867] [24.0] [cxt 0] Transmitting packet of size 214 out of port 0
[15:53:55.851] [bmv2] [D] [thread 608862] [25.0] [cxt 0] Processing packet received on port 1
[15:53:55.851] [bmv2] [D] [thread 608862] [25.0] [cxt 0] Parser 'parser': start
[15:53:55.851] [bmv2] [D] [thread 608862] [25.0] [cxt 0] Parser 'parser' entering state 'start'
[15:53:55.851] [bmv2] [D] [thread 608862] [25.0] [cxt 0] Extracting header 'ethernet'
[15:53:55.851] [bmv2] [D] [thread 608862] [25.0] [cxt 0] Parser state 'start': key is 86dd
[15:53:55.851] [bmv2] [T] [thread 608862] [25.0] [cxt 0] Bytes parsed: 14
[15:53:55.851] [bmv2] [D] [thread 608862] [25.0] [cxt 0] Parser 'parser': end
[15:53:55.852] [bmv2] [D] [thread 608862] [25.0] [cxt 0] Pipeline 'ingress': start
[15:53:55.852] [bmv2] [T] [thread 608862] [25.0] [cxt 0] basic_tunnel.p4(134) Condition "hdr.ipv4.isValid()" (node_2) is false
[15:53:55.852] [bmv2] [D] [thread 608862] [25.0] [cxt 0] Pipeline 'ingress': end
[15:53:55.852] [bmv2] [D] [thread 608862] [25.0] [cxt 0] Egress port is 0
[15:53:55.852] [bmv2] [D] [thread 608863] [25.0] [cxt 0] Pipeline 'egress': start
[15:53:55.852] [bmv2] [D] [thread 608863] [25.0] [cxt 0] Pipeline 'egress': end
[15:53:55.852] [bmv2] [D] [thread 608863] [25.0] [cxt 0] Deparser 'deparser': start
[15:53:55.852] [bmv2] [T] [thread 608863] [25.0] [cxt 0] Skipping checksum 'cksum' update because condition not met
[15:53:55.852] [bmv2] [D] [thread 608863] [25.0] [cxt 0] Deparsing header 'ethernet'
[15:53:55.852] [bmv2] [D] [thread 608863] [25.0] [cxt 0] Deparser 'deparser': end
[15:53:55.852] [bmv2] [D] [thread 608867] [25.0] [cxt 0] Transmitting packet of size 214 out of port 0
[15:53:55.899] [bmv2] [D] [thread 608862] [26.0] [cxt 0] Processing packet received on port 2
[15:53:55.899] [bmv2] [D] [thread 608862] [26.0] [cxt 0] Parser 'parser': start
[15:53:55.899] [bmv2] [D] [thread 608862] [26.0] [cxt 0] Parser 'parser' entering state 'start'
[15:53:55.899] [bmv2] [D] [thread 608862] [26.0] [cxt 0] Extracting header 'ethernet'
[15:53:55.899] [bmv2] [D] [thread 608862] [26.0] [cxt 0] Parser state 'start': key is 86dd
[15:53:55.899] [bmv2] [T] [thread 608862] [26.0] [cxt 0] Bytes parsed: 14
[15:53:55.899] [bmv2] [D] [thread 608862] [26.0] [cxt 0] Parser 'parser': end
[15:53:55.900] [bmv2] [D] [thread 608862] [26.0] [cxt 0] Pipeline 'ingress': start
[15:53:55.900] [bmv2] [T] [thread 608862] [26.0] [cxt 0] basic_tunnel.p4(134) Condition "hdr.ipv4.isValid()" (node_2) is false
[15:53:55.900] [bmv2] [D] [thread 608862] [26.0] [cxt 0] Pipeline 'ingress': end
[15:53:55.900] [bmv2] [D] [thread 608862] [26.0] [cxt 0] Egress port is 0
[15:53:55.900] [bmv2] [D] [thread 608863] [26.0] [cxt 0] Pipeline 'egress': start
[15:53:55.900] [bmv2] [D] [thread 608863] [26.0] [cxt 0] Pipeline 'egress': end
[15:53:55.900] [bmv2] [D] [thread 608863] [26.0] [cxt 0] Deparser 'deparser': start
[15:53:55.900] [bmv2] [T] [thread 608863] [26.0] [cxt 0] Skipping checksum 'cksum' update because condition not met
[15:53:55.900] [bmv2] [D] [thread 608863] [26.0] [cxt 0] Deparsing header 'ethernet'
[15:53:55.900] [bmv2] [D] [thread 608863] [26.0] [cxt 0] Deparser 'deparser': end
[15:53:55.900] [bmv2] [D] [thread 608867] [26.0] [cxt 0] Transmitting packet of size 221 out of port 0
[15:53:55.921] [bmv2] [D] [thread 608862] [27.0] [cxt 0] Processing packet received on port 2
[15:53:55.921] [bmv2] [D] [thread 608862] [27.0] [cxt 0] Parser 'parser': start
[15:53:55.921] [bmv2] [D] [thread 608862] [27.0] [cxt 0] Parser 'parser' entering state 'start'
[15:53:55.921] [bmv2] [D] [thread 608862] [27.0] [cxt 0] Extracting header 'ethernet'
[15:53:55.921] [bmv2] [D] [thread 608862] [27.0] [cxt 0] Parser state 'start': key is 86dd
[15:53:55.921] [bmv2] [T] [thread 608862] [27.0] [cxt 0] Bytes parsed: 14
[15:53:55.921] [bmv2] [D] [thread 608862] [27.0] [cxt 0] Parser 'parser': end
[15:53:55.921] [bmv2] [D] [thread 608862] [27.0] [cxt 0] Pipeline 'ingress': start
[15:53:55.921] [bmv2] [T] [thread 608862] [27.0] [cxt 0] basic_tunnel.p4(134) Condition "hdr.ipv4.isValid()" (node_2) is false
[15:53:55.921] [bmv2] [D] [thread 608862] [27.0] [cxt 0] Pipeline 'ingress': end
[15:53:55.921] [bmv2] [D] [thread 608862] [27.0] [cxt 0] Egress port is 0
[15:53:55.921] [bmv2] [D] [thread 608863] [27.0] [cxt 0] Pipeline 'egress': start
[15:53:55.921] [bmv2] [D] [thread 608863] [27.0] [cxt 0] Pipeline 'egress': end
[15:53:55.922] [bmv2] [D] [thread 608863] [27.0] [cxt 0] Deparser 'deparser': start
[15:53:55.922] [bmv2] [T] [thread 608863] [27.0] [cxt 0] Skipping checksum 'cksum' update because condition not met
[15:53:55.922] [bmv2] [D] [thread 608863] [27.0] [cxt 0] Deparsing header 'ethernet'
[15:53:55.922] [bmv2] [D] [thread 608863] [27.0] [cxt 0] Deparser 'deparser': end
[15:53:55.922] [bmv2] [D] [thread 608867] [27.0] [cxt 0] Transmitting packet of size 214 out of port 0
[15:53:55.992] [bmv2] [D] [thread 608862] [28.0] [cxt 0] Processing packet received on port 2
[15:53:55.992] [bmv2] [D] [thread 608862] [28.0] [cxt 0] Parser 'parser': start
[15:53:55.992] [bmv2] [D] [thread 608862] [28.0] [cxt 0] Parser 'parser' entering state 'start'
[15:53:55.992] [bmv2] [D] [thread 608862] [28.0] [cxt 0] Extracting header 'ethernet'
[15:53:55.992] [bmv2] [D] [thread 608862] [28.0] [cxt 0] Parser state 'start': key is 86dd
[15:53:55.992] [bmv2] [T] [thread 608862] [28.0] [cxt 0] Bytes parsed: 14
[15:53:55.992] [bmv2] [D] [thread 608862] [28.0] [cxt 0] Parser 'parser': end
[15:53:55.992] [bmv2] [D] [thread 608862] [28.0] [cxt 0] Pipeline 'ingress': start
[15:53:55.992] [bmv2] [T] [thread 608862] [28.0] [cxt 0] basic_tunnel.p4(134) Condition "hdr.ipv4.isValid()" (node_2) is false
[15:53:55.993] [bmv2] [D] [thread 608862] [28.0] [cxt 0] Pipeline 'ingress': end
[15:53:55.993] [bmv2] [D] [thread 608862] [28.0] [cxt 0] Egress port is 0
[15:53:55.993] [bmv2] [D] [thread 608862] [29.0] [cxt 0] Processing packet received on port 2
[15:53:55.993] [bmv2] [D] [thread 608862] [29.0] [cxt 0] Parser 'parser': start
[15:53:55.993] [bmv2] [D] [thread 608862] [29.0] [cxt 0] Parser 'parser' entering state 'start'
[15:53:55.993] [bmv2] [D] [thread 608862] [29.0] [cxt 0] Extracting header 'ethernet'
[15:53:55.993] [bmv2] [D] [thread 608862] [29.0] [cxt 0] Parser state 'start': key is 86dd
[15:53:55.993] [bmv2] [T] [thread 608862] [29.0] [cxt 0] Bytes parsed: 14
[15:53:55.993] [bmv2] [D] [thread 608862] [29.0] [cxt 0] Parser 'parser': end
[15:53:55.993] [bmv2] [D] [thread 608862] [29.0] [cxt 0] Pipeline 'ingress': start
[15:53:55.994] [bmv2] [T] [thread 608862] [29.0] [cxt 0] basic_tunnel.p4(134) Condition "hdr.ipv4.isValid()" (node_2) is false
[15:53:55.994] [bmv2] [D] [thread 608862] [29.0] [cxt 0] Pipeline 'ingress': end
[15:53:55.994] [bmv2] [D] [thread 608862] [29.0] [cxt 0] Egress port is 0
[15:53:55.994] [bmv2] [D] [thread 608863] [28.0] [cxt 0] Pipeline 'egress': start
[15:53:55.994] [bmv2] [D] [thread 608863] [28.0] [cxt 0] Pipeline 'egress': end
[15:53:55.994] [bmv2] [D] [thread 608863] [28.0] [cxt 0] Deparser 'deparser': start
[15:53:55.994] [bmv2] [T] [thread 608863] [28.0] [cxt 0] Skipping checksum 'cksum' update because condition not met
[15:53:55.994] [bmv2] [D] [thread 608863] [28.0] [cxt 0] Deparsing header 'ethernet'
[15:53:55.994] [bmv2] [D] [thread 608863] [28.0] [cxt 0] Deparser 'deparser': end
[15:53:55.994] [bmv2] [D] [thread 608863] [29.0] [cxt 0] Pipeline 'egress': start
[15:53:55.994] [bmv2] [D] [thread 608867] [28.0] [cxt 0] Transmitting packet of size 90 out of port 0
[15:53:55.994] [bmv2] [D] [thread 608863] [29.0] [cxt 0] Pipeline 'egress': end
[15:53:55.994] [bmv2] [D] [thread 608863] [29.0] [cxt 0] Deparser 'deparser': start
[15:53:55.994] [bmv2] [T] [thread 608863] [29.0] [cxt 0] Skipping checksum 'cksum' update because condition not met
[15:53:55.994] [bmv2] [D] [thread 608863] [29.0] [cxt 0] Deparsing header 'ethernet'
[15:53:55.995] [bmv2] [D] [thread 608863] [29.0] [cxt 0] Deparser 'deparser': end
[15:53:55.995] [bmv2] [D] [thread 608867] [29.0] [cxt 0] Transmitting packet of size 70 out of port 0
[15:53:56.006] [bmv2] [D] [thread 608862] [30.0] [cxt 0] Processing packet received on port 2
[15:53:56.006] [bmv2] [D] [thread 608862] [30.0] [cxt 0] Parser 'parser': start
[15:53:56.006] [bmv2] [D] [thread 608862] [30.0] [cxt 0] Parser 'parser' entering state 'start'
[15:53:56.006] [bmv2] [D] [thread 608862] [30.0] [cxt 0] Extracting header 'ethernet'
[15:53:56.006] [bmv2] [D] [thread 608862] [30.0] [cxt 0] Parser state 'start': key is 86dd
[15:53:56.006] [bmv2] [T] [thread 608862] [30.0] [cxt 0] Bytes parsed: 14
[15:53:56.006] [bmv2] [D] [thread 608862] [30.0] [cxt 0] Parser 'parser': end
[15:53:56.006] [bmv2] [D] [thread 608862] [30.0] [cxt 0] Pipeline 'ingress': start
[15:53:56.006] [bmv2] [T] [thread 608862] [30.0] [cxt 0] basic_tunnel.p4(134) Condition "hdr.ipv4.isValid()" (node_2) is false
[15:53:56.006] [bmv2] [D] [thread 608862] [30.0] [cxt 0] Pipeline 'ingress': end
[15:53:56.007] [bmv2] [D] [thread 608862] [30.0] [cxt 0] Egress port is 0
[15:53:56.007] [bmv2] [D] [thread 608863] [30.0] [cxt 0] Pipeline 'egress': start
[15:53:56.007] [bmv2] [D] [thread 608863] [30.0] [cxt 0] Pipeline 'egress': end
[15:53:56.007] [bmv2] [D] [thread 608863] [30.0] [cxt 0] Deparser 'deparser': start
[15:53:56.007] [bmv2] [T] [thread 608863] [30.0] [cxt 0] Skipping checksum 'cksum' update because condition not met
[15:53:56.007] [bmv2] [D] [thread 608863] [30.0] [cxt 0] Deparsing header 'ethernet'
[15:53:56.007] [bmv2] [D] [thread 608863] [30.0] [cxt 0] Deparser 'deparser': end
[15:53:56.007] [bmv2] [D] [thread 608867] [30.0] [cxt 0] Transmitting packet of size 90 out of port 0
[15:53:56.042] [bmv2] [D] [thread 608862] [31.0] [cxt 0] Processing packet received on port 3
[15:53:56.042] [bmv2] [D] [thread 608862] [31.0] [cxt 0] Parser 'parser': start
[15:53:56.042] [bmv2] [D] [thread 608862] [31.0] [cxt 0] Parser 'parser' entering state 'start'
[15:53:56.042] [bmv2] [D] [thread 608862] [31.0] [cxt 0] Extracting header 'ethernet'
[15:53:56.042] [bmv2] [D] [thread 608862] [31.0] [cxt 0] Parser state 'start': key is 86dd
[15:53:56.042] [bmv2] [T] [thread 608862] [31.0] [cxt 0] Bytes parsed: 14
[15:53:56.042] [bmv2] [D] [thread 608862] [31.0] [cxt 0] Parser 'parser': end
[15:53:56.042] [bmv2] [D] [thread 608862] [31.0] [cxt 0] Pipeline 'ingress': start
[15:53:56.042] [bmv2] [T] [thread 608862] [31.0] [cxt 0] basic_tunnel.p4(134) Condition "hdr.ipv4.isValid()" (node_2) is false
[15:53:56.042] [bmv2] [D] [thread 608862] [31.0] [cxt 0] Pipeline 'ingress': end
[15:53:56.042] [bmv2] [D] [thread 608862] [31.0] [cxt 0] Egress port is 0
[15:53:56.043] [bmv2] [D] [thread 608862] [32.0] [cxt 0] Processing packet received on port 2
[15:53:56.043] [bmv2] [D] [thread 608862] [32.0] [cxt 0] Parser 'parser': start
[15:53:56.043] [bmv2] [D] [thread 608862] [32.0] [cxt 0] Parser 'parser' entering state 'start'
[15:53:56.043] [bmv2] [D] [thread 608862] [32.0] [cxt 0] Extracting header 'ethernet'
[15:53:56.043] [bmv2] [D] [thread 608863] [31.0] [cxt 0] Pipeline 'egress': start
[15:53:56.043] [bmv2] [D] [thread 608862] [32.0] [cxt 0] Parser state 'start': key is 86dd
[15:53:56.043] [bmv2] [D] [thread 608863] [31.0] [cxt 0] Pipeline 'egress': end
[15:53:56.043] [bmv2] [T] [thread 608862] [32.0] [cxt 0] Bytes parsed: 14
[15:53:56.043] [bmv2] [D] [thread 608862] [32.0] [cxt 0] Parser 'parser': end
[15:53:56.043] [bmv2] [D] [thread 608863] [31.0] [cxt 0] Deparser 'deparser': start
[15:53:56.043] [bmv2] [D] [thread 608862] [32.0] [cxt 0] Pipeline 'ingress': start
[15:53:56.043] [bmv2] [T] [thread 608862] [32.0] [cxt 0] basic_tunnel.p4(134) Condition "hdr.ipv4.isValid()" (node_2) is false
[15:53:56.043] [bmv2] [T] [thread 608863] [31.0] [cxt 0] Skipping checksum 'cksum' update because condition not met
[15:53:56.043] [bmv2] [D] [thread 608862] [32.0] [cxt 0] Pipeline 'ingress': end
[15:53:56.043] [bmv2] [D] [thread 608863] [31.0] [cxt 0] Deparsing header 'ethernet'
[15:53:56.043] [bmv2] [D] [thread 608862] [32.0] [cxt 0] Egress port is 0
[15:53:56.043] [bmv2] [D] [thread 608863] [31.0] [cxt 0] Deparser 'deparser': end
[15:53:56.043] [bmv2] [D] [thread 608863] [32.0] [cxt 0] Pipeline 'egress': start
[15:53:56.043] [bmv2] [D] [thread 608863] [32.0] [cxt 0] Pipeline 'egress': end
[15:53:56.043] [bmv2] [D] [thread 608867] [31.0] [cxt 0] Transmitting packet of size 214 out of port 0
[15:53:56.043] [bmv2] [D] [thread 608863] [32.0] [cxt 0] Deparser 'deparser': start
[15:53:56.043] [bmv2] [T] [thread 608863] [32.0] [cxt 0] Skipping checksum 'cksum' update because condition not met
[15:53:56.044] [bmv2] [D] [thread 608863] [32.0] [cxt 0] Deparsing header 'ethernet'
[15:53:56.044] [bmv2] [D] [thread 608863] [32.0] [cxt 0] Deparser 'deparser': end
[15:53:56.044] [bmv2] [D] [thread 608867] [32.0] [cxt 0] Transmitting packet of size 90 out of port 0
[15:53:56.070] [bmv2] [D] [thread 608862] [33.0] [cxt 0] Processing packet received on port 3
[15:53:56.070] [bmv2] [D] [thread 608862] [33.0] [cxt 0] Parser 'parser': start
[15:53:56.070] [bmv2] [D] [thread 608862] [33.0] [cxt 0] Parser 'parser' entering state 'start'
[15:53:56.070] [bmv2] [D] [thread 608862] [33.0] [cxt 0] Extracting header 'ethernet'
[15:53:56.070] [bmv2] [D] [thread 608862] [33.0] [cxt 0] Parser state 'start': key is 86dd
[15:53:56.070] [bmv2] [T] [thread 608862] [33.0] [cxt 0] Bytes parsed: 14
[15:53:56.070] [bmv2] [D] [thread 608862] [33.0] [cxt 0] Parser 'parser': end
[15:53:56.070] [bmv2] [D] [thread 608862] [33.0] [cxt 0] Pipeline 'ingress': start
[15:53:56.071] [bmv2] [T] [thread 608862] [33.0] [cxt 0] basic_tunnel.p4(134) Condition "hdr.ipv4.isValid()" (node_2) is false
[15:53:56.071] [bmv2] [D] [thread 608862] [33.0] [cxt 0] Pipeline 'ingress': end
[15:53:56.071] [bmv2] [D] [thread 608862] [33.0] [cxt 0] Egress port is 0
[15:53:56.071] [bmv2] [D] [thread 608863] [33.0] [cxt 0] Pipeline 'egress': start
[15:53:56.071] [bmv2] [D] [thread 608863] [33.0] [cxt 0] Pipeline 'egress': end
[15:53:56.071] [bmv2] [D] [thread 608863] [33.0] [cxt 0] Deparser 'deparser': start
[15:53:56.071] [bmv2] [T] [thread 608863] [33.0] [cxt 0] Skipping checksum 'cksum' update because condition not met
[15:53:56.071] [bmv2] [D] [thread 608863] [33.0] [cxt 0] Deparsing header 'ethernet'
[15:53:56.071] [bmv2] [D] [thread 608863] [33.0] [cxt 0] Deparser 'deparser': end
[15:53:56.071] [bmv2] [D] [thread 608867] [33.0] [cxt 0] Transmitting packet of size 214 out of port 0
[15:53:56.091] [bmv2] [D] [thread 608862] [34.0] [cxt 0] Processing packet received on port 2
[15:53:56.092] [bmv2] [D] [thread 608862] [34.0] [cxt 0] Parser 'parser': start
[15:53:56.092] [bmv2] [D] [thread 608862] [34.0] [cxt 0] Parser 'parser' entering state 'start'
[15:53:56.092] [bmv2] [D] [thread 608862] [34.0] [cxt 0] Extracting header 'ethernet'
[15:53:56.092] [bmv2] [D] [thread 608862] [34.0] [cxt 0] Parser state 'start': key is 86dd
[15:53:56.092] [bmv2] [T] [thread 608862] [34.0] [cxt 0] Bytes parsed: 14
[15:53:56.092] [bmv2] [D] [thread 608862] [34.0] [cxt 0] Parser 'parser': end
[15:53:56.092] [bmv2] [D] [thread 608862] [34.0] [cxt 0] Pipeline 'ingress': start
[15:53:56.092] [bmv2] [T] [thread 608862] [34.0] [cxt 0] basic_tunnel.p4(134) Condition "hdr.ipv4.isValid()" (node_2) is false
[15:53:56.092] [bmv2] [D] [thread 608862] [34.0] [cxt 0] Pipeline 'ingress': end
[15:53:56.092] [bmv2] [D] [thread 608862] [34.0] [cxt 0] Egress port is 0
[15:53:56.092] [bmv2] [D] [thread 608863] [34.0] [cxt 0] Pipeline 'egress': start
[15:53:56.092] [bmv2] [D] [thread 608863] [34.0] [cxt 0] Pipeline 'egress': end
[15:53:56.092] [bmv2] [D] [thread 608863] [34.0] [cxt 0] Deparser 'deparser': start
[15:53:56.092] [bmv2] [T] [thread 608863] [34.0] [cxt 0] Skipping checksum 'cksum' update because condition not met
[15:53:56.092] [bmv2] [D] [thread 608863] [34.0] [cxt 0] Deparsing header 'ethernet'
[15:53:56.092] [bmv2] [D] [thread 608863] [34.0] [cxt 0] Deparser 'deparser': end
[15:53:56.092] [bmv2] [D] [thread 608867] [34.0] [cxt 0] Transmitting packet of size 221 out of port 0
[15:53:56.101] [bmv2] [D] [thread 608862] [35.0] [cxt 0] Processing packet received on port 1
[15:53:56.102] [bmv2] [D] [thread 608862] [35.0] [cxt 0] Parser 'parser': start
[15:53:56.102] [bmv2] [D] [thread 608862] [35.0] [cxt 0] Parser 'parser' entering state 'start'
[15:53:56.102] [bmv2] [D] [thread 608862] [35.0] [cxt 0] Extracting header 'ethernet'
[15:53:56.102] [bmv2] [D] [thread 608862] [35.0] [cxt 0] Parser state 'start': key is 86dd
[15:53:56.102] [bmv2] [T] [thread 608862] [35.0] [cxt 0] Bytes parsed: 14
[15:53:56.102] [bmv2] [D] [thread 608862] [35.0] [cxt 0] Parser 'parser': end
[15:53:56.102] [bmv2] [D] [thread 608862] [35.0] [cxt 0] Pipeline 'ingress': start
[15:53:56.102] [bmv2] [T] [thread 608862] [35.0] [cxt 0] basic_tunnel.p4(134) Condition "hdr.ipv4.isValid()" (node_2) is false
[15:53:56.102] [bmv2] [D] [thread 608862] [35.0] [cxt 0] Pipeline 'ingress': end
[15:53:56.102] [bmv2] [D] [thread 608862] [35.0] [cxt 0] Egress port is 0
[15:53:56.102] [bmv2] [D] [thread 608863] [35.0] [cxt 0] Pipeline 'egress': start
[15:53:56.102] [bmv2] [D] [thread 608863] [35.0] [cxt 0] Pipeline 'egress': end
[15:53:56.102] [bmv2] [D] [thread 608863] [35.0] [cxt 0] Deparser 'deparser': start
[15:53:56.102] [bmv2] [T] [thread 608863] [35.0] [cxt 0] Skipping checksum 'cksum' update because condition not met
[15:53:56.102] [bmv2] [D] [thread 608863] [35.0] [cxt 0] Deparsing header 'ethernet'
[15:53:56.102] [bmv2] [D] [thread 608863] [35.0] [cxt 0] Deparser 'deparser': end
[15:53:56.103] [bmv2] [D] [thread 608867] [35.0] [cxt 0] Transmitting packet of size 214 out of port 0
[15:53:56.112] [bmv2] [D] [thread 608862] [36.0] [cxt 0] Processing packet received on port 2
[15:53:56.112] [bmv2] [D] [thread 608862] [36.0] [cxt 0] Parser 'parser': start
[15:53:56.112] [bmv2] [D] [thread 608862] [36.0] [cxt 0] Parser 'parser' entering state 'start'
[15:53:56.112] [bmv2] [D] [thread 608862] [36.0] [cxt 0] Extracting header 'ethernet'
[15:53:56.112] [bmv2] [D] [thread 608862] [36.0] [cxt 0] Parser state 'start': key is 86dd
[15:53:56.112] [bmv2] [T] [thread 608862] [36.0] [cxt 0] Bytes parsed: 14
[15:53:56.113] [bmv2] [D] [thread 608862] [36.0] [cxt 0] Parser 'parser': end
[15:53:56.113] [bmv2] [D] [thread 608862] [36.0] [cxt 0] Pipeline 'ingress': start
[15:53:56.113] [bmv2] [T] [thread 608862] [36.0] [cxt 0] basic_tunnel.p4(134) Condition "hdr.ipv4.isValid()" (node_2) is false
[15:53:56.113] [bmv2] [D] [thread 608862] [36.0] [cxt 0] Pipeline 'ingress': end
[15:53:56.113] [bmv2] [D] [thread 608862] [36.0] [cxt 0] Egress port is 0
[15:53:56.113] [bmv2] [D] [thread 608863] [36.0] [cxt 0] Pipeline 'egress': start
[15:53:56.113] [bmv2] [D] [thread 608863] [36.0] [cxt 0] Pipeline 'egress': end
[15:53:56.113] [bmv2] [D] [thread 608863] [36.0] [cxt 0] Deparser 'deparser': start
[15:53:56.113] [bmv2] [T] [thread 608863] [36.0] [cxt 0] Skipping checksum 'cksum' update because condition not met
[15:53:56.113] [bmv2] [D] [thread 608863] [36.0] [cxt 0] Deparsing header 'ethernet'
[15:53:56.113] [bmv2] [D] [thread 608863] [36.0] [cxt 0] Deparser 'deparser': end
[15:53:56.113] [bmv2] [D] [thread 608867] [36.0] [cxt 0] Transmitting packet of size 214 out of port 0
[15:53:56.118] [bmv2] [D] [thread 608862] [37.0] [cxt 0] Processing packet received on port 3
[15:53:56.118] [bmv2] [D] [thread 608862] [37.0] [cxt 0] Parser 'parser': start
[15:53:56.118] [bmv2] [D] [thread 608862] [37.0] [cxt 0] Parser 'parser' entering state 'start'
[15:53:56.118] [bmv2] [D] [thread 608862] [37.0] [cxt 0] Extracting header 'ethernet'
[15:53:56.118] [bmv2] [D] [thread 608862] [37.0] [cxt 0] Parser state 'start': key is 86dd
[15:53:56.118] [bmv2] [T] [thread 608862] [37.0] [cxt 0] Bytes parsed: 14
[15:53:56.118] [bmv2] [D] [thread 608862] [37.0] [cxt 0] Parser 'parser': end
[15:53:56.118] [bmv2] [D] [thread 608862] [37.0] [cxt 0] Pipeline 'ingress': start
[15:53:56.118] [bmv2] [T] [thread 608862] [37.0] [cxt 0] basic_tunnel.p4(134) Condition "hdr.ipv4.isValid()" (node_2) is false
[15:53:56.118] [bmv2] [D] [thread 608862] [37.0] [cxt 0] Pipeline 'ingress': end
[15:53:56.118] [bmv2] [D] [thread 608862] [37.0] [cxt 0] Egress port is 0
[15:53:56.118] [bmv2] [D] [thread 608863] [37.0] [cxt 0] Pipeline 'egress': start
[15:53:56.118] [bmv2] [D] [thread 608863] [37.0] [cxt 0] Pipeline 'egress': end
[15:53:56.119] [bmv2] [D] [thread 608863] [37.0] [cxt 0] Deparser 'deparser': start
[15:53:56.119] [bmv2] [T] [thread 608863] [37.0] [cxt 0] Skipping checksum 'cksum' update because condition not met
[15:53:56.119] [bmv2] [D] [thread 608863] [37.0] [cxt 0] Deparsing header 'ethernet'
[15:53:56.119] [bmv2] [D] [thread 608863] [37.0] [cxt 0] Deparser 'deparser': end
[15:53:56.119] [bmv2] [D] [thread 608867] [37.0] [cxt 0] Transmitting packet of size 110 out of port 0
[15:53:56.136] [bmv2] [D] [thread 608862] [38.0] [cxt 0] Processing packet received on port 2
[15:53:56.136] [bmv2] [D] [thread 608862] [38.0] [cxt 0] Parser 'parser': start
[15:53:56.136] [bmv2] [D] [thread 608862] [38.0] [cxt 0] Parser 'parser' entering state 'start'
[15:53:56.136] [bmv2] [D] [thread 608862] [38.0] [cxt 0] Extracting header 'ethernet'
[15:53:56.136] [bmv2] [D] [thread 608862] [38.0] [cxt 0] Parser state 'start': key is 86dd
[15:53:56.136] [bmv2] [T] [thread 608862] [38.0] [cxt 0] Bytes parsed: 14
[15:53:56.136] [bmv2] [D] [thread 608862] [38.0] [cxt 0] Parser 'parser': end
[15:53:56.136] [bmv2] [D] [thread 608862] [38.0] [cxt 0] Pipeline 'ingress': start
[15:53:56.136] [bmv2] [T] [thread 608862] [38.0] [cxt 0] basic_tunnel.p4(134) Condition "hdr.ipv4.isValid()" (node_2) is false
[15:53:56.136] [bmv2] [D] [thread 608862] [38.0] [cxt 0] Pipeline 'ingress': end
[15:53:56.136] [bmv2] [D] [thread 608862] [38.0] [cxt 0] Egress port is 0
[15:53:56.137] [bmv2] [D] [thread 608863] [38.0] [cxt 0] Pipeline 'egress': start
[15:53:56.137] [bmv2] [D] [thread 608863] [38.0] [cxt 0] Pipeline 'egress': end
[15:53:56.137] [bmv2] [D] [thread 608863] [38.0] [cxt 0] Deparser 'deparser': start
[15:53:56.137] [bmv2] [T] [thread 608863] [38.0] [cxt 0] Skipping checksum 'cksum' update because condition not met
[15:53:56.137] [bmv2] [D] [thread 608863] [38.0] [cxt 0] Deparsing header 'ethernet'
[15:53:56.137] [bmv2] [D] [thread 608863] [38.0] [cxt 0] Deparser 'deparser': end
[15:53:56.137] [bmv2] [D] [thread 608867] [38.0] [cxt 0] Transmitting packet of size 110 out of port 0
[15:53:56.171] [bmv2] [D] [thread 608862] [39.0] [cxt 0] Processing packet received on port 2
[15:53:56.171] [bmv2] [D] [thread 608862] [39.0] [cxt 0] Parser 'parser': start
[15:53:56.171] [bmv2] [D] [thread 608862] [39.0] [cxt 0] Parser 'parser' entering state 'start'
[15:53:56.171] [bmv2] [D] [thread 608862] [39.0] [cxt 0] Extracting header 'ethernet'
[15:53:56.171] [bmv2] [D] [thread 608862] [39.0] [cxt 0] Parser state 'start': key is 86dd
[15:53:56.171] [bmv2] [T] [thread 608862] [39.0] [cxt 0] Bytes parsed: 14
[15:53:56.171] [bmv2] [D] [thread 608862] [39.0] [cxt 0] Parser 'parser': end
[15:53:56.171] [bmv2] [D] [thread 608862] [39.0] [cxt 0] Pipeline 'ingress': start
[15:53:56.171] [bmv2] [T] [thread 608862] [39.0] [cxt 0] basic_tunnel.p4(134) Condition "hdr.ipv4.isValid()" (node_2) is false
[15:53:56.171] [bmv2] [D] [thread 608862] [39.0] [cxt 0] Pipeline 'ingress': end
[15:53:56.171] [bmv2] [D] [thread 608862] [39.0] [cxt 0] Egress port is 0
[15:53:56.171] [bmv2] [D] [thread 608863] [39.0] [cxt 0] Pipeline 'egress': start
[15:53:56.171] [bmv2] [D] [thread 608863] [39.0] [cxt 0] Pipeline 'egress': end
[15:53:56.171] [bmv2] [D] [thread 608863] [39.0] [cxt 0] Deparser 'deparser': start
[15:53:56.171] [bmv2] [T] [thread 608863] [39.0] [cxt 0] Skipping checksum 'cksum' update because condition not met
[15:53:56.171] [bmv2] [D] [thread 608863] [39.0] [cxt 0] Deparsing header 'ethernet'
[15:53:56.171] [bmv2] [D] [thread 608863] [39.0] [cxt 0] Deparser 'deparser': end
[15:53:56.171] [bmv2] [D] [thread 608867] [39.0] [cxt 0] Transmitting packet of size 214 out of port 0
[15:53:56.270] [bmv2] [D] [thread 608862] [40.0] [cxt 0] Processing packet received on port 3
[15:53:56.270] [bmv2] [D] [thread 608862] [40.0] [cxt 0] Parser 'parser': start
[15:53:56.270] [bmv2] [D] [thread 608862] [40.0] [cxt 0] Parser 'parser' entering state 'start'
[15:53:56.270] [bmv2] [D] [thread 608862] [40.0] [cxt 0] Extracting header 'ethernet'
[15:53:56.270] [bmv2] [D] [thread 608862] [40.0] [cxt 0] Parser state 'start': key is 86dd
[15:53:56.270] [bmv2] [T] [thread 608862] [40.0] [cxt 0] Bytes parsed: 14
[15:53:56.270] [bmv2] [D] [thread 608862] [40.0] [cxt 0] Parser 'parser': end
[15:53:56.270] [bmv2] [D] [thread 608862] [40.0] [cxt 0] Pipeline 'ingress': start
[15:53:56.270] [bmv2] [T] [thread 608862] [40.0] [cxt 0] basic_tunnel.p4(134) Condition "hdr.ipv4.isValid()" (node_2) is false
[15:53:56.270] [bmv2] [D] [thread 608862] [40.0] [cxt 0] Pipeline 'ingress': end
[15:53:56.270] [bmv2] [D] [thread 608862] [40.0] [cxt 0] Egress port is 0
[15:53:56.270] [bmv2] [D] [thread 608863] [40.0] [cxt 0] Pipeline 'egress': start
[15:53:56.271] [bmv2] [D] [thread 608863] [40.0] [cxt 0] Pipeline 'egress': end
[15:53:56.271] [bmv2] [D] [thread 608863] [40.0] [cxt 0] Deparser 'deparser': start
[15:53:56.271] [bmv2] [T] [thread 608863] [40.0] [cxt 0] Skipping checksum 'cksum' update because condition not met
[15:53:56.271] [bmv2] [D] [thread 608863] [40.0] [cxt 0] Deparsing header 'ethernet'
[15:53:56.271] [bmv2] [D] [thread 608863] [40.0] [cxt 0] Deparser 'deparser': end
[15:53:56.271] [bmv2] [D] [thread 608867] [40.0] [cxt 0] Transmitting packet of size 202 out of port 0
[15:53:56.278] [bmv2] [D] [thread 608862] [41.0] [cxt 0] Processing packet received on port 3
[15:53:56.278] [bmv2] [D] [thread 608862] [41.0] [cxt 0] Parser 'parser': start
[15:53:56.278] [bmv2] [D] [thread 608862] [41.0] [cxt 0] Parser 'parser' entering state 'start'
[15:53:56.278] [bmv2] [D] [thread 608862] [41.0] [cxt 0] Extracting header 'ethernet'
[15:53:56.278] [bmv2] [D] [thread 608862] [41.0] [cxt 0] Parser state 'start': key is 86dd
[15:53:56.278] [bmv2] [T] [thread 608862] [41.0] [cxt 0] Bytes parsed: 14
[15:53:56.278] [bmv2] [D] [thread 608862] [41.0] [cxt 0] Parser 'parser': end
[15:53:56.278] [bmv2] [D] [thread 608862] [41.0] [cxt 0] Pipeline 'ingress': start
[15:53:56.278] [bmv2] [T] [thread 608862] [41.0] [cxt 0] basic_tunnel.p4(134) Condition "hdr.ipv4.isValid()" (node_2) is false
[15:53:56.278] [bmv2] [D] [thread 608862] [41.0] [cxt 0] Pipeline 'ingress': end
[15:53:56.278] [bmv2] [D] [thread 608862] [41.0] [cxt 0] Egress port is 0
[15:53:56.278] [bmv2] [D] [thread 608863] [41.0] [cxt 0] Pipeline 'egress': start
[15:53:56.278] [bmv2] [D] [thread 608863] [41.0] [cxt 0] Pipeline 'egress': end
[15:53:56.278] [bmv2] [D] [thread 608863] [41.0] [cxt 0] Deparser 'deparser': start
[15:53:56.278] [bmv2] [T] [thread 608863] [41.0] [cxt 0] Skipping checksum 'cksum' update because condition not met
[15:53:56.278] [bmv2] [D] [thread 608863] [41.0] [cxt 0] Deparsing header 'ethernet'
[15:53:56.278] [bmv2] [D] [thread 608863] [41.0] [cxt 0] Deparser 'deparser': end
[15:53:56.279] [bmv2] [D] [thread 608867] [41.0] [cxt 0] Transmitting packet of size 90 out of port 0
[15:53:56.293] [bmv2] [D] [thread 608862] [42.0] [cxt 0] Processing packet received on port 3
[15:53:56.293] [bmv2] [D] [thread 608862] [42.0] [cxt 0] Parser 'parser': start
[15:53:56.293] [bmv2] [D] [thread 608862] [42.0] [cxt 0] Parser 'parser' entering state 'start'
[15:53:56.293] [bmv2] [D] [thread 608862] [42.0] [cxt 0] Extracting header 'ethernet'
[15:53:56.293] [bmv2] [D] [thread 608862] [42.0] [cxt 0] Parser state 'start': key is 86dd
[15:53:56.293] [bmv2] [T] [thread 608862] [42.0] [cxt 0] Bytes parsed: 14
[15:53:56.293] [bmv2] [D] [thread 608862] [42.0] [cxt 0] Parser 'parser': end
[15:53:56.293] [bmv2] [D] [thread 608862] [42.0] [cxt 0] Pipeline 'ingress': start
[15:53:56.293] [bmv2] [T] [thread 608862] [42.0] [cxt 0] basic_tunnel.p4(134) Condition "hdr.ipv4.isValid()" (node_2) is false
[15:53:56.293] [bmv2] [D] [thread 608862] [42.0] [cxt 0] Pipeline 'ingress': end
[15:53:56.293] [bmv2] [D] [thread 608862] [42.0] [cxt 0] Egress port is 0
[15:53:56.293] [bmv2] [D] [thread 608863] [42.0] [cxt 0] Pipeline 'egress': start
[15:53:56.294] [bmv2] [D] [thread 608863] [42.0] [cxt 0] Pipeline 'egress': end
[15:53:56.294] [bmv2] [D] [thread 608863] [42.0] [cxt 0] Deparser 'deparser': start
[15:53:56.294] [bmv2] [T] [thread 608863] [42.0] [cxt 0] Skipping checksum 'cksum' update because condition not met
[15:53:56.294] [bmv2] [D] [thread 608863] [42.0] [cxt 0] Deparsing header 'ethernet'
[15:53:56.294] [bmv2] [D] [thread 608863] [42.0] [cxt 0] Deparser 'deparser': end
[15:53:56.294] [bmv2] [D] [thread 608867] [42.0] [cxt 0] Transmitting packet of size 214 out of port 0
[15:53:56.302] [bmv2] [D] [thread 608862] [43.0] [cxt 0] Processing packet received on port 1
[15:53:56.302] [bmv2] [D] [thread 608862] [43.0] [cxt 0] Parser 'parser': start
[15:53:56.302] [bmv2] [D] [thread 608862] [43.0] [cxt 0] Parser 'parser' entering state 'start'
[15:53:56.302] [bmv2] [D] [thread 608862] [43.0] [cxt 0] Extracting header 'ethernet'
[15:53:56.302] [bmv2] [D] [thread 608862] [43.0] [cxt 0] Parser state 'start': key is 86dd
[15:53:56.302] [bmv2] [T] [thread 608862] [43.0] [cxt 0] Bytes parsed: 14
[15:53:56.302] [bmv2] [D] [thread 608862] [43.0] [cxt 0] Parser 'parser': end
[15:53:56.302] [bmv2] [D] [thread 608862] [43.0] [cxt 0] Pipeline 'ingress': start
[15:53:56.302] [bmv2] [T] [thread 608862] [43.0] [cxt 0] basic_tunnel.p4(134) Condition "hdr.ipv4.isValid()" (node_2) is false
[15:53:56.302] [bmv2] [D] [thread 608862] [43.0] [cxt 0] Pipeline 'ingress': end
[15:53:56.302] [bmv2] [D] [thread 608862] [43.0] [cxt 0] Egress port is 0
[15:53:56.302] [bmv2] [D] [thread 608863] [43.0] [cxt 0] Pipeline 'egress': start
[15:53:56.302] [bmv2] [D] [thread 608863] [43.0] [cxt 0] Pipeline 'egress': end
[15:53:56.302] [bmv2] [D] [thread 608863] [43.0] [cxt 0] Deparser 'deparser': start
[15:53:56.302] [bmv2] [T] [thread 608863] [43.0] [cxt 0] Skipping checksum 'cksum' update because condition not met
[15:53:56.302] [bmv2] [D] [thread 608863] [43.0] [cxt 0] Deparsing header 'ethernet'
[15:53:56.303] [bmv2] [D] [thread 608863] [43.0] [cxt 0] Deparser 'deparser': end
[15:53:56.303] [bmv2] [D] [thread 608867] [43.0] [cxt 0] Transmitting packet of size 202 out of port 0
[15:53:56.310] [bmv2] [D] [thread 608862] [44.0] [cxt 0] Processing packet received on port 3
[15:53:56.310] [bmv2] [D] [thread 608862] [44.0] [cxt 0] Parser 'parser': start
[15:53:56.310] [bmv2] [D] [thread 608862] [44.0] [cxt 0] Parser 'parser' entering state 'start'
[15:53:56.310] [bmv2] [D] [thread 608862] [44.0] [cxt 0] Extracting header 'ethernet'
[15:53:56.310] [bmv2] [D] [thread 608862] [44.0] [cxt 0] Parser state 'start': key is 86dd
[15:53:56.310] [bmv2] [T] [thread 608862] [44.0] [cxt 0] Bytes parsed: 14
[15:53:56.310] [bmv2] [D] [thread 608862] [44.0] [cxt 0] Parser 'parser': end
[15:53:56.310] [bmv2] [D] [thread 608862] [44.0] [cxt 0] Pipeline 'ingress': start
[15:53:56.311] [bmv2] [T] [thread 608862] [44.0] [cxt 0] basic_tunnel.p4(134) Condition "hdr.ipv4.isValid()" (node_2) is false
[15:53:56.311] [bmv2] [D] [thread 608862] [44.0] [cxt 0] Pipeline 'ingress': end
[15:53:56.311] [bmv2] [D] [thread 608862] [44.0] [cxt 0] Egress port is 0
[15:53:56.311] [bmv2] [D] [thread 608863] [44.0] [cxt 0] Pipeline 'egress': start
[15:53:56.311] [bmv2] [D] [thread 608863] [44.0] [cxt 0] Pipeline 'egress': end
[15:53:56.311] [bmv2] [D] [thread 608863] [44.0] [cxt 0] Deparser 'deparser': start
[15:53:56.311] [bmv2] [T] [thread 608863] [44.0] [cxt 0] Skipping checksum 'cksum' update because condition not met
[15:53:56.311] [bmv2] [D] [thread 608863] [44.0] [cxt 0] Deparsing header 'ethernet'
[15:53:56.311] [bmv2] [D] [thread 608863] [44.0] [cxt 0] Deparser 'deparser': end
[15:53:56.311] [bmv2] [D] [thread 608867] [44.0] [cxt 0] Transmitting packet of size 110 out of port 0
[15:53:56.363] [bmv2] [D] [thread 608862] [45.0] [cxt 0] Processing packet received on port 2
[15:53:56.364] [bmv2] [D] [thread 608862] [45.0] [cxt 0] Parser 'parser': start
[15:53:56.364] [bmv2] [D] [thread 608862] [45.0] [cxt 0] Parser 'parser' entering state 'start'
[15:53:56.364] [bmv2] [D] [thread 608862] [45.0] [cxt 0] Extracting header 'ethernet'
[15:53:56.364] [bmv2] [D] [thread 608862] [45.0] [cxt 0] Parser state 'start': key is 86dd
[15:53:56.364] [bmv2] [T] [thread 608862] [45.0] [cxt 0] Bytes parsed: 14
[15:53:56.364] [bmv2] [D] [thread 608862] [45.0] [cxt 0] Parser 'parser': end
[15:53:56.364] [bmv2] [D] [thread 608862] [45.0] [cxt 0] Pipeline 'ingress': start
[15:53:56.364] [bmv2] [T] [thread 608862] [45.0] [cxt 0] basic_tunnel.p4(134) Condition "hdr.ipv4.isValid()" (node_2) is false
[15:53:56.364] [bmv2] [D] [thread 608862] [45.0] [cxt 0] Pipeline 'ingress': end
[15:53:56.364] [bmv2] [D] [thread 608862] [45.0] [cxt 0] Egress port is 0
[15:53:56.364] [bmv2] [D] [thread 608863] [45.0] [cxt 0] Pipeline 'egress': start
[15:53:56.364] [bmv2] [D] [thread 608863] [45.0] [cxt 0] Pipeline 'egress': end
[15:53:56.364] [bmv2] [D] [thread 608863] [45.0] [cxt 0] Deparser 'deparser': start
[15:53:56.364] [bmv2] [T] [thread 608863] [45.0] [cxt 0] Skipping checksum 'cksum' update because condition not met
[15:53:56.364] [bmv2] [D] [thread 608863] [45.0] [cxt 0] Deparsing header 'ethernet'
[15:53:56.364] [bmv2] [D] [thread 608863] [45.0] [cxt 0] Deparser 'deparser': end
[15:53:56.365] [bmv2] [D] [thread 608867] [45.0] [cxt 0] Transmitting packet of size 214 out of port 0
[15:53:56.406] [bmv2] [D] [thread 608862] [46.0] [cxt 0] Processing packet received on port 2
[15:53:56.406] [bmv2] [D] [thread 608862] [46.0] [cxt 0] Parser 'parser': start
[15:53:56.406] [bmv2] [D] [thread 608862] [46.0] [cxt 0] Parser 'parser' entering state 'start'
[15:53:56.406] [bmv2] [D] [thread 608862] [46.0] [cxt 0] Extracting header 'ethernet'
[15:53:56.406] [bmv2] [D] [thread 608862] [46.0] [cxt 0] Parser state 'start': key is 86dd
[15:53:56.406] [bmv2] [T] [thread 608862] [46.0] [cxt 0] Bytes parsed: 14
[15:53:56.406] [bmv2] [D] [thread 608862] [46.0] [cxt 0] Parser 'parser': end
[15:53:56.406] [bmv2] [D] [thread 608862] [46.0] [cxt 0] Pipeline 'ingress': start
[15:53:56.406] [bmv2] [T] [thread 608862] [46.0] [cxt 0] basic_tunnel.p4(134) Condition "hdr.ipv4.isValid()" (node_2) is false
[15:53:56.407] [bmv2] [D] [thread 608862] [46.0] [cxt 0] Pipeline 'ingress': end
[15:53:56.407] [bmv2] [D] [thread 608862] [46.0] [cxt 0] Egress port is 0
[15:53:56.407] [bmv2] [D] [thread 608863] [46.0] [cxt 0] Pipeline 'egress': start
[15:53:56.407] [bmv2] [D] [thread 608863] [46.0] [cxt 0] Pipeline 'egress': end
[15:53:56.407] [bmv2] [D] [thread 608863] [46.0] [cxt 0] Deparser 'deparser': start
[15:53:56.407] [bmv2] [T] [thread 608863] [46.0] [cxt 0] Skipping checksum 'cksum' update because condition not met
[15:53:56.407] [bmv2] [D] [thread 608863] [46.0] [cxt 0] Deparsing header 'ethernet'
[15:53:56.407] [bmv2] [D] [thread 608863] [46.0] [cxt 0] Deparser 'deparser': end
[15:53:56.407] [bmv2] [D] [thread 608867] [46.0] [cxt 0] Transmitting packet of size 110 out of port 0
[15:53:56.422] [bmv2] [D] [thread 608862] [47.0] [cxt 0] Processing packet received on port 2
[15:53:56.422] [bmv2] [D] [thread 608862] [47.0] [cxt 0] Parser 'parser': start
[15:53:56.422] [bmv2] [D] [thread 608862] [47.0] [cxt 0] Parser 'parser' entering state 'start'
[15:53:56.422] [bmv2] [D] [thread 608862] [47.0] [cxt 0] Extracting header 'ethernet'
[15:53:56.423] [bmv2] [D] [thread 608862] [47.0] [cxt 0] Parser state 'start': key is 86dd
[15:53:56.423] [bmv2] [T] [thread 608862] [47.0] [cxt 0] Bytes parsed: 14
[15:53:56.423] [bmv2] [D] [thread 608862] [47.0] [cxt 0] Parser 'parser': end
[15:53:56.423] [bmv2] [D] [thread 608862] [47.0] [cxt 0] Pipeline 'ingress': start
[15:53:56.423] [bmv2] [T] [thread 608862] [47.0] [cxt 0] basic_tunnel.p4(134) Condition "hdr.ipv4.isValid()" (node_2) is false
[15:53:56.423] [bmv2] [D] [thread 608862] [47.0] [cxt 0] Pipeline 'ingress': end
[15:53:56.423] [bmv2] [D] [thread 608862] [47.0] [cxt 0] Egress port is 0
[15:53:56.423] [bmv2] [D] [thread 608863] [47.0] [cxt 0] Pipeline 'egress': start
[15:53:56.423] [bmv2] [D] [thread 608863] [47.0] [cxt 0] Pipeline 'egress': end
[15:53:56.423] [bmv2] [D] [thread 608863] [47.0] [cxt 0] Deparser 'deparser': start
[15:53:56.423] [bmv2] [T] [thread 608863] [47.0] [cxt 0] Skipping checksum 'cksum' update because condition not met
[15:53:56.423] [bmv2] [D] [thread 608863] [47.0] [cxt 0] Deparsing header 'ethernet'
[15:53:56.423] [bmv2] [D] [thread 608863] [47.0] [cxt 0] Deparser 'deparser': end
[15:53:56.423] [bmv2] [D] [thread 608867] [47.0] [cxt 0] Transmitting packet of size 214 out of port 0
[15:53:56.438] [bmv2] [D] [thread 608862] [48.0] [cxt 0] Processing packet received on port 1
[15:53:56.438] [bmv2] [D] [thread 608862] [48.0] [cxt 0] Parser 'parser': start
[15:53:56.438] [bmv2] [D] [thread 608862] [48.0] [cxt 0] Parser 'parser' entering state 'start'
[15:53:56.438] [bmv2] [D] [thread 608862] [48.0] [cxt 0] Extracting header 'ethernet'
[15:53:56.438] [bmv2] [D] [thread 608862] [48.0] [cxt 0] Parser state 'start': key is 86dd
[15:53:56.438] [bmv2] [T] [thread 608862] [48.0] [cxt 0] Bytes parsed: 14
[15:53:56.438] [bmv2] [D] [thread 608862] [48.0] [cxt 0] Parser 'parser': end
[15:53:56.438] [bmv2] [D] [thread 608862] [48.0] [cxt 0] Pipeline 'ingress': start
[15:53:56.438] [bmv2] [T] [thread 608862] [48.0] [cxt 0] basic_tunnel.p4(134) Condition "hdr.ipv4.isValid()" (node_2) is false
[15:53:56.438] [bmv2] [D] [thread 608862] [48.0] [cxt 0] Pipeline 'ingress': end
[15:53:56.438] [bmv2] [D] [thread 608862] [48.0] [cxt 0] Egress port is 0
[15:53:56.439] [bmv2] [D] [thread 608863] [48.0] [cxt 0] Pipeline 'egress': start
[15:53:56.439] [bmv2] [D] [thread 608863] [48.0] [cxt 0] Pipeline 'egress': end
[15:53:56.439] [bmv2] [D] [thread 608863] [48.0] [cxt 0] Deparser 'deparser': start
[15:53:56.439] [bmv2] [T] [thread 608863] [48.0] [cxt 0] Skipping checksum 'cksum' update because condition not met
[15:53:56.439] [bmv2] [D] [thread 608863] [48.0] [cxt 0] Deparsing header 'ethernet'
[15:53:56.439] [bmv2] [D] [thread 608863] [48.0] [cxt 0] Deparser 'deparser': end
[15:53:56.439] [bmv2] [D] [thread 608867] [48.0] [cxt 0] Transmitting packet of size 90 out of port 0
[15:53:56.493] [bmv2] [D] [thread 608862] [49.0] [cxt 0] Processing packet received on port 3
[15:53:56.493] [bmv2] [D] [thread 608862] [49.0] [cxt 0] Parser 'parser': start
[15:53:56.493] [bmv2] [D] [thread 608862] [49.0] [cxt 0] Parser 'parser' entering state 'start'
[15:53:56.493] [bmv2] [D] [thread 608862] [49.0] [cxt 0] Extracting header 'ethernet'
[15:53:56.493] [bmv2] [D] [thread 608862] [49.0] [cxt 0] Parser state 'start': key is 86dd
[15:53:56.493] [bmv2] [T] [thread 608862] [49.0] [cxt 0] Bytes parsed: 14
[15:53:56.493] [bmv2] [D] [thread 608862] [49.0] [cxt 0] Parser 'parser': end
[15:53:56.493] [bmv2] [D] [thread 608862] [49.0] [cxt 0] Pipeline 'ingress': start
[15:53:56.493] [bmv2] [T] [thread 608862] [49.0] [cxt 0] basic_tunnel.p4(134) Condition "hdr.ipv4.isValid()" (node_2) is false
[15:53:56.493] [bmv2] [D] [thread 608862] [49.0] [cxt 0] Pipeline 'ingress': end
[15:53:56.494] [bmv2] [D] [thread 608862] [49.0] [cxt 0] Egress port is 0
[15:53:56.494] [bmv2] [D] [thread 608863] [49.0] [cxt 0] Pipeline 'egress': start
[15:53:56.494] [bmv2] [D] [thread 608863] [49.0] [cxt 0] Pipeline 'egress': end
[15:53:56.494] [bmv2] [D] [thread 608863] [49.0] [cxt 0] Deparser 'deparser': start
[15:53:56.494] [bmv2] [T] [thread 608863] [49.0] [cxt 0] Skipping checksum 'cksum' update because condition not met
[15:53:56.494] [bmv2] [D] [thread 608863] [49.0] [cxt 0] Deparsing header 'ethernet'
[15:53:56.494] [bmv2] [D] [thread 608863] [49.0] [cxt 0] Deparser 'deparser': end
[15:53:56.494] [bmv2] [D] [thread 608867] [49.0] [cxt 0] Transmitting packet of size 202 out of port 0
[15:53:56.548] [bmv2] [D] [thread 608862] [50.0] [cxt 0] Processing packet received on port 3
[15:53:56.548] [bmv2] [D] [thread 608862] [50.0] [cxt 0] Parser 'parser': start
[15:53:56.548] [bmv2] [D] [thread 608862] [50.0] [cxt 0] Parser 'parser' entering state 'start'
[15:53:56.548] [bmv2] [D] [thread 608862] [50.0] [cxt 0] Extracting header 'ethernet'
[15:53:56.548] [bmv2] [D] [thread 608862] [50.0] [cxt 0] Parser state 'start': key is 86dd
[15:53:56.548] [bmv2] [T] [thread 608862] [50.0] [cxt 0] Bytes parsed: 14
[15:53:56.548] [bmv2] [D] [thread 608862] [50.0] [cxt 0] Parser 'parser': end
[15:53:56.548] [bmv2] [D] [thread 608862] [50.0] [cxt 0] Pipeline 'ingress': start
[15:53:56.548] [bmv2] [T] [thread 608862] [50.0] [cxt 0] basic_tunnel.p4(134) Condition "hdr.ipv4.isValid()" (node_2) is false
[15:53:56.548] [bmv2] [D] [thread 608862] [50.0] [cxt 0] Pipeline 'ingress': end
[15:53:56.548] [bmv2] [D] [thread 608862] [50.0] [cxt 0] Egress port is 0
[15:53:56.548] [bmv2] [D] [thread 608863] [50.0] [cxt 0] Pipeline 'egress': start
[15:53:56.548] [bmv2] [D] [thread 608863] [50.0] [cxt 0] Pipeline 'egress': end
[15:53:56.548] [bmv2] [D] [thread 608863] [50.0] [cxt 0] Deparser 'deparser': start
[15:53:56.548] [bmv2] [T] [thread 608863] [50.0] [cxt 0] Skipping checksum 'cksum' update because condition not met
[15:53:56.548] [bmv2] [D] [thread 608863] [50.0] [cxt 0] Deparsing header 'ethernet'
[15:53:56.548] [bmv2] [D] [thread 608863] [50.0] [cxt 0] Deparser 'deparser': end
[15:53:56.548] [bmv2] [D] [thread 608867] [50.0] [cxt 0] Transmitting packet of size 221 out of port 0
[15:53:56.580] [bmv2] [D] [thread 608862] [51.0] [cxt 0] Processing packet received on port 1
[15:53:56.580] [bmv2] [D] [thread 608862] [51.0] [cxt 0] Parser 'parser': start
[15:53:56.580] [bmv2] [D] [thread 608862] [51.0] [cxt 0] Parser 'parser' entering state 'start'
[15:53:56.580] [bmv2] [D] [thread 608862] [51.0] [cxt 0] Extracting header 'ethernet'
[15:53:56.580] [bmv2] [D] [thread 608862] [51.0] [cxt 0] Parser state 'start': key is 86dd
[15:53:56.580] [bmv2] [T] [thread 608862] [51.0] [cxt 0] Bytes parsed: 14
[15:53:56.580] [bmv2] [D] [thread 608862] [51.0] [cxt 0] Parser 'parser': end
[15:53:56.580] [bmv2] [D] [thread 608862] [51.0] [cxt 0] Pipeline 'ingress': start
[15:53:56.580] [bmv2] [T] [thread 608862] [51.0] [cxt 0] basic_tunnel.p4(134) Condition "hdr.ipv4.isValid()" (node_2) is false
[15:53:56.580] [bmv2] [D] [thread 608862] [51.0] [cxt 0] Pipeline 'ingress': end
[15:53:56.580] [bmv2] [D] [thread 608862] [51.0] [cxt 0] Egress port is 0
[15:53:56.580] [bmv2] [D] [thread 608863] [51.0] [cxt 0] Pipeline 'egress': start
[15:53:56.580] [bmv2] [D] [thread 608863] [51.0] [cxt 0] Pipeline 'egress': end
[15:53:56.580] [bmv2] [D] [thread 608863] [51.0] [cxt 0] Deparser 'deparser': start
[15:53:56.580] [bmv2] [T] [thread 608863] [51.0] [cxt 0] Skipping checksum 'cksum' update because condition not met
[15:53:56.580] [bmv2] [D] [thread 608863] [51.0] [cxt 0] Deparsing header 'ethernet'
[15:53:56.580] [bmv2] [D] [thread 608863] [51.0] [cxt 0] Deparser 'deparser': end
[15:53:56.580] [bmv2] [D] [thread 608867] [51.0] [cxt 0] Transmitting packet of size 221 out of port 0
[15:53:56.614] [bmv2] [D] [thread 608862] [52.0] [cxt 0] Processing packet received on port 2
[15:53:56.614] [bmv2] [D] [thread 608862] [52.0] [cxt 0] Parser 'parser': start
[15:53:56.614] [bmv2] [D] [thread 608862] [52.0] [cxt 0] Parser 'parser' entering state 'start'
[15:53:56.614] [bmv2] [D] [thread 608862] [52.0] [cxt 0] Extracting header 'ethernet'
[15:53:56.614] [bmv2] [D] [thread 608862] [52.0] [cxt 0] Parser state 'start': key is 86dd
[15:53:56.614] [bmv2] [T] [thread 608862] [52.0] [cxt 0] Bytes parsed: 14
[15:53:56.614] [bmv2] [D] [thread 608862] [52.0] [cxt 0] Parser 'parser': end
[15:53:56.614] [bmv2] [D] [thread 608862] [52.0] [cxt 0] Pipeline 'ingress': start
[15:53:56.614] [bmv2] [T] [thread 608862] [52.0] [cxt 0] basic_tunnel.p4(134) Condition "hdr.ipv4.isValid()" (node_2) is false
[15:53:56.614] [bmv2] [D] [thread 608862] [52.0] [cxt 0] Pipeline 'ingress': end
[15:53:56.614] [bmv2] [D] [thread 608862] [52.0] [cxt 0] Egress port is 0
[15:53:56.614] [bmv2] [D] [thread 608863] [52.0] [cxt 0] Pipeline 'egress': start
[15:53:56.614] [bmv2] [D] [thread 608863] [52.0] [cxt 0] Pipeline 'egress': end
[15:53:56.614] [bmv2] [D] [thread 608863] [52.0] [cxt 0] Deparser 'deparser': start
[15:53:56.614] [bmv2] [T] [thread 608863] [52.0] [cxt 0] Skipping checksum 'cksum' update because condition not met
[15:53:56.615] [bmv2] [D] [thread 608863] [52.0] [cxt 0] Deparsing header 'ethernet'
[15:53:56.615] [bmv2] [D] [thread 608863] [52.0] [cxt 0] Deparser 'deparser': end
[15:53:56.615] [bmv2] [D] [thread 608867] [52.0] [cxt 0] Transmitting packet of size 214 out of port 0
[15:53:56.622] [bmv2] [D] [thread 608862] [53.0] [cxt 0] Processing packet received on port 2
[15:53:56.623] [bmv2] [D] [thread 608862] [53.0] [cxt 0] Parser 'parser': start
[15:53:56.623] [bmv2] [D] [thread 608862] [53.0] [cxt 0] Parser 'parser' entering state 'start'
[15:53:56.623] [bmv2] [D] [thread 608862] [53.0] [cxt 0] Extracting header 'ethernet'
[15:53:56.623] [bmv2] [D] [thread 608862] [53.0] [cxt 0] Parser state 'start': key is 86dd
[15:53:56.623] [bmv2] [T] [thread 608862] [53.0] [cxt 0] Bytes parsed: 14
[15:53:56.623] [bmv2] [D] [thread 608862] [53.0] [cxt 0] Parser 'parser': end
[15:53:56.623] [bmv2] [D] [thread 608862] [53.0] [cxt 0] Pipeline 'ingress': start
[15:53:56.623] [bmv2] [T] [thread 608862] [53.0] [cxt 0] basic_tunnel.p4(134) Condition "hdr.ipv4.isValid()" (node_2) is false
[15:53:56.623] [bmv2] [D] [thread 608862] [53.0] [cxt 0] Pipeline 'ingress': end
[15:53:56.623] [bmv2] [D] [thread 608862] [53.0] [cxt 0] Egress port is 0
[15:53:56.623] [bmv2] [D] [thread 608863] [53.0] [cxt 0] Pipeline 'egress': start
[15:53:56.623] [bmv2] [D] [thread 608863] [53.0] [cxt 0] Pipeline 'egress': end
[15:53:56.623] [bmv2] [D] [thread 608863] [53.0] [cxt 0] Deparser 'deparser': start
[15:53:56.623] [bmv2] [T] [thread 608863] [53.0] [cxt 0] Skipping checksum 'cksum' update because condition not met
[15:53:56.623] [bmv2] [D] [thread 608863] [53.0] [cxt 0] Deparsing header 'ethernet'
[15:53:56.623] [bmv2] [D] [thread 608863] [53.0] [cxt 0] Deparser 'deparser': end
[15:53:56.623] [bmv2] [D] [thread 608867] [53.0] [cxt 0] Transmitting packet of size 202 out of port 0
[15:53:56.662] [bmv2] [D] [thread 608862] [54.0] [cxt 0] Processing packet received on port 3
[15:53:56.662] [bmv2] [D] [thread 608862] [54.0] [cxt 0] Parser 'parser': start
[15:53:56.662] [bmv2] [D] [thread 608862] [54.0] [cxt 0] Parser 'parser' entering state 'start'
[15:53:56.662] [bmv2] [D] [thread 608862] [54.0] [cxt 0] Extracting header 'ethernet'
[15:53:56.662] [bmv2] [D] [thread 608862] [54.0] [cxt 0] Parser state 'start': key is 86dd
[15:53:56.662] [bmv2] [T] [thread 608862] [54.0] [cxt 0] Bytes parsed: 14
[15:53:56.662] [bmv2] [D] [thread 608862] [54.0] [cxt 0] Parser 'parser': end
[15:53:56.662] [bmv2] [D] [thread 608862] [54.0] [cxt 0] Pipeline 'ingress': start
[15:53:56.662] [bmv2] [T] [thread 608862] [54.0] [cxt 0] basic_tunnel.p4(134) Condition "hdr.ipv4.isValid()" (node_2) is false
[15:53:56.662] [bmv2] [D] [thread 608862] [54.0] [cxt 0] Pipeline 'ingress': end
[15:53:56.662] [bmv2] [D] [thread 608862] [54.0] [cxt 0] Egress port is 0
[15:53:56.663] [bmv2] [D] [thread 608863] [54.0] [cxt 0] Pipeline 'egress': start
[15:53:56.663] [bmv2] [D] [thread 608863] [54.0] [cxt 0] Pipeline 'egress': end
[15:53:56.663] [bmv2] [D] [thread 608863] [54.0] [cxt 0] Deparser 'deparser': start
[15:53:56.663] [bmv2] [T] [thread 608863] [54.0] [cxt 0] Skipping checksum 'cksum' update because condition not met
[15:53:56.663] [bmv2] [D] [thread 608863] [54.0] [cxt 0] Deparsing header 'ethernet'
[15:53:56.663] [bmv2] [D] [thread 608863] [54.0] [cxt 0] Deparser 'deparser': end
[15:53:56.663] [bmv2] [D] [thread 608867] [54.0] [cxt 0] Transmitting packet of size 90 out of port 0
[15:53:56.772] [bmv2] [D] [thread 608862] [55.0] [cxt 0] Processing packet received on port 3
[15:53:56.772] [bmv2] [D] [thread 608862] [55.0] [cxt 0] Parser 'parser': start
[15:53:56.772] [bmv2] [D] [thread 608862] [55.0] [cxt 0] Parser 'parser' entering state 'start'
[15:53:56.772] [bmv2] [D] [thread 608862] [55.0] [cxt 0] Extracting header 'ethernet'
[15:53:56.772] [bmv2] [D] [thread 608862] [55.0] [cxt 0] Parser state 'start': key is 86dd
[15:53:56.772] [bmv2] [T] [thread 608862] [55.0] [cxt 0] Bytes parsed: 14
[15:53:56.772] [bmv2] [D] [thread 608862] [55.0] [cxt 0] Parser 'parser': end
[15:53:56.772] [bmv2] [D] [thread 608862] [55.0] [cxt 0] Pipeline 'ingress': start
[15:53:56.772] [bmv2] [T] [thread 608862] [55.0] [cxt 0] basic_tunnel.p4(134) Condition "hdr.ipv4.isValid()" (node_2) is false
[15:53:56.772] [bmv2] [D] [thread 608862] [55.0] [cxt 0] Pipeline 'ingress': end
[15:53:56.772] [bmv2] [D] [thread 608862] [55.0] [cxt 0] Egress port is 0
[15:53:56.772] [bmv2] [D] [thread 608863] [55.0] [cxt 0] Pipeline 'egress': start
[15:53:56.772] [bmv2] [D] [thread 608863] [55.0] [cxt 0] Pipeline 'egress': end
[15:53:56.772] [bmv2] [D] [thread 608863] [55.0] [cxt 0] Deparser 'deparser': start
[15:53:56.772] [bmv2] [T] [thread 608863] [55.0] [cxt 0] Skipping checksum 'cksum' update because condition not met
[15:53:56.773] [bmv2] [D] [thread 608863] [55.0] [cxt 0] Deparsing header 'ethernet'
[15:53:56.773] [bmv2] [D] [thread 608863] [55.0] [cxt 0] Deparser 'deparser': end
[15:53:56.773] [bmv2] [D] [thread 608867] [55.0] [cxt 0] Transmitting packet of size 221 out of port 0
[15:53:56.814] [bmv2] [D] [thread 608862] [56.0] [cxt 0] Processing packet received on port 2
[15:53:56.814] [bmv2] [D] [thread 608862] [56.0] [cxt 0] Parser 'parser': start
[15:53:56.814] [bmv2] [D] [thread 608862] [56.0] [cxt 0] Parser 'parser' entering state 'start'
[15:53:56.814] [bmv2] [D] [thread 608862] [56.0] [cxt 0] Extracting header 'ethernet'
[15:53:56.814] [bmv2] [D] [thread 608862] [56.0] [cxt 0] Parser state 'start': key is 86dd
[15:53:56.814] [bmv2] [T] [thread 608862] [56.0] [cxt 0] Bytes parsed: 14
[15:53:56.814] [bmv2] [D] [thread 608862] [56.0] [cxt 0] Parser 'parser': end
[15:53:56.814] [bmv2] [D] [thread 608862] [56.0] [cxt 0] Pipeline 'ingress': start
[15:53:56.814] [bmv2] [T] [thread 608862] [56.0] [cxt 0] basic_tunnel.p4(134) Condition "hdr.ipv4.isValid()" (node_2) is false
[15:53:56.814] [bmv2] [D] [thread 608862] [56.0] [cxt 0] Pipeline 'ingress': end
[15:53:56.814] [bmv2] [D] [thread 608862] [56.0] [cxt 0] Egress port is 0
[15:53:56.814] [bmv2] [D] [thread 608863] [56.0] [cxt 0] Pipeline 'egress': start
[15:53:56.814] [bmv2] [D] [thread 608863] [56.0] [cxt 0] Pipeline 'egress': end
[15:53:56.814] [bmv2] [D] [thread 608863] [56.0] [cxt 0] Deparser 'deparser': start
[15:53:56.815] [bmv2] [T] [thread 608863] [56.0] [cxt 0] Skipping checksum 'cksum' update because condition not met
[15:53:56.815] [bmv2] [D] [thread 608863] [56.0] [cxt 0] Deparsing header 'ethernet'
[15:53:56.815] [bmv2] [D] [thread 608863] [56.0] [cxt 0] Deparser 'deparser': end
[15:53:56.815] [bmv2] [D] [thread 608867] [56.0] [cxt 0] Transmitting packet of size 202 out of port 0
[15:53:56.901] [bmv2] [D] [thread 608862] [57.0] [cxt 0] Processing packet received on port 2
[15:53:56.901] [bmv2] [D] [thread 608862] [57.0] [cxt 0] Parser 'parser': start
[15:53:56.901] [bmv2] [D] [thread 608862] [57.0] [cxt 0] Parser 'parser' entering state 'start'
[15:53:56.901] [bmv2] [D] [thread 608862] [57.0] [cxt 0] Extracting header 'ethernet'
[15:53:56.901] [bmv2] [D] [thread 608862] [57.0] [cxt 0] Parser state 'start': key is 86dd
[15:53:56.901] [bmv2] [T] [thread 608862] [57.0] [cxt 0] Bytes parsed: 14
[15:53:56.901] [bmv2] [D] [thread 608862] [57.0] [cxt 0] Parser 'parser': end
[15:53:56.901] [bmv2] [D] [thread 608862] [57.0] [cxt 0] Pipeline 'ingress': start
[15:53:56.901] [bmv2] [T] [thread 608862] [57.0] [cxt 0] basic_tunnel.p4(134) Condition "hdr.ipv4.isValid()" (node_2) is false
[15:53:56.901] [bmv2] [D] [thread 608862] [57.0] [cxt 0] Pipeline 'ingress': end
[15:53:56.901] [bmv2] [D] [thread 608862] [57.0] [cxt 0] Egress port is 0
[15:53:56.901] [bmv2] [D] [thread 608863] [57.0] [cxt 0] Pipeline 'egress': start
[15:53:56.901] [bmv2] [D] [thread 608863] [57.0] [cxt 0] Pipeline 'egress': end
[15:53:56.901] [bmv2] [D] [thread 608863] [57.0] [cxt 0] Deparser 'deparser': start
[15:53:56.901] [bmv2] [T] [thread 608863] [57.0] [cxt 0] Skipping checksum 'cksum' update because condition not met
[15:53:56.901] [bmv2] [D] [thread 608863] [57.0] [cxt 0] Deparsing header 'ethernet'
[15:53:56.902] [bmv2] [D] [thread 608863] [57.0] [cxt 0] Deparser 'deparser': end
[15:53:56.902] [bmv2] [D] [thread 608867] [57.0] [cxt 0] Transmitting packet of size 221 out of port 0
[15:53:56.918] [bmv2] [D] [thread 608862] [58.0] [cxt 0] Processing packet received on port 2
[15:53:56.918] [bmv2] [D] [thread 608862] [58.0] [cxt 0] Parser 'parser': start
[15:53:56.918] [bmv2] [D] [thread 608862] [58.0] [cxt 0] Parser 'parser' entering state 'start'
[15:53:56.918] [bmv2] [D] [thread 608862] [58.0] [cxt 0] Extracting header 'ethernet'
[15:53:56.918] [bmv2] [D] [thread 608862] [58.0] [cxt 0] Parser state 'start': key is 86dd
[15:53:56.918] [bmv2] [T] [thread 608862] [58.0] [cxt 0] Bytes parsed: 14
[15:53:56.918] [bmv2] [D] [thread 608862] [58.0] [cxt 0] Parser 'parser': end
[15:53:56.918] [bmv2] [D] [thread 608862] [58.0] [cxt 0] Pipeline 'ingress': start
[15:53:56.918] [bmv2] [T] [thread 608862] [58.0] [cxt 0] basic_tunnel.p4(134) Condition "hdr.ipv4.isValid()" (node_2) is false
[15:53:56.918] [bmv2] [D] [thread 608862] [58.0] [cxt 0] Pipeline 'ingress': end
[15:53:56.918] [bmv2] [D] [thread 608862] [58.0] [cxt 0] Egress port is 0
[15:53:56.919] [bmv2] [D] [thread 608863] [58.0] [cxt 0] Pipeline 'egress': start
[15:53:56.919] [bmv2] [D] [thread 608863] [58.0] [cxt 0] Pipeline 'egress': end
[15:53:56.919] [bmv2] [D] [thread 608863] [58.0] [cxt 0] Deparser 'deparser': start
[15:53:56.919] [bmv2] [T] [thread 608863] [58.0] [cxt 0] Skipping checksum 'cksum' update because condition not met
[15:53:56.919] [bmv2] [D] [thread 608863] [58.0] [cxt 0] Deparsing header 'ethernet'
[15:53:56.919] [bmv2] [D] [thread 608863] [58.0] [cxt 0] Deparser 'deparser': end
[15:53:56.919] [bmv2] [D] [thread 608867] [58.0] [cxt 0] Transmitting packet of size 90 out of port 0
[15:53:57.212] [bmv2] [W] [thread 608921] [P4Runtime] p4::tmp::P4DeviceConfig is deprecated
[15:53:57.213] [bmv2] [D] [thread 608921] Set default default entry for table 'MyIngress.ipv4_lpm': MyIngress.drop - 
[15:53:57.214] [bmv2] [D] [thread 608921] simple_switch target has been notified of a config swap
[15:53:57.215] [bmv2] [D] [thread 608922] Entry 0 added to table 'MyIngress.ipv4_lpm'
[15:53:57.215] [bmv2] [D] [thread 608922] Dumping entry 0
Match key:
* hdr.ipv4.dstAddr    : LPM       0a000101/32
Action entry: MyIngress.ipv4_forward - 80000000111,1,

[15:53:57.215] [bmv2] [D] [thread 608921] Entry 1 added to table 'MyIngress.ipv4_lpm'
[15:53:57.215] [bmv2] [D] [thread 608921] Dumping entry 1
Match key:
* hdr.ipv4.dstAddr    : LPM       0a000202/32
Action entry: MyIngress.ipv4_forward - 80000000200,2,

[15:53:57.216] [bmv2] [D] [thread 608922] Entry 2 added to table 'MyIngress.ipv4_lpm'
[15:53:57.216] [bmv2] [D] [thread 608922] Dumping entry 2
Match key:
* hdr.ipv4.dstAddr    : LPM       0a000303/32
Action entry: MyIngress.ipv4_forward - 80000000300,3,

