Calling target program-options parser
[15:27:55.833] [bmv2] [D] [thread 666402] Set default default entry for table 'MyIngress.ipv4_lpm': NoAction - 
[15:27:55.833] [bmv2] [D] [thread 666402] Set default default entry for table 'tbl_mri221': mri221 - 
Adding interface s3-eth1 as port 1
[15:27:55.834] [bmv2] [D] [thread 666402] Adding interface s3-eth1 as port 1
Adding interface s3-eth2 as port 2
[15:27:55.927] [bmv2] [D] [thread 666402] Adding interface s3-eth2 as port 2
Adding interface s3-eth3 as port 3
[15:27:55.986] [bmv2] [D] [thread 666402] Adding interface s3-eth3 as port 3
Server listening on 0.0.0.0:50053
[15:27:56.015] [bmv2] [I] [thread 666402] Starting Thrift server on port 9092
[15:27:56.015] [bmv2] [I] [thread 666402] Thrift server was started
[15:27:56.017] [bmv2] [D] [thread 666412] [0.0] [cxt 0] Processing packet received on port 1
[15:27:56.017] [bmv2] [D] [thread 666412] [0.0] [cxt 0] Parser 'parser': start
[15:27:56.017] [bmv2] [D] [thread 666412] [0.0] [cxt 0] Parser 'parser' entering state 'start'
[15:27:56.017] [bmv2] [D] [thread 666412] [0.0] [cxt 0] Extracting header 'ethernet'
[15:27:56.017] [bmv2] [D] [thread 666412] [0.0] [cxt 0] Parser state 'start': key is 86dd
[15:27:56.017] [bmv2] [T] [thread 666412] [0.0] [cxt 0] Bytes parsed: 14
[15:27:56.017] [bmv2] [D] [thread 666412] [0.0] [cxt 0] Parser 'parser': end
[15:27:56.017] [bmv2] [D] [thread 666412] [0.0] [cxt 0] Pipeline 'ingress': start
[15:27:56.017] [bmv2] [T] [thread 666412] [0.0] [cxt 0] mri.p4(180) Condition "hdr.ipv4.isValid()" (node_2) is false
[15:27:56.017] [bmv2] [D] [thread 666412] [0.0] [cxt 0] Pipeline 'ingress': end
[15:27:56.017] [bmv2] [D] [thread 666412] [0.0] [cxt 0] Egress port is 0
[15:27:56.017] [bmv2] [D] [thread 666412] [1.0] [cxt 0] Processing packet received on port 1
[15:27:56.017] [bmv2] [D] [thread 666412] [1.0] [cxt 0] Parser 'parser': start
[15:27:56.018] [bmv2] [D] [thread 666412] [1.0] [cxt 0] Parser 'parser' entering state 'start'
[15:27:56.018] [bmv2] [D] [thread 666412] [1.0] [cxt 0] Extracting header 'ethernet'
[15:27:56.018] [bmv2] [D] [thread 666412] [1.0] [cxt 0] Parser state 'start': key is 86dd
[15:27:56.018] [bmv2] [T] [thread 666412] [1.0] [cxt 0] Bytes parsed: 14
[15:27:56.018] [bmv2] [D] [thread 666413] [0.0] [cxt 0] Pipeline 'egress': start
[15:27:56.018] [bmv2] [D] [thread 666412] [1.0] [cxt 0] Parser 'parser': end
[15:27:56.018] [bmv2] [D] [thread 666412] [1.0] [cxt 0] Pipeline 'ingress': start
[15:27:56.018] [bmv2] [T] [thread 666413] [0.0] [cxt 0] mri.p4(220) Condition "hdr.ipv4.isValid()" (node_6) is false
[15:27:56.018] [bmv2] [T] [thread 666412] [1.0] [cxt 0] mri.p4(180) Condition "hdr.ipv4.isValid()" (node_2) is false
[15:27:56.018] [bmv2] [D] [thread 666413] [0.0] [cxt 0] Pipeline 'egress': end
[15:27:56.018] [bmv2] [D] [thread 666412] [1.0] [cxt 0] Pipeline 'ingress': end
[15:27:56.018] [bmv2] [D] [thread 666413] [0.0] [cxt 0] Deparser 'deparser': start
[15:27:56.018] [bmv2] [D] [thread 666412] [1.0] [cxt 0] Egress port is 0
[15:27:56.018] [bmv2] [T] [thread 666413] [0.0] [cxt 0] Skipping checksum 'cksum' update because condition not met
[15:27:56.018] [bmv2] [D] [thread 666413] [0.0] [cxt 0] Deparsing header 'ethernet'
[15:27:56.018] [bmv2] [D] [thread 666412] [2.0] [cxt 0] Processing packet received on port 1
[15:27:56.018] [bmv2] [D] [thread 666413] [0.0] [cxt 0] Deparser 'deparser': end
[15:27:56.018] [bmv2] [D] [thread 666412] [2.0] [cxt 0] Parser 'parser': start
[15:27:56.018] [bmv2] [D] [thread 666412] [2.0] [cxt 0] Parser 'parser' entering state 'start'
[15:27:56.018] [bmv2] [D] [thread 666412] [2.0] [cxt 0] Extracting header 'ethernet'
[15:27:56.018] [bmv2] [D] [thread 666412] [2.0] [cxt 0] Parser state 'start': key is 86dd
[15:27:56.018] [bmv2] [D] [thread 666413] [1.0] [cxt 0] Pipeline 'egress': start
[15:27:56.018] [bmv2] [T] [thread 666412] [2.0] [cxt 0] Bytes parsed: 14
[15:27:56.018] [bmv2] [D] [thread 666417] [0.0] [cxt 0] Transmitting packet of size 90 out of port 0
[15:27:56.018] [bmv2] [T] [thread 666413] [1.0] [cxt 0] mri.p4(220) Condition "hdr.ipv4.isValid()" (node_6) is false
[15:27:56.018] [bmv2] [D] [thread 666413] [1.0] [cxt 0] Pipeline 'egress': end
[15:27:56.018] [bmv2] [D] [thread 666412] [2.0] [cxt 0] Parser 'parser': end
[15:27:56.018] [bmv2] [D] [thread 666413] [1.0] [cxt 0] Deparser 'deparser': start
[15:27:56.019] [bmv2] [D] [thread 666412] [2.0] [cxt 0] Pipeline 'ingress': start
[15:27:56.019] [bmv2] [T] [thread 666413] [1.0] [cxt 0] Skipping checksum 'cksum' update because condition not met
[15:27:56.019] [bmv2] [T] [thread 666412] [2.0] [cxt 0] mri.p4(180) Condition "hdr.ipv4.isValid()" (node_2) is false
[15:27:56.019] [bmv2] [D] [thread 666412] [2.0] [cxt 0] Pipeline 'ingress': end
[15:27:56.019] [bmv2] [D] [thread 666413] [1.0] [cxt 0] Deparsing header 'ethernet'
[15:27:56.019] [bmv2] [D] [thread 666412] [2.0] [cxt 0] Egress port is 0
[15:27:56.019] [bmv2] [D] [thread 666413] [1.0] [cxt 0] Deparser 'deparser': end
[15:27:56.019] [bmv2] [D] [thread 666417] [1.0] [cxt 0] Transmitting packet of size 70 out of port 0
[15:27:56.019] [bmv2] [D] [thread 666413] [2.0] [cxt 0] Pipeline 'egress': start
[15:27:56.019] [bmv2] [T] [thread 666413] [2.0] [cxt 0] mri.p4(220) Condition "hdr.ipv4.isValid()" (node_6) is false
[15:27:56.019] [bmv2] [D] [thread 666413] [2.0] [cxt 0] Pipeline 'egress': end
[15:27:56.019] [bmv2] [D] [thread 666413] [2.0] [cxt 0] Deparser 'deparser': start
[15:27:56.019] [bmv2] [T] [thread 666413] [2.0] [cxt 0] Skipping checksum 'cksum' update because condition not met
[15:27:56.019] [bmv2] [D] [thread 666413] [2.0] [cxt 0] Deparsing header 'ethernet'
[15:27:56.019] [bmv2] [D] [thread 666413] [2.0] [cxt 0] Deparser 'deparser': end
[15:27:56.019] [bmv2] [D] [thread 666417] [2.0] [cxt 0] Transmitting packet of size 90 out of port 0
[15:27:56.020] [bmv2] [D] [thread 666412] [3.0] [cxt 0] Processing packet received on port 2
[15:27:56.020] [bmv2] [D] [thread 666412] [3.0] [cxt 0] Parser 'parser': start
[15:27:56.020] [bmv2] [D] [thread 666412] [3.0] [cxt 0] Parser 'parser' entering state 'start'
[15:27:56.020] [bmv2] [D] [thread 666412] [3.0] [cxt 0] Extracting header 'ethernet'
[15:27:56.020] [bmv2] [D] [thread 666412] [3.0] [cxt 0] Parser state 'start': key is 86dd
[15:27:56.020] [bmv2] [T] [thread 666412] [3.0] [cxt 0] Bytes parsed: 14
[15:27:56.020] [bmv2] [D] [thread 666412] [3.0] [cxt 0] Parser 'parser': end
[15:27:56.020] [bmv2] [D] [thread 666412] [3.0] [cxt 0] Pipeline 'ingress': start
[15:27:56.020] [bmv2] [T] [thread 666412] [3.0] [cxt 0] mri.p4(180) Condition "hdr.ipv4.isValid()" (node_2) is false
[15:27:56.020] [bmv2] [D] [thread 666412] [3.0] [cxt 0] Pipeline 'ingress': end
[15:27:56.020] [bmv2] [D] [thread 666412] [3.0] [cxt 0] Egress port is 0
[15:27:56.020] [bmv2] [D] [thread 666413] [3.0] [cxt 0] Pipeline 'egress': start
[15:27:56.020] [bmv2] [T] [thread 666413] [3.0] [cxt 0] mri.p4(220) Condition "hdr.ipv4.isValid()" (node_6) is false
[15:27:56.020] [bmv2] [D] [thread 666413] [3.0] [cxt 0] Pipeline 'egress': end
[15:27:56.020] [bmv2] [D] [thread 666413] [3.0] [cxt 0] Deparser 'deparser': start
[15:27:56.020] [bmv2] [T] [thread 666413] [3.0] [cxt 0] Skipping checksum 'cksum' update because condition not met
[15:27:56.021] [bmv2] [D] [thread 666413] [3.0] [cxt 0] Deparsing header 'ethernet'
[15:27:56.021] [bmv2] [D] [thread 666413] [3.0] [cxt 0] Deparser 'deparser': end
[15:27:56.021] [bmv2] [D] [thread 666417] [3.0] [cxt 0] Transmitting packet of size 214 out of port 0
[15:27:56.021] [bmv2] [D] [thread 666412] [4.0] [cxt 0] Processing packet received on port 1
[15:27:56.021] [bmv2] [D] [thread 666412] [4.0] [cxt 0] Parser 'parser': start
[15:27:56.021] [bmv2] [D] [thread 666412] [4.0] [cxt 0] Parser 'parser' entering state 'start'
[15:27:56.021] [bmv2] [D] [thread 666412] [4.0] [cxt 0] Extracting header 'ethernet'
[15:27:56.021] [bmv2] [D] [thread 666412] [4.0] [cxt 0] Parser state 'start': key is 86dd
[15:27:56.021] [bmv2] [T] [thread 666412] [4.0] [cxt 0] Bytes parsed: 14
[15:27:56.021] [bmv2] [D] [thread 666412] [4.0] [cxt 0] Parser 'parser': end
[15:27:56.022] [bmv2] [D] [thread 666412] [4.0] [cxt 0] Pipeline 'ingress': start
[15:27:56.022] [bmv2] [T] [thread 666412] [4.0] [cxt 0] mri.p4(180) Condition "hdr.ipv4.isValid()" (node_2) is false
[15:27:56.022] [bmv2] [D] [thread 666412] [4.0] [cxt 0] Pipeline 'ingress': end
[15:27:56.022] [bmv2] [D] [thread 666412] [4.0] [cxt 0] Egress port is 0
[15:27:56.022] [bmv2] [D] [thread 666413] [4.0] [cxt 0] Pipeline 'egress': start
[15:27:56.022] [bmv2] [T] [thread 666413] [4.0] [cxt 0] mri.p4(220) Condition "hdr.ipv4.isValid()" (node_6) is false
[15:27:56.022] [bmv2] [D] [thread 666413] [4.0] [cxt 0] Pipeline 'egress': end
[15:27:56.022] [bmv2] [D] [thread 666413] [4.0] [cxt 0] Deparser 'deparser': start
[15:27:56.022] [bmv2] [T] [thread 666413] [4.0] [cxt 0] Skipping checksum 'cksum' update because condition not met
[15:27:56.022] [bmv2] [D] [thread 666413] [4.0] [cxt 0] Deparsing header 'ethernet'
[15:27:56.022] [bmv2] [D] [thread 666413] [4.0] [cxt 0] Deparser 'deparser': end
[15:27:56.022] [bmv2] [D] [thread 666417] [4.0] [cxt 0] Transmitting packet of size 214 out of port 0
[15:27:56.029] [bmv2] [D] [thread 666412] [5.0] [cxt 0] Processing packet received on port 2
[15:27:56.029] [bmv2] [D] [thread 666412] [5.0] [cxt 0] Parser 'parser': start
[15:27:56.029] [bmv2] [D] [thread 666412] [5.0] [cxt 0] Parser 'parser' entering state 'start'
[15:27:56.029] [bmv2] [D] [thread 666412] [5.0] [cxt 0] Extracting header 'ethernet'
[15:27:56.029] [bmv2] [D] [thread 666412] [5.0] [cxt 0] Parser state 'start': key is 86dd
[15:27:56.029] [bmv2] [T] [thread 666412] [5.0] [cxt 0] Bytes parsed: 14
[15:27:56.029] [bmv2] [D] [thread 666412] [5.0] [cxt 0] Parser 'parser': end
[15:27:56.029] [bmv2] [D] [thread 666412] [5.0] [cxt 0] Pipeline 'ingress': start
[15:27:56.029] [bmv2] [T] [thread 666412] [5.0] [cxt 0] mri.p4(180) Condition "hdr.ipv4.isValid()" (node_2) is false
[15:27:56.029] [bmv2] [D] [thread 666412] [5.0] [cxt 0] Pipeline 'ingress': end
[15:27:56.029] [bmv2] [D] [thread 666412] [5.0] [cxt 0] Egress port is 0
[15:27:56.030] [bmv2] [D] [thread 666413] [5.0] [cxt 0] Pipeline 'egress': start
[15:27:56.030] [bmv2] [T] [thread 666413] [5.0] [cxt 0] mri.p4(220) Condition "hdr.ipv4.isValid()" (node_6) is false
[15:27:56.030] [bmv2] [D] [thread 666413] [5.0] [cxt 0] Pipeline 'egress': end
[15:27:56.030] [bmv2] [D] [thread 666413] [5.0] [cxt 0] Deparser 'deparser': start
[15:27:56.030] [bmv2] [T] [thread 666413] [5.0] [cxt 0] Skipping checksum 'cksum' update because condition not met
[15:27:56.030] [bmv2] [D] [thread 666413] [5.0] [cxt 0] Deparsing header 'ethernet'
[15:27:56.030] [bmv2] [D] [thread 666413] [5.0] [cxt 0] Deparser 'deparser': end
[15:27:56.030] [bmv2] [D] [thread 666417] [5.0] [cxt 0] Transmitting packet of size 221 out of port 0
[15:27:56.031] [bmv2] [D] [thread 666412] [6.0] [cxt 0] Processing packet received on port 1
[15:27:56.031] [bmv2] [D] [thread 666412] [6.0] [cxt 0] Parser 'parser': start
[15:27:56.031] [bmv2] [D] [thread 666412] [6.0] [cxt 0] Parser 'parser' entering state 'start'
[15:27:56.031] [bmv2] [D] [thread 666412] [6.0] [cxt 0] Extracting header 'ethernet'
[15:27:56.031] [bmv2] [D] [thread 666412] [6.0] [cxt 0] Parser state 'start': key is 86dd
[15:27:56.031] [bmv2] [T] [thread 666412] [6.0] [cxt 0] Bytes parsed: 14
[15:27:56.031] [bmv2] [D] [thread 666412] [6.0] [cxt 0] Parser 'parser': end
[15:27:56.031] [bmv2] [D] [thread 666412] [6.0] [cxt 0] Pipeline 'ingress': start
[15:27:56.031] [bmv2] [T] [thread 666412] [6.0] [cxt 0] mri.p4(180) Condition "hdr.ipv4.isValid()" (node_2) is false
[15:27:56.031] [bmv2] [D] [thread 666412] [6.0] [cxt 0] Pipeline 'ingress': end
[15:27:56.031] [bmv2] [D] [thread 666412] [6.0] [cxt 0] Egress port is 0
[15:27:56.031] [bmv2] [D] [thread 666413] [6.0] [cxt 0] Pipeline 'egress': start
[15:27:56.031] [bmv2] [T] [thread 666413] [6.0] [cxt 0] mri.p4(220) Condition "hdr.ipv4.isValid()" (node_6) is false
[15:27:56.031] [bmv2] [D] [thread 666413] [6.0] [cxt 0] Pipeline 'egress': end
[15:27:56.031] [bmv2] [D] [thread 666413] [6.0] [cxt 0] Deparser 'deparser': start
[15:27:56.031] [bmv2] [T] [thread 666413] [6.0] [cxt 0] Skipping checksum 'cksum' update because condition not met
[15:27:56.032] [bmv2] [D] [thread 666413] [6.0] [cxt 0] Deparsing header 'ethernet'
[15:27:56.032] [bmv2] [D] [thread 666413] [6.0] [cxt 0] Deparser 'deparser': end
[15:27:56.032] [bmv2] [D] [thread 666417] [6.0] [cxt 0] Transmitting packet of size 221 out of port 0
[15:27:56.054] [bmv2] [D] [thread 666412] [7.0] [cxt 0] Processing packet received on port 3
[15:27:56.054] [bmv2] [D] [thread 666412] [7.0] [cxt 0] Parser 'parser': start
[15:27:56.054] [bmv2] [D] [thread 666412] [7.0] [cxt 0] Parser 'parser' entering state 'start'
[15:27:56.054] [bmv2] [D] [thread 666412] [7.0] [cxt 0] Extracting header 'ethernet'
[15:27:56.054] [bmv2] [D] [thread 666412] [7.0] [cxt 0] Parser state 'start': key is 86dd
[15:27:56.054] [bmv2] [T] [thread 666412] [7.0] [cxt 0] Bytes parsed: 14
[15:27:56.054] [bmv2] [D] [thread 666412] [7.0] [cxt 0] Parser 'parser': end
[15:27:56.054] [bmv2] [D] [thread 666412] [7.0] [cxt 0] Pipeline 'ingress': start
[15:27:56.054] [bmv2] [T] [thread 666412] [7.0] [cxt 0] mri.p4(180) Condition "hdr.ipv4.isValid()" (node_2) is false
[15:27:56.055] [bmv2] [D] [thread 666412] [7.0] [cxt 0] Pipeline 'ingress': end
[15:27:56.055] [bmv2] [D] [thread 666412] [7.0] [cxt 0] Egress port is 0
[15:27:56.055] [bmv2] [D] [thread 666413] [7.0] [cxt 0] Pipeline 'egress': start
[15:27:56.055] [bmv2] [T] [thread 666413] [7.0] [cxt 0] mri.p4(220) Condition "hdr.ipv4.isValid()" (node_6) is false
[15:27:56.055] [bmv2] [D] [thread 666413] [7.0] [cxt 0] Pipeline 'egress': end
[15:27:56.055] [bmv2] [D] [thread 666413] [7.0] [cxt 0] Deparser 'deparser': start
[15:27:56.055] [bmv2] [T] [thread 666413] [7.0] [cxt 0] Skipping checksum 'cksum' update because condition not met
[15:27:56.055] [bmv2] [D] [thread 666413] [7.0] [cxt 0] Deparsing header 'ethernet'
[15:27:56.055] [bmv2] [D] [thread 666413] [7.0] [cxt 0] Deparser 'deparser': end
[15:27:56.056] [bmv2] [D] [thread 666417] [7.0] [cxt 0] Transmitting packet of size 110 out of port 0
[15:27:56.098] [bmv2] [D] [thread 666412] [8.0] [cxt 0] Processing packet received on port 1
[15:27:56.098] [bmv2] [D] [thread 666412] [8.0] [cxt 0] Parser 'parser': start
[15:27:56.098] [bmv2] [D] [thread 666412] [8.0] [cxt 0] Parser 'parser' entering state 'start'
[15:27:56.098] [bmv2] [D] [thread 666412] [8.0] [cxt 0] Extracting header 'ethernet'
[15:27:56.098] [bmv2] [D] [thread 666412] [8.0] [cxt 0] Parser state 'start': key is 86dd
[15:27:56.098] [bmv2] [T] [thread 666412] [8.0] [cxt 0] Bytes parsed: 14
[15:27:56.098] [bmv2] [D] [thread 666412] [8.0] [cxt 0] Parser 'parser': end
[15:27:56.098] [bmv2] [D] [thread 666412] [8.0] [cxt 0] Pipeline 'ingress': start
[15:27:56.098] [bmv2] [T] [thread 666412] [8.0] [cxt 0] mri.p4(180) Condition "hdr.ipv4.isValid()" (node_2) is false
[15:27:56.099] [bmv2] [D] [thread 666412] [8.0] [cxt 0] Pipeline 'ingress': end
[15:27:56.099] [bmv2] [D] [thread 666412] [8.0] [cxt 0] Egress port is 0
[15:27:56.099] [bmv2] [D] [thread 666413] [8.0] [cxt 0] Pipeline 'egress': start
[15:27:56.099] [bmv2] [T] [thread 666413] [8.0] [cxt 0] mri.p4(220) Condition "hdr.ipv4.isValid()" (node_6) is false
[15:27:56.099] [bmv2] [D] [thread 666413] [8.0] [cxt 0] Pipeline 'egress': end
[15:27:56.099] [bmv2] [D] [thread 666413] [8.0] [cxt 0] Deparser 'deparser': start
[15:27:56.099] [bmv2] [T] [thread 666413] [8.0] [cxt 0] Skipping checksum 'cksum' update because condition not met
[15:27:56.099] [bmv2] [D] [thread 666413] [8.0] [cxt 0] Deparsing header 'ethernet'
[15:27:56.099] [bmv2] [D] [thread 666413] [8.0] [cxt 0] Deparser 'deparser': end
[15:27:56.099] [bmv2] [D] [thread 666417] [8.0] [cxt 0] Transmitting packet of size 90 out of port 0
[15:27:56.102] [bmv2] [D] [thread 666412] [9.0] [cxt 0] Processing packet received on port 2
[15:27:56.102] [bmv2] [D] [thread 666412] [9.0] [cxt 0] Parser 'parser': start
[15:27:56.102] [bmv2] [D] [thread 666412] [9.0] [cxt 0] Parser 'parser' entering state 'start'
[15:27:56.102] [bmv2] [D] [thread 666412] [9.0] [cxt 0] Extracting header 'ethernet'
[15:27:56.102] [bmv2] [D] [thread 666412] [9.0] [cxt 0] Parser state 'start': key is 86dd
[15:27:56.102] [bmv2] [T] [thread 666412] [9.0] [cxt 0] Bytes parsed: 14
[15:27:56.102] [bmv2] [D] [thread 666412] [9.0] [cxt 0] Parser 'parser': end
[15:27:56.102] [bmv2] [D] [thread 666412] [9.0] [cxt 0] Pipeline 'ingress': start
[15:27:56.102] [bmv2] [T] [thread 666412] [9.0] [cxt 0] mri.p4(180) Condition "hdr.ipv4.isValid()" (node_2) is false
[15:27:56.102] [bmv2] [D] [thread 666412] [9.0] [cxt 0] Pipeline 'ingress': end
[15:27:56.103] [bmv2] [D] [thread 666412] [9.0] [cxt 0] Egress port is 0
[15:27:56.103] [bmv2] [D] [thread 666412] [10.0] [cxt 0] Processing packet received on port 3
[15:27:56.103] [bmv2] [D] [thread 666412] [10.0] [cxt 0] Parser 'parser': start
[15:27:56.103] [bmv2] [D] [thread 666413] [9.0] [cxt 0] Pipeline 'egress': start
[15:27:56.103] [bmv2] [D] [thread 666412] [10.0] [cxt 0] Parser 'parser' entering state 'start'
[15:27:56.103] [bmv2] [T] [thread 666413] [9.0] [cxt 0] mri.p4(220) Condition "hdr.ipv4.isValid()" (node_6) is false
[15:27:56.103] [bmv2] [D] [thread 666412] [10.0] [cxt 0] Extracting header 'ethernet'
[15:27:56.103] [bmv2] [D] [thread 666413] [9.0] [cxt 0] Pipeline 'egress': end
[15:27:56.103] [bmv2] [D] [thread 666412] [10.0] [cxt 0] Parser state 'start': key is 86dd
[15:27:56.103] [bmv2] [D] [thread 666413] [9.0] [cxt 0] Deparser 'deparser': start
[15:27:56.103] [bmv2] [T] [thread 666412] [10.0] [cxt 0] Bytes parsed: 14
[15:27:56.103] [bmv2] [T] [thread 666413] [9.0] [cxt 0] Skipping checksum 'cksum' update because condition not met
[15:27:56.103] [bmv2] [D] [thread 666412] [10.0] [cxt 0] Parser 'parser': end
[15:27:56.103] [bmv2] [D] [thread 666413] [9.0] [cxt 0] Deparsing header 'ethernet'
[15:27:56.103] [bmv2] [D] [thread 666413] [9.0] [cxt 0] Deparser 'deparser': end
[15:27:56.103] [bmv2] [D] [thread 666412] [10.0] [cxt 0] Pipeline 'ingress': start
[15:27:56.103] [bmv2] [T] [thread 666412] [10.0] [cxt 0] mri.p4(180) Condition "hdr.ipv4.isValid()" (node_2) is false
[15:27:56.103] [bmv2] [D] [thread 666417] [9.0] [cxt 0] Transmitting packet of size 90 out of port 0
[15:27:56.103] [bmv2] [D] [thread 666412] [10.0] [cxt 0] Pipeline 'ingress': end
[15:27:56.103] [bmv2] [D] [thread 666412] [10.0] [cxt 0] Egress port is 0
[15:27:56.103] [bmv2] [D] [thread 666413] [10.0] [cxt 0] Pipeline 'egress': start
[15:27:56.104] [bmv2] [T] [thread 666413] [10.0] [cxt 0] mri.p4(220) Condition "hdr.ipv4.isValid()" (node_6) is false
[15:27:56.104] [bmv2] [D] [thread 666413] [10.0] [cxt 0] Pipeline 'egress': end
[15:27:56.104] [bmv2] [D] [thread 666413] [10.0] [cxt 0] Deparser 'deparser': start
[15:27:56.104] [bmv2] [T] [thread 666413] [10.0] [cxt 0] Skipping checksum 'cksum' update because condition not met
[15:27:56.104] [bmv2] [D] [thread 666413] [10.0] [cxt 0] Deparsing header 'ethernet'
[15:27:56.104] [bmv2] [D] [thread 666413] [10.0] [cxt 0] Deparser 'deparser': end
[15:27:56.104] [bmv2] [D] [thread 666417] [10.0] [cxt 0] Transmitting packet of size 214 out of port 0
[15:27:56.143] [bmv2] [D] [thread 666412] [11.0] [cxt 0] Processing packet received on port 2
[15:27:56.143] [bmv2] [D] [thread 666412] [11.0] [cxt 0] Parser 'parser': start
[15:27:56.143] [bmv2] [D] [thread 666412] [11.0] [cxt 0] Parser 'parser' entering state 'start'
[15:27:56.143] [bmv2] [D] [thread 666412] [11.0] [cxt 0] Extracting header 'ethernet'
[15:27:56.143] [bmv2] [D] [thread 666412] [11.0] [cxt 0] Parser state 'start': key is 86dd
[15:27:56.143] [bmv2] [T] [thread 666412] [11.0] [cxt 0] Bytes parsed: 14
[15:27:56.143] [bmv2] [D] [thread 666412] [11.0] [cxt 0] Parser 'parser': end
[15:27:56.143] [bmv2] [D] [thread 666412] [11.0] [cxt 0] Pipeline 'ingress': start
[15:27:56.143] [bmv2] [T] [thread 666412] [11.0] [cxt 0] mri.p4(180) Condition "hdr.ipv4.isValid()" (node_2) is false
[15:27:56.143] [bmv2] [D] [thread 666412] [11.0] [cxt 0] Pipeline 'ingress': end
[15:27:56.143] [bmv2] [D] [thread 666412] [11.0] [cxt 0] Egress port is 0
[15:27:56.144] [bmv2] [D] [thread 666413] [11.0] [cxt 0] Pipeline 'egress': start
[15:27:56.144] [bmv2] [T] [thread 666413] [11.0] [cxt 0] mri.p4(220) Condition "hdr.ipv4.isValid()" (node_6) is false
[15:27:56.144] [bmv2] [D] [thread 666413] [11.0] [cxt 0] Pipeline 'egress': end
[15:27:56.144] [bmv2] [D] [thread 666413] [11.0] [cxt 0] Deparser 'deparser': start
[15:27:56.144] [bmv2] [T] [thread 666413] [11.0] [cxt 0] Skipping checksum 'cksum' update because condition not met
[15:27:56.144] [bmv2] [D] [thread 666413] [11.0] [cxt 0] Deparsing header 'ethernet'
[15:27:56.144] [bmv2] [D] [thread 666413] [11.0] [cxt 0] Deparser 'deparser': end
[15:27:56.144] [bmv2] [D] [thread 666417] [11.0] [cxt 0] Transmitting packet of size 202 out of port 0
[15:27:56.150] [bmv2] [D] [thread 666412] [12.0] [cxt 0] Processing packet received on port 3
[15:27:56.150] [bmv2] [D] [thread 666412] [12.0] [cxt 0] Parser 'parser': start
[15:27:56.150] [bmv2] [D] [thread 666412] [12.0] [cxt 0] Parser 'parser' entering state 'start'
[15:27:56.150] [bmv2] [D] [thread 666412] [12.0] [cxt 0] Extracting header 'ethernet'
[15:27:56.150] [bmv2] [D] [thread 666412] [12.0] [cxt 0] Parser state 'start': key is 86dd
[15:27:56.150] [bmv2] [T] [thread 666412] [12.0] [cxt 0] Bytes parsed: 14
[15:27:56.150] [bmv2] [D] [thread 666412] [12.0] [cxt 0] Parser 'parser': end
[15:27:56.150] [bmv2] [D] [thread 666412] [12.0] [cxt 0] Pipeline 'ingress': start
[15:27:56.150] [bmv2] [T] [thread 666412] [12.0] [cxt 0] mri.p4(180) Condition "hdr.ipv4.isValid()" (node_2) is false
[15:27:56.150] [bmv2] [D] [thread 666412] [12.0] [cxt 0] Pipeline 'ingress': end
[15:27:56.150] [bmv2] [D] [thread 666412] [12.0] [cxt 0] Egress port is 0
[15:27:56.151] [bmv2] [D] [thread 666413] [12.0] [cxt 0] Pipeline 'egress': start
[15:27:56.151] [bmv2] [T] [thread 666413] [12.0] [cxt 0] mri.p4(220) Condition "hdr.ipv4.isValid()" (node_6) is false
[15:27:56.151] [bmv2] [D] [thread 666413] [12.0] [cxt 0] Pipeline 'egress': end
[15:27:56.151] [bmv2] [D] [thread 666413] [12.0] [cxt 0] Deparser 'deparser': start
[15:27:56.151] [bmv2] [T] [thread 666413] [12.0] [cxt 0] Skipping checksum 'cksum' update because condition not met
[15:27:56.151] [bmv2] [D] [thread 666413] [12.0] [cxt 0] Deparsing header 'ethernet'
[15:27:56.151] [bmv2] [D] [thread 666413] [12.0] [cxt 0] Deparser 'deparser': end
[15:27:56.151] [bmv2] [D] [thread 666417] [12.0] [cxt 0] Transmitting packet of size 90 out of port 0
[15:27:56.198] [bmv2] [D] [thread 666412] [13.0] [cxt 0] Processing packet received on port 3
[15:27:56.198] [bmv2] [D] [thread 666412] [13.0] [cxt 0] Parser 'parser': start
[15:27:56.198] [bmv2] [D] [thread 666412] [13.0] [cxt 0] Parser 'parser' entering state 'start'
[15:27:56.198] [bmv2] [D] [thread 666412] [13.0] [cxt 0] Extracting header 'ethernet'
[15:27:56.198] [bmv2] [D] [thread 666412] [13.0] [cxt 0] Parser state 'start': key is 86dd
[15:27:56.198] [bmv2] [T] [thread 666412] [13.0] [cxt 0] Bytes parsed: 14
[15:27:56.198] [bmv2] [D] [thread 666412] [13.0] [cxt 0] Parser 'parser': end
[15:27:56.198] [bmv2] [D] [thread 666412] [13.0] [cxt 0] Pipeline 'ingress': start
[15:27:56.198] [bmv2] [T] [thread 666412] [13.0] [cxt 0] mri.p4(180) Condition "hdr.ipv4.isValid()" (node_2) is false
[15:27:56.198] [bmv2] [D] [thread 666412] [13.0] [cxt 0] Pipeline 'ingress': end
[15:27:56.198] [bmv2] [D] [thread 666412] [13.0] [cxt 0] Egress port is 0
[15:27:56.198] [bmv2] [D] [thread 666413] [13.0] [cxt 0] Pipeline 'egress': start
[15:27:56.198] [bmv2] [T] [thread 666413] [13.0] [cxt 0] mri.p4(220) Condition "hdr.ipv4.isValid()" (node_6) is false
[15:27:56.198] [bmv2] [D] [thread 666413] [13.0] [cxt 0] Pipeline 'egress': end
[15:27:56.198] [bmv2] [D] [thread 666413] [13.0] [cxt 0] Deparser 'deparser': start
[15:27:56.198] [bmv2] [T] [thread 666413] [13.0] [cxt 0] Skipping checksum 'cksum' update because condition not met
[15:27:56.198] [bmv2] [D] [thread 666413] [13.0] [cxt 0] Deparsing header 'ethernet'
[15:27:56.198] [bmv2] [D] [thread 666413] [13.0] [cxt 0] Deparser 'deparser': end
[15:27:56.198] [bmv2] [D] [thread 666417] [13.0] [cxt 0] Transmitting packet of size 214 out of port 0
[15:27:56.271] [bmv2] [D] [thread 666412] [14.0] [cxt 0] Processing packet received on port 2
[15:27:56.271] [bmv2] [D] [thread 666412] [14.0] [cxt 0] Parser 'parser': start
[15:27:56.271] [bmv2] [D] [thread 666412] [14.0] [cxt 0] Parser 'parser' entering state 'start'
[15:27:56.271] [bmv2] [D] [thread 666412] [14.0] [cxt 0] Extracting header 'ethernet'
[15:27:56.271] [bmv2] [D] [thread 666412] [14.0] [cxt 0] Parser state 'start': key is 86dd
[15:27:56.271] [bmv2] [T] [thread 666412] [14.0] [cxt 0] Bytes parsed: 14
[15:27:56.271] [bmv2] [D] [thread 666412] [14.0] [cxt 0] Parser 'parser': end
[15:27:56.271] [bmv2] [D] [thread 666412] [14.0] [cxt 0] Pipeline 'ingress': start
[15:27:56.271] [bmv2] [T] [thread 666412] [14.0] [cxt 0] mri.p4(180) Condition "hdr.ipv4.isValid()" (node_2) is false
[15:27:56.271] [bmv2] [D] [thread 666412] [14.0] [cxt 0] Pipeline 'ingress': end
[15:27:56.271] [bmv2] [D] [thread 666412] [14.0] [cxt 0] Egress port is 0
[15:27:56.271] [bmv2] [D] [thread 666413] [14.0] [cxt 0] Pipeline 'egress': start
[15:27:56.271] [bmv2] [T] [thread 666413] [14.0] [cxt 0] mri.p4(220) Condition "hdr.ipv4.isValid()" (node_6) is false
[15:27:56.271] [bmv2] [D] [thread 666413] [14.0] [cxt 0] Pipeline 'egress': end
[15:27:56.271] [bmv2] [D] [thread 666413] [14.0] [cxt 0] Deparser 'deparser': start
[15:27:56.271] [bmv2] [T] [thread 666413] [14.0] [cxt 0] Skipping checksum 'cksum' update because condition not met
[15:27:56.271] [bmv2] [D] [thread 666413] [14.0] [cxt 0] Deparsing header 'ethernet'
[15:27:56.271] [bmv2] [D] [thread 666413] [14.0] [cxt 0] Deparser 'deparser': end
[15:27:56.271] [bmv2] [D] [thread 666417] [14.0] [cxt 0] Transmitting packet of size 214 out of port 0
[15:27:56.272] [bmv2] [D] [thread 666412] [15.0] [cxt 0] Processing packet received on port 1
[15:27:56.272] [bmv2] [D] [thread 666412] [15.0] [cxt 0] Parser 'parser': start
[15:27:56.272] [bmv2] [D] [thread 666412] [15.0] [cxt 0] Parser 'parser' entering state 'start'
[15:27:56.272] [bmv2] [D] [thread 666412] [15.0] [cxt 0] Extracting header 'ethernet'
[15:27:56.272] [bmv2] [D] [thread 666412] [15.0] [cxt 0] Parser state 'start': key is 86dd
[15:27:56.272] [bmv2] [T] [thread 666412] [15.0] [cxt 0] Bytes parsed: 14
[15:27:56.272] [bmv2] [D] [thread 666412] [15.0] [cxt 0] Parser 'parser': end
[15:27:56.272] [bmv2] [D] [thread 666412] [15.0] [cxt 0] Pipeline 'ingress': start
[15:27:56.272] [bmv2] [T] [thread 666412] [15.0] [cxt 0] mri.p4(180) Condition "hdr.ipv4.isValid()" (node_2) is false
[15:27:56.272] [bmv2] [D] [thread 666412] [15.0] [cxt 0] Pipeline 'ingress': end
[15:27:56.272] [bmv2] [D] [thread 666412] [15.0] [cxt 0] Egress port is 0
[15:27:56.272] [bmv2] [D] [thread 666413] [15.0] [cxt 0] Pipeline 'egress': start
[15:27:56.272] [bmv2] [T] [thread 666413] [15.0] [cxt 0] mri.p4(220) Condition "hdr.ipv4.isValid()" (node_6) is false
[15:27:56.272] [bmv2] [D] [thread 666413] [15.0] [cxt 0] Pipeline 'egress': end
[15:27:56.272] [bmv2] [D] [thread 666413] [15.0] [cxt 0] Deparser 'deparser': start
[15:27:56.272] [bmv2] [T] [thread 666413] [15.0] [cxt 0] Skipping checksum 'cksum' update because condition not met
[15:27:56.272] [bmv2] [D] [thread 666413] [15.0] [cxt 0] Deparsing header 'ethernet'
[15:27:56.272] [bmv2] [D] [thread 666413] [15.0] [cxt 0] Deparser 'deparser': end
[15:27:56.272] [bmv2] [D] [thread 666417] [15.0] [cxt 0] Transmitting packet of size 214 out of port 0
[15:27:56.303] [bmv2] [D] [thread 666412] [16.0] [cxt 0] Processing packet received on port 3
[15:27:56.303] [bmv2] [D] [thread 666412] [16.0] [cxt 0] Parser 'parser': start
[15:27:56.303] [bmv2] [D] [thread 666412] [16.0] [cxt 0] Parser 'parser' entering state 'start'
[15:27:56.303] [bmv2] [D] [thread 666412] [16.0] [cxt 0] Extracting header 'ethernet'
[15:27:56.303] [bmv2] [D] [thread 666412] [16.0] [cxt 0] Parser state 'start': key is 86dd
[15:27:56.303] [bmv2] [T] [thread 666412] [16.0] [cxt 0] Bytes parsed: 14
[15:27:56.303] [bmv2] [D] [thread 666412] [16.0] [cxt 0] Parser 'parser': end
[15:27:56.303] [bmv2] [D] [thread 666412] [16.0] [cxt 0] Pipeline 'ingress': start
[15:27:56.303] [bmv2] [T] [thread 666412] [16.0] [cxt 0] mri.p4(180) Condition "hdr.ipv4.isValid()" (node_2) is false
[15:27:56.303] [bmv2] [D] [thread 666412] [16.0] [cxt 0] Pipeline 'ingress': end
[15:27:56.303] [bmv2] [D] [thread 666412] [16.0] [cxt 0] Egress port is 0
[15:27:56.303] [bmv2] [D] [thread 666413] [16.0] [cxt 0] Pipeline 'egress': start
[15:27:56.303] [bmv2] [T] [thread 666413] [16.0] [cxt 0] mri.p4(220) Condition "hdr.ipv4.isValid()" (node_6) is false
[15:27:56.303] [bmv2] [D] [thread 666413] [16.0] [cxt 0] Pipeline 'egress': end
[15:27:56.303] [bmv2] [D] [thread 666413] [16.0] [cxt 0] Deparser 'deparser': start
[15:27:56.303] [bmv2] [T] [thread 666413] [16.0] [cxt 0] Skipping checksum 'cksum' update because condition not met
[15:27:56.303] [bmv2] [D] [thread 666413] [16.0] [cxt 0] Deparsing header 'ethernet'
[15:27:56.303] [bmv2] [D] [thread 666413] [16.0] [cxt 0] Deparser 'deparser': end
[15:27:56.303] [bmv2] [D] [thread 666417] [16.0] [cxt 0] Transmitting packet of size 202 out of port 0
[15:27:56.398] [bmv2] [D] [thread 666412] [17.0] [cxt 0] Processing packet received on port 3
[15:27:56.398] [bmv2] [D] [thread 666412] [17.0] [cxt 0] Parser 'parser': start
[15:27:56.398] [bmv2] [D] [thread 666412] [17.0] [cxt 0] Parser 'parser' entering state 'start'
[15:27:56.398] [bmv2] [D] [thread 666412] [17.0] [cxt 0] Extracting header 'ethernet'
[15:27:56.398] [bmv2] [D] [thread 666412] [17.0] [cxt 0] Parser state 'start': key is 86dd
[15:27:56.398] [bmv2] [T] [thread 666412] [17.0] [cxt 0] Bytes parsed: 14
[15:27:56.398] [bmv2] [D] [thread 666412] [17.0] [cxt 0] Parser 'parser': end
[15:27:56.398] [bmv2] [D] [thread 666412] [17.0] [cxt 0] Pipeline 'ingress': start
[15:27:56.398] [bmv2] [T] [thread 666412] [17.0] [cxt 0] mri.p4(180) Condition "hdr.ipv4.isValid()" (node_2) is false
[15:27:56.398] [bmv2] [D] [thread 666412] [17.0] [cxt 0] Pipeline 'ingress': end
[15:27:56.398] [bmv2] [D] [thread 666412] [17.0] [cxt 0] Egress port is 0
[15:27:56.398] [bmv2] [D] [thread 666413] [17.0] [cxt 0] Pipeline 'egress': start
[15:27:56.398] [bmv2] [T] [thread 666413] [17.0] [cxt 0] mri.p4(220) Condition "hdr.ipv4.isValid()" (node_6) is false
[15:27:56.398] [bmv2] [D] [thread 666413] [17.0] [cxt 0] Pipeline 'egress': end
[15:27:56.398] [bmv2] [D] [thread 666413] [17.0] [cxt 0] Deparser 'deparser': start
[15:27:56.398] [bmv2] [T] [thread 666413] [17.0] [cxt 0] Skipping checksum 'cksum' update because condition not met
[15:27:56.398] [bmv2] [D] [thread 666413] [17.0] [cxt 0] Deparsing header 'ethernet'
[15:27:56.398] [bmv2] [D] [thread 666413] [17.0] [cxt 0] Deparser 'deparser': end
[15:27:56.398] [bmv2] [D] [thread 666417] [17.0] [cxt 0] Transmitting packet of size 202 out of port 0
[15:27:56.452] [bmv2] [D] [thread 666412] [18.0] [cxt 0] Processing packet received on port 2
[15:27:56.452] [bmv2] [D] [thread 666412] [18.0] [cxt 0] Parser 'parser': start
[15:27:56.452] [bmv2] [D] [thread 666412] [18.0] [cxt 0] Parser 'parser' entering state 'start'
[15:27:56.452] [bmv2] [D] [thread 666412] [18.0] [cxt 0] Extracting header 'ethernet'
[15:27:56.452] [bmv2] [D] [thread 666412] [18.0] [cxt 0] Parser state 'start': key is 86dd
[15:27:56.452] [bmv2] [T] [thread 666412] [18.0] [cxt 0] Bytes parsed: 14
[15:27:56.452] [bmv2] [D] [thread 666412] [18.0] [cxt 0] Parser 'parser': end
[15:27:56.452] [bmv2] [D] [thread 666412] [18.0] [cxt 0] Pipeline 'ingress': start
[15:27:56.452] [bmv2] [T] [thread 666412] [18.0] [cxt 0] mri.p4(180) Condition "hdr.ipv4.isValid()" (node_2) is false
[15:27:56.452] [bmv2] [D] [thread 666412] [18.0] [cxt 0] Pipeline 'ingress': end
[15:27:56.452] [bmv2] [D] [thread 666412] [18.0] [cxt 0] Egress port is 0
[15:27:56.452] [bmv2] [D] [thread 666413] [18.0] [cxt 0] Pipeline 'egress': start
[15:27:56.452] [bmv2] [T] [thread 666413] [18.0] [cxt 0] mri.p4(220) Condition "hdr.ipv4.isValid()" (node_6) is false
[15:27:56.452] [bmv2] [D] [thread 666413] [18.0] [cxt 0] Pipeline 'egress': end
[15:27:56.452] [bmv2] [D] [thread 666413] [18.0] [cxt 0] Deparser 'deparser': start
[15:27:56.452] [bmv2] [T] [thread 666413] [18.0] [cxt 0] Skipping checksum 'cksum' update because condition not met
[15:27:56.452] [bmv2] [D] [thread 666413] [18.0] [cxt 0] Deparsing header 'ethernet'
[15:27:56.452] [bmv2] [D] [thread 666413] [18.0] [cxt 0] Deparser 'deparser': end
[15:27:56.452] [bmv2] [D] [thread 666417] [18.0] [cxt 0] Transmitting packet of size 221 out of port 0
[15:27:56.470] [bmv2] [D] [thread 666412] [19.0] [cxt 0] Processing packet received on port 1
[15:27:56.470] [bmv2] [D] [thread 666412] [19.0] [cxt 0] Parser 'parser': start
[15:27:56.470] [bmv2] [D] [thread 666412] [19.0] [cxt 0] Parser 'parser' entering state 'start'
[15:27:56.470] [bmv2] [D] [thread 666412] [19.0] [cxt 0] Extracting header 'ethernet'
[15:27:56.470] [bmv2] [D] [thread 666412] [19.0] [cxt 0] Parser state 'start': key is 86dd
[15:27:56.470] [bmv2] [T] [thread 666412] [19.0] [cxt 0] Bytes parsed: 14
[15:27:56.470] [bmv2] [D] [thread 666412] [19.0] [cxt 0] Parser 'parser': end
[15:27:56.470] [bmv2] [D] [thread 666412] [19.0] [cxt 0] Pipeline 'ingress': start
[15:27:56.470] [bmv2] [T] [thread 666412] [19.0] [cxt 0] mri.p4(180) Condition "hdr.ipv4.isValid()" (node_2) is false
[15:27:56.470] [bmv2] [D] [thread 666412] [19.0] [cxt 0] Pipeline 'ingress': end
[15:27:56.470] [bmv2] [D] [thread 666412] [19.0] [cxt 0] Egress port is 0
[15:27:56.470] [bmv2] [D] [thread 666413] [19.0] [cxt 0] Pipeline 'egress': start
[15:27:56.470] [bmv2] [T] [thread 666413] [19.0] [cxt 0] mri.p4(220) Condition "hdr.ipv4.isValid()" (node_6) is false
[15:27:56.470] [bmv2] [D] [thread 666413] [19.0] [cxt 0] Pipeline 'egress': end
[15:27:56.470] [bmv2] [D] [thread 666413] [19.0] [cxt 0] Deparser 'deparser': start
[15:27:56.470] [bmv2] [T] [thread 666413] [19.0] [cxt 0] Skipping checksum 'cksum' update because condition not met
[15:27:56.470] [bmv2] [D] [thread 666413] [19.0] [cxt 0] Deparsing header 'ethernet'
[15:27:56.470] [bmv2] [D] [thread 666413] [19.0] [cxt 0] Deparser 'deparser': end
[15:27:56.470] [bmv2] [D] [thread 666417] [19.0] [cxt 0] Transmitting packet of size 110 out of port 0
[15:27:56.522] [bmv2] [D] [thread 666412] [20.0] [cxt 0] Processing packet received on port 2
[15:27:56.522] [bmv2] [D] [thread 666412] [20.0] [cxt 0] Parser 'parser': start
[15:27:56.522] [bmv2] [D] [thread 666412] [20.0] [cxt 0] Parser 'parser' entering state 'start'
[15:27:56.522] [bmv2] [D] [thread 666412] [20.0] [cxt 0] Extracting header 'ethernet'
[15:27:56.522] [bmv2] [D] [thread 666412] [20.0] [cxt 0] Parser state 'start': key is 86dd
[15:27:56.522] [bmv2] [T] [thread 666412] [20.0] [cxt 0] Bytes parsed: 14
[15:27:56.522] [bmv2] [D] [thread 666412] [20.0] [cxt 0] Parser 'parser': end
[15:27:56.522] [bmv2] [D] [thread 666412] [20.0] [cxt 0] Pipeline 'ingress': start
[15:27:56.522] [bmv2] [T] [thread 666412] [20.0] [cxt 0] mri.p4(180) Condition "hdr.ipv4.isValid()" (node_2) is false
[15:27:56.522] [bmv2] [D] [thread 666412] [20.0] [cxt 0] Pipeline 'ingress': end
[15:27:56.522] [bmv2] [D] [thread 666412] [20.0] [cxt 0] Egress port is 0
[15:27:56.522] [bmv2] [D] [thread 666413] [20.0] [cxt 0] Pipeline 'egress': start
[15:27:56.522] [bmv2] [T] [thread 666413] [20.0] [cxt 0] mri.p4(220) Condition "hdr.ipv4.isValid()" (node_6) is false
[15:27:56.522] [bmv2] [D] [thread 666413] [20.0] [cxt 0] Pipeline 'egress': end
[15:27:56.522] [bmv2] [D] [thread 666413] [20.0] [cxt 0] Deparser 'deparser': start
[15:27:56.522] [bmv2] [T] [thread 666413] [20.0] [cxt 0] Skipping checksum 'cksum' update because condition not met
[15:27:56.523] [bmv2] [D] [thread 666413] [20.0] [cxt 0] Deparsing header 'ethernet'
[15:27:56.523] [bmv2] [D] [thread 666413] [20.0] [cxt 0] Deparser 'deparser': end
[15:27:56.523] [bmv2] [D] [thread 666417] [20.0] [cxt 0] Transmitting packet of size 214 out of port 0
[15:27:56.523] [bmv2] [D] [thread 666412] [21.0] [cxt 0] Processing packet received on port 1
[15:27:56.523] [bmv2] [D] [thread 666412] [21.0] [cxt 0] Parser 'parser': start
[15:27:56.523] [bmv2] [D] [thread 666412] [21.0] [cxt 0] Parser 'parser' entering state 'start'
[15:27:56.523] [bmv2] [D] [thread 666412] [21.0] [cxt 0] Extracting header 'ethernet'
[15:27:56.523] [bmv2] [D] [thread 666412] [21.0] [cxt 0] Parser state 'start': key is 86dd
[15:27:56.523] [bmv2] [T] [thread 666412] [21.0] [cxt 0] Bytes parsed: 14
[15:27:56.523] [bmv2] [D] [thread 666412] [21.0] [cxt 0] Parser 'parser': end
[15:27:56.523] [bmv2] [D] [thread 666412] [21.0] [cxt 0] Pipeline 'ingress': start
[15:27:56.523] [bmv2] [T] [thread 666412] [21.0] [cxt 0] mri.p4(180) Condition "hdr.ipv4.isValid()" (node_2) is false
[15:27:56.523] [bmv2] [D] [thread 666412] [21.0] [cxt 0] Pipeline 'ingress': end
[15:27:56.523] [bmv2] [D] [thread 666412] [21.0] [cxt 0] Egress port is 0
[15:27:56.524] [bmv2] [D] [thread 666413] [21.0] [cxt 0] Pipeline 'egress': start
[15:27:56.524] [bmv2] [T] [thread 666413] [21.0] [cxt 0] mri.p4(220) Condition "hdr.ipv4.isValid()" (node_6) is false
[15:27:56.524] [bmv2] [D] [thread 666413] [21.0] [cxt 0] Pipeline 'egress': end
[15:27:56.524] [bmv2] [D] [thread 666413] [21.0] [cxt 0] Deparser 'deparser': start
[15:27:56.524] [bmv2] [T] [thread 666413] [21.0] [cxt 0] Skipping checksum 'cksum' update because condition not met
[15:27:56.524] [bmv2] [D] [thread 666413] [21.0] [cxt 0] Deparsing header 'ethernet'
[15:27:56.524] [bmv2] [D] [thread 666413] [21.0] [cxt 0] Deparser 'deparser': end
[15:27:56.524] [bmv2] [D] [thread 666417] [21.0] [cxt 0] Transmitting packet of size 214 out of port 0
[15:27:56.534] [bmv2] [D] [thread 666412] [22.0] [cxt 0] Processing packet received on port 2
[15:27:56.534] [bmv2] [D] [thread 666412] [22.0] [cxt 0] Parser 'parser': start
[15:27:56.534] [bmv2] [D] [thread 666412] [22.0] [cxt 0] Parser 'parser' entering state 'start'
[15:27:56.534] [bmv2] [D] [thread 666412] [22.0] [cxt 0] Extracting header 'ethernet'
[15:27:56.534] [bmv2] [D] [thread 666412] [22.0] [cxt 0] Parser state 'start': key is 86dd
[15:27:56.534] [bmv2] [T] [thread 666412] [22.0] [cxt 0] Bytes parsed: 14
[15:27:56.534] [bmv2] [D] [thread 666412] [22.0] [cxt 0] Parser 'parser': end
[15:27:56.534] [bmv2] [D] [thread 666412] [22.0] [cxt 0] Pipeline 'ingress': start
[15:27:56.534] [bmv2] [T] [thread 666412] [22.0] [cxt 0] mri.p4(180) Condition "hdr.ipv4.isValid()" (node_2) is false
[15:27:56.534] [bmv2] [D] [thread 666412] [22.0] [cxt 0] Pipeline 'ingress': end
[15:27:56.534] [bmv2] [D] [thread 666412] [22.0] [cxt 0] Egress port is 0
[15:27:56.535] [bmv2] [D] [thread 666413] [22.0] [cxt 0] Pipeline 'egress': start
[15:27:56.535] [bmv2] [T] [thread 666413] [22.0] [cxt 0] mri.p4(220) Condition "hdr.ipv4.isValid()" (node_6) is false
[15:27:56.535] [bmv2] [D] [thread 666413] [22.0] [cxt 0] Pipeline 'egress': end
[15:27:56.535] [bmv2] [D] [thread 666413] [22.0] [cxt 0] Deparser 'deparser': start
[15:27:56.535] [bmv2] [T] [thread 666413] [22.0] [cxt 0] Skipping checksum 'cksum' update because condition not met
[15:27:56.535] [bmv2] [D] [thread 666413] [22.0] [cxt 0] Deparsing header 'ethernet'
[15:27:56.535] [bmv2] [D] [thread 666413] [22.0] [cxt 0] Deparser 'deparser': end
[15:27:56.535] [bmv2] [D] [thread 666417] [22.0] [cxt 0] Transmitting packet of size 110 out of port 0
[15:27:56.612] [bmv2] [D] [thread 666412] [23.0] [cxt 0] Processing packet received on port 3
[15:27:56.612] [bmv2] [D] [thread 666412] [23.0] [cxt 0] Parser 'parser': start
[15:27:56.612] [bmv2] [D] [thread 666412] [23.0] [cxt 0] Parser 'parser' entering state 'start'
[15:27:56.612] [bmv2] [D] [thread 666412] [23.0] [cxt 0] Extracting header 'ethernet'
[15:27:56.612] [bmv2] [D] [thread 666412] [23.0] [cxt 0] Parser state 'start': key is 86dd
[15:27:56.612] [bmv2] [T] [thread 666412] [23.0] [cxt 0] Bytes parsed: 14
[15:27:56.612] [bmv2] [D] [thread 666412] [23.0] [cxt 0] Parser 'parser': end
[15:27:56.612] [bmv2] [D] [thread 666412] [23.0] [cxt 0] Pipeline 'ingress': start
[15:27:56.612] [bmv2] [T] [thread 666412] [23.0] [cxt 0] mri.p4(180) Condition "hdr.ipv4.isValid()" (node_2) is false
[15:27:56.612] [bmv2] [D] [thread 666412] [23.0] [cxt 0] Pipeline 'ingress': end
[15:27:56.612] [bmv2] [D] [thread 666412] [23.0] [cxt 0] Egress port is 0
[15:27:56.612] [bmv2] [D] [thread 666413] [23.0] [cxt 0] Pipeline 'egress': start
[15:27:56.612] [bmv2] [T] [thread 666413] [23.0] [cxt 0] mri.p4(220) Condition "hdr.ipv4.isValid()" (node_6) is false
[15:27:56.612] [bmv2] [D] [thread 666413] [23.0] [cxt 0] Pipeline 'egress': end
[15:27:56.612] [bmv2] [D] [thread 666413] [23.0] [cxt 0] Deparser 'deparser': start
[15:27:56.612] [bmv2] [T] [thread 666413] [23.0] [cxt 0] Skipping checksum 'cksum' update because condition not met
[15:27:56.612] [bmv2] [D] [thread 666413] [23.0] [cxt 0] Deparsing header 'ethernet'
[15:27:56.613] [bmv2] [D] [thread 666413] [23.0] [cxt 0] Deparser 'deparser': end
[15:27:56.613] [bmv2] [D] [thread 666417] [23.0] [cxt 0] Transmitting packet of size 221 out of port 0
[15:27:56.722] [bmv2] [D] [thread 666412] [24.0] [cxt 0] Processing packet received on port 2
[15:27:56.722] [bmv2] [D] [thread 666412] [24.0] [cxt 0] Parser 'parser': start
[15:27:56.722] [bmv2] [D] [thread 666412] [24.0] [cxt 0] Parser 'parser' entering state 'start'
[15:27:56.722] [bmv2] [D] [thread 666412] [24.0] [cxt 0] Extracting header 'ethernet'
[15:27:56.722] [bmv2] [D] [thread 666412] [24.0] [cxt 0] Parser state 'start': key is 86dd
[15:27:56.723] [bmv2] [T] [thread 666412] [24.0] [cxt 0] Bytes parsed: 14
[15:27:56.723] [bmv2] [D] [thread 666412] [24.0] [cxt 0] Parser 'parser': end
[15:27:56.723] [bmv2] [D] [thread 666412] [24.0] [cxt 0] Pipeline 'ingress': start
[15:27:56.723] [bmv2] [T] [thread 666412] [24.0] [cxt 0] mri.p4(180) Condition "hdr.ipv4.isValid()" (node_2) is false
[15:27:56.723] [bmv2] [D] [thread 666412] [24.0] [cxt 0] Pipeline 'ingress': end
[15:27:56.723] [bmv2] [D] [thread 666412] [24.0] [cxt 0] Egress port is 0
[15:27:56.723] [bmv2] [D] [thread 666412] [25.0] [cxt 0] Processing packet received on port 1
[15:27:56.723] [bmv2] [D] [thread 666412] [25.0] [cxt 0] Parser 'parser': start
[15:27:56.723] [bmv2] [D] [thread 666413] [24.0] [cxt 0] Pipeline 'egress': start
[15:27:56.723] [bmv2] [D] [thread 666412] [25.0] [cxt 0] Parser 'parser' entering state 'start'
[15:27:56.723] [bmv2] [T] [thread 666413] [24.0] [cxt 0] mri.p4(220) Condition "hdr.ipv4.isValid()" (node_6) is false
[15:27:56.723] [bmv2] [D] [thread 666412] [25.0] [cxt 0] Extracting header 'ethernet'
[15:27:56.723] [bmv2] [D] [thread 666413] [24.0] [cxt 0] Pipeline 'egress': end
[15:27:56.723] [bmv2] [D] [thread 666413] [24.0] [cxt 0] Deparser 'deparser': start
[15:27:56.723] [bmv2] [D] [thread 666412] [25.0] [cxt 0] Parser state 'start': key is 86dd
[15:27:56.723] [bmv2] [T] [thread 666413] [24.0] [cxt 0] Skipping checksum 'cksum' update because condition not met
[15:27:56.723] [bmv2] [T] [thread 666412] [25.0] [cxt 0] Bytes parsed: 14
[15:27:56.723] [bmv2] [D] [thread 666413] [24.0] [cxt 0] Deparsing header 'ethernet'
[15:27:56.723] [bmv2] [D] [thread 666412] [25.0] [cxt 0] Parser 'parser': end
[15:27:56.723] [bmv2] [D] [thread 666413] [24.0] [cxt 0] Deparser 'deparser': end
[15:27:56.723] [bmv2] [D] [thread 666412] [25.0] [cxt 0] Pipeline 'ingress': start
[15:27:56.724] [bmv2] [T] [thread 666412] [25.0] [cxt 0] mri.p4(180) Condition "hdr.ipv4.isValid()" (node_2) is false
[15:27:56.724] [bmv2] [D] [thread 666412] [25.0] [cxt 0] Pipeline 'ingress': end
[15:27:56.724] [bmv2] [D] [thread 666417] [24.0] [cxt 0] Transmitting packet of size 202 out of port 0
[15:27:56.724] [bmv2] [D] [thread 666412] [25.0] [cxt 0] Egress port is 0
[15:27:56.724] [bmv2] [D] [thread 666413] [25.0] [cxt 0] Pipeline 'egress': start
[15:27:56.724] [bmv2] [T] [thread 666413] [25.0] [cxt 0] mri.p4(220) Condition "hdr.ipv4.isValid()" (node_6) is false
[15:27:56.724] [bmv2] [D] [thread 666413] [25.0] [cxt 0] Pipeline 'egress': end
[15:27:56.724] [bmv2] [D] [thread 666413] [25.0] [cxt 0] Deparser 'deparser': start
[15:27:56.724] [bmv2] [T] [thread 666413] [25.0] [cxt 0] Skipping checksum 'cksum' update because condition not met
[15:27:56.724] [bmv2] [D] [thread 666413] [25.0] [cxt 0] Deparsing header 'ethernet'
[15:27:56.724] [bmv2] [D] [thread 666413] [25.0] [cxt 0] Deparser 'deparser': end
[15:27:56.725] [bmv2] [D] [thread 666417] [25.0] [cxt 0] Transmitting packet of size 202 out of port 0
[15:27:57.030] [bmv2] [D] [thread 666412] [26.0] [cxt 0] Processing packet received on port 2
[15:27:57.030] [bmv2] [D] [thread 666412] [26.0] [cxt 0] Parser 'parser': start
[15:27:57.030] [bmv2] [D] [thread 666412] [26.0] [cxt 0] Parser 'parser' entering state 'start'
[15:27:57.030] [bmv2] [D] [thread 666412] [26.0] [cxt 0] Extracting header 'ethernet'
[15:27:57.030] [bmv2] [D] [thread 666412] [26.0] [cxt 0] Parser state 'start': key is 86dd
[15:27:57.030] [bmv2] [T] [thread 666412] [26.0] [cxt 0] Bytes parsed: 14
[15:27:57.030] [bmv2] [D] [thread 666412] [26.0] [cxt 0] Parser 'parser': end
[15:27:57.030] [bmv2] [D] [thread 666412] [26.0] [cxt 0] Pipeline 'ingress': start
[15:27:57.030] [bmv2] [T] [thread 666412] [26.0] [cxt 0] mri.p4(180) Condition "hdr.ipv4.isValid()" (node_2) is false
[15:27:57.030] [bmv2] [D] [thread 666412] [26.0] [cxt 0] Pipeline 'ingress': end
[15:27:57.030] [bmv2] [D] [thread 666412] [26.0] [cxt 0] Egress port is 0
[15:27:57.030] [bmv2] [D] [thread 666413] [26.0] [cxt 0] Pipeline 'egress': start
[15:27:57.030] [bmv2] [T] [thread 666413] [26.0] [cxt 0] mri.p4(220) Condition "hdr.ipv4.isValid()" (node_6) is false
[15:27:57.030] [bmv2] [D] [thread 666413] [26.0] [cxt 0] Pipeline 'egress': end
[15:27:57.030] [bmv2] [D] [thread 666413] [26.0] [cxt 0] Deparser 'deparser': start
[15:27:57.030] [bmv2] [T] [thread 666413] [26.0] [cxt 0] Skipping checksum 'cksum' update because condition not met
[15:27:57.030] [bmv2] [D] [thread 666413] [26.0] [cxt 0] Deparsing header 'ethernet'
[15:27:57.031] [bmv2] [D] [thread 666413] [26.0] [cxt 0] Deparser 'deparser': end
[15:27:57.031] [bmv2] [D] [thread 666417] [26.0] [cxt 0] Transmitting packet of size 221 out of port 0
[15:27:57.031] [bmv2] [D] [thread 666412] [27.0] [cxt 0] Processing packet received on port 1
[15:27:57.031] [bmv2] [D] [thread 666412] [27.0] [cxt 0] Parser 'parser': start
[15:27:57.031] [bmv2] [D] [thread 666412] [27.0] [cxt 0] Parser 'parser' entering state 'start'
[15:27:57.031] [bmv2] [D] [thread 666412] [27.0] [cxt 0] Extracting header 'ethernet'
[15:27:57.031] [bmv2] [D] [thread 666412] [27.0] [cxt 0] Parser state 'start': key is 86dd
[15:27:57.031] [bmv2] [T] [thread 666412] [27.0] [cxt 0] Bytes parsed: 14
[15:27:57.031] [bmv2] [D] [thread 666412] [27.0] [cxt 0] Parser 'parser': end
[15:27:57.032] [bmv2] [D] [thread 666412] [27.0] [cxt 0] Pipeline 'ingress': start
[15:27:57.032] [bmv2] [T] [thread 666412] [27.0] [cxt 0] mri.p4(180) Condition "hdr.ipv4.isValid()" (node_2) is false
[15:27:57.032] [bmv2] [D] [thread 666412] [27.0] [cxt 0] Pipeline 'ingress': end
[15:27:57.032] [bmv2] [D] [thread 666412] [27.0] [cxt 0] Egress port is 0
[15:27:57.032] [bmv2] [D] [thread 666413] [27.0] [cxt 0] Pipeline 'egress': start
[15:27:57.032] [bmv2] [T] [thread 666413] [27.0] [cxt 0] mri.p4(220) Condition "hdr.ipv4.isValid()" (node_6) is false
[15:27:57.032] [bmv2] [D] [thread 666413] [27.0] [cxt 0] Pipeline 'egress': end
[15:27:57.032] [bmv2] [D] [thread 666413] [27.0] [cxt 0] Deparser 'deparser': start
[15:27:57.032] [bmv2] [T] [thread 666413] [27.0] [cxt 0] Skipping checksum 'cksum' update because condition not met
[15:27:57.032] [bmv2] [D] [thread 666413] [27.0] [cxt 0] Deparsing header 'ethernet'
[15:27:57.032] [bmv2] [D] [thread 666413] [27.0] [cxt 0] Deparser 'deparser': end
[15:27:57.032] [bmv2] [D] [thread 666417] [27.0] [cxt 0] Transmitting packet of size 221 out of port 0
[15:27:57.181] [bmv2] [D] [thread 666412] [28.0] [cxt 0] Processing packet received on port 2
[15:27:57.182] [bmv2] [D] [thread 666412] [28.0] [cxt 0] Parser 'parser': start
[15:27:57.182] [bmv2] [D] [thread 666412] [28.0] [cxt 0] Parser 'parser' entering state 'start'
[15:27:57.182] [bmv2] [D] [thread 666412] [28.0] [cxt 0] Extracting header 'ethernet'
[15:27:57.182] [bmv2] [D] [thread 666412] [28.0] [cxt 0] Parser state 'start': key is 86dd
[15:27:57.182] [bmv2] [T] [thread 666412] [28.0] [cxt 0] Bytes parsed: 14
[15:27:57.182] [bmv2] [D] [thread 666412] [28.0] [cxt 0] Parser 'parser': end
[15:27:57.182] [bmv2] [D] [thread 666412] [28.0] [cxt 0] Pipeline 'ingress': start
[15:27:57.182] [bmv2] [T] [thread 666412] [28.0] [cxt 0] mri.p4(180) Condition "hdr.ipv4.isValid()" (node_2) is false
[15:27:57.182] [bmv2] [D] [thread 666412] [28.0] [cxt 0] Pipeline 'ingress': end
[15:27:57.182] [bmv2] [D] [thread 666412] [28.0] [cxt 0] Egress port is 0
[15:27:57.182] [bmv2] [D] [thread 666413] [28.0] [cxt 0] Pipeline 'egress': start
[15:27:57.182] [bmv2] [T] [thread 666413] [28.0] [cxt 0] mri.p4(220) Condition "hdr.ipv4.isValid()" (node_6) is false
[15:27:57.182] [bmv2] [D] [thread 666413] [28.0] [cxt 0] Pipeline 'egress': end
[15:27:57.182] [bmv2] [D] [thread 666413] [28.0] [cxt 0] Deparser 'deparser': start
[15:27:57.182] [bmv2] [T] [thread 666413] [28.0] [cxt 0] Skipping checksum 'cksum' update because condition not met
[15:27:57.182] [bmv2] [D] [thread 666413] [28.0] [cxt 0] Deparsing header 'ethernet'
[15:27:57.182] [bmv2] [D] [thread 666413] [28.0] [cxt 0] Deparser 'deparser': end
[15:27:57.183] [bmv2] [D] [thread 666417] [28.0] [cxt 0] Transmitting packet of size 202 out of port 0
[15:27:57.342] [bmv2] [D] [thread 666412] [29.0] [cxt 0] Processing packet received on port 3
[15:27:57.342] [bmv2] [D] [thread 666412] [29.0] [cxt 0] Parser 'parser': start
[15:27:57.342] [bmv2] [D] [thread 666412] [29.0] [cxt 0] Parser 'parser' entering state 'start'
[15:27:57.342] [bmv2] [D] [thread 666412] [29.0] [cxt 0] Extracting header 'ethernet'
[15:27:57.342] [bmv2] [D] [thread 666412] [29.0] [cxt 0] Parser state 'start': key is 86dd
[15:27:57.343] [bmv2] [T] [thread 666412] [29.0] [cxt 0] Bytes parsed: 14
[15:27:57.343] [bmv2] [D] [thread 666412] [29.0] [cxt 0] Parser 'parser': end
[15:27:57.343] [bmv2] [D] [thread 666412] [29.0] [cxt 0] Pipeline 'ingress': start
[15:27:57.343] [bmv2] [T] [thread 666412] [29.0] [cxt 0] mri.p4(180) Condition "hdr.ipv4.isValid()" (node_2) is false
[15:27:57.343] [bmv2] [D] [thread 666412] [29.0] [cxt 0] Pipeline 'ingress': end
[15:27:57.343] [bmv2] [D] [thread 666412] [29.0] [cxt 0] Egress port is 0
[15:27:57.343] [bmv2] [D] [thread 666413] [29.0] [cxt 0] Pipeline 'egress': start
[15:27:57.343] [bmv2] [T] [thread 666413] [29.0] [cxt 0] mri.p4(220) Condition "hdr.ipv4.isValid()" (node_6) is false
[15:27:57.343] [bmv2] [D] [thread 666413] [29.0] [cxt 0] Pipeline 'egress': end
[15:27:57.343] [bmv2] [D] [thread 666413] [29.0] [cxt 0] Deparser 'deparser': start
[15:27:57.343] [bmv2] [T] [thread 666413] [29.0] [cxt 0] Skipping checksum 'cksum' update because condition not met
[15:27:57.343] [bmv2] [D] [thread 666413] [29.0] [cxt 0] Deparsing header 'ethernet'
[15:27:57.343] [bmv2] [D] [thread 666413] [29.0] [cxt 0] Deparser 'deparser': end
[15:27:57.343] [bmv2] [D] [thread 666417] [29.0] [cxt 0] Transmitting packet of size 202 out of port 0
[15:27:57.437] [bmv2] [D] [thread 666412] [30.0] [cxt 0] Processing packet received on port 3
[15:27:57.437] [bmv2] [D] [thread 666412] [30.0] [cxt 0] Parser 'parser': start
[15:27:57.437] [bmv2] [D] [thread 666412] [30.0] [cxt 0] Parser 'parser' entering state 'start'
[15:27:57.437] [bmv2] [D] [thread 666412] [30.0] [cxt 0] Extracting header 'ethernet'
[15:27:57.438] [bmv2] [D] [thread 666412] [30.0] [cxt 0] Parser state 'start': key is 86dd
[15:27:57.438] [bmv2] [T] [thread 666412] [30.0] [cxt 0] Bytes parsed: 14
[15:27:57.438] [bmv2] [D] [thread 666412] [30.0] [cxt 0] Parser 'parser': end
[15:27:57.438] [bmv2] [D] [thread 666412] [30.0] [cxt 0] Pipeline 'ingress': start
[15:27:57.438] [bmv2] [T] [thread 666412] [30.0] [cxt 0] mri.p4(180) Condition "hdr.ipv4.isValid()" (node_2) is false
[15:27:57.438] [bmv2] [D] [thread 666412] [30.0] [cxt 0] Pipeline 'ingress': end
[15:27:57.438] [bmv2] [D] [thread 666412] [30.0] [cxt 0] Egress port is 0
[15:27:57.438] [bmv2] [D] [thread 666413] [30.0] [cxt 0] Pipeline 'egress': start
[15:27:57.438] [bmv2] [T] [thread 666413] [30.0] [cxt 0] mri.p4(220) Condition "hdr.ipv4.isValid()" (node_6) is false
[15:27:57.438] [bmv2] [D] [thread 666413] [30.0] [cxt 0] Pipeline 'egress': end
[15:27:57.438] [bmv2] [D] [thread 666413] [30.0] [cxt 0] Deparser 'deparser': start
[15:27:57.438] [bmv2] [T] [thread 666413] [30.0] [cxt 0] Skipping checksum 'cksum' update because condition not met
[15:27:57.438] [bmv2] [D] [thread 666413] [30.0] [cxt 0] Deparsing header 'ethernet'
[15:27:57.438] [bmv2] [D] [thread 666413] [30.0] [cxt 0] Deparser 'deparser': end
[15:27:57.438] [bmv2] [D] [thread 666417] [30.0] [cxt 0] Transmitting packet of size 202 out of port 0
